#
# A fatal error has been detected by the Java Runtime Environment:
#
#  EXCEPTION_ACCESS_VIOLATION (0xc0000005) at pc=0x00007ffd569672a6, pid=40264, tid=0x00000000000099c8
#
# JRE version: Java(TM) SE Runtime Environment (8.0_111-b14) (build 1.8.0_111-b14)
# Java VM: Java HotSpot(TM) 64-Bit Server VM (25.111-b14 mixed mode windows-amd64 compressed oops)
# Problematic frame:
# C  [ntdll.dll+0x72a6]
#
# Failed to write core dump. Minidumps are not enabled by default on client versions of Windows
#
# If you would like to submit a bug report, please visit:
#   http://bugreport.java.com/bugreport/crash.jsp
# The crash happened outside the Java Virtual Machine in native code.
# See problematic frame for where to report the bug.
#

---------------  T H R E A D  ---------------

Current thread (0x000000001f50c000):  JavaThread "Thread-2" [_thread_in_native, id=39368, stack(0x00000000213d0000,0x00000000214d0000)]

siginfo: ExceptionCode=0xc0000005, writing address 0x0000000000000024

Registers:
RAX=0x0000000000000000, RBX=0x000000001f77add8, RCX=0x000000001f77add8, RDX=0x00000000fffffffa
RSP=0x00000000214cf170, RBP=0x00007ffcf068e600, RSI=0x0000000000000000, RDI=0x0000000000000000
R8 =0x0000000000000000, R9 =0x000000001f77ad00, R10=0x0000000000000000, R11=0x0000000000000246
R12=0x0000000000000000, R13=0x000000000094e000, R14=0x0000000000000001, R15=0x0000000000000000
RIP=0x00007ffd569672a6, EFLAGS=0x0000000000010213

Top of Stack: (sp=0x00000000214cf170)
0x00000000214cf170:   ffffffffffffffff 000000001f77add8
0x00000000214cf180:   000000001c028408 0000000000000000
0x00000000214cf190:   00000000214cf1a8 00000000214cf1f0
0x00000000214cf1a0:   00000000214cf248 0000000002ee0d5c
0x00000000214cf1b0:   00000000214cf100 00000000fffffffa
0x00000000214cf1c0:   000000000094e000 000000001c02a280
0x00000000214cf1d0:   0000000000000000 000000001c028ff0
0x00000000214cf1e0:   00000000214cf248 00000000214cf1e8
0x00000000214cf1f0:   000000001c02d788 00000000214cf238
0x00000000214cf200:   0000a914f4f85df0 0000000000000000
0x00000000214cf210:   000000001f50c000 0000000000000001
0x00000000214cf220:   0000000000000001 0000000000000001
0x00000000214cf230:   0000000000000000 000000001f77add8
0x00000000214cf240:   00007ffcf068e600 00007ffd5697b576
0x00000000214cf250:   00000000214cf290 000000001c02a348
0x00000000214cf260:   00000000fffffffa ffffffffff676980 

Instructions: (pc=0x00007ffd569672a6)
0x00007ffd56967286:   48 39 73 18 0f 84 d1 00 00 00 48 8b 03 48 83 f8
0x00007ffd56967296:   ff 0f 84 d1 00 00 00 44 8b fe 48 83 f8 ff 74 03
0x00007ffd569672a6:   ff 40 24 4c 8b 73 18 4c 8d 2d 44 82 15 00 bd 22
0x00007ffd569672b6:   17 00 00 e8 82 89 03 00 85 c0 0f 85 de 0b 0a 00 


Register to memory mapping:

RAX=0x0000000000000000 is an unknown value
RBX=0x000000001f77add8 is an unknown value
RCX=0x000000001f77add8 is an unknown value
RDX=0x00000000fffffffa is an unknown value
RSP=0x00000000214cf170 is pointing into the stack for thread: 0x000000001f50c000
RBP=0x00007ffcf068e600 is an unknown value
RSI=0x0000000000000000 is an unknown value
RDI=0x0000000000000000 is an unknown value
R8 =0x0000000000000000 is an unknown value
R9 =0x000000001f77ad00 is an unknown value
R10=0x0000000000000000 is an unknown value
R11=0x0000000000000246 is an unknown value
R12=0x0000000000000000 is an unknown value
R13=0x000000000094e000 is an unknown value
R14=0x0000000000000001 is an unknown value
R15=0x0000000000000000 is an unknown value


Stack: [0x00000000213d0000,0x00000000214d0000],  sp=0x00000000214cf170,  free space=1020k
Native frames: (J=compiled Java code, j=interpreted, Vv=VM code, C=native code)
C  [ntdll.dll+0x72a6]
C  [ntdll.dll+0x1b576]
C  [ntdll.dll+0x1b3c0]
C  [opencv_highgui248.dll+0x15963]
C  [opencv_highgui248.dll+0x16946]
C  [opencv_highgui248.dll+0x10b2]
C  [jniopencv_highgui.dll+0x75d9]
C  0x0000000002b37f74

Java frames: (J=compiled Java code, j=interpreted, Vv=VM code)
j  com.googlecode.javacv.cpp.opencv_highgui.cvQueryFrame(Lcom/googlecode/javacv/cpp/opencv_highgui$CvCapture;)Lcom/googlecode/javacv/cpp/opencv_core$IplImage;+0
j  screens.StartProgram$2.run()V+127
v  ~StubRoutines::call_stub

---------------  P R O C E S S  ---------------

Java Threads: ( => current thread )
  0x000000001f7dc800 JavaThread "AWT-EventQueue-0" [_thread_blocked, id=19948, stack(0x0000000020c90000,0x0000000020d90000)]
  0x000000001f7db000 JavaThread "AWT-Shutdown" [_thread_blocked, id=35388, stack(0x000000001fce0000,0x000000001fde0000)]
  0x000000001f5be000 JavaThread "mysql-cj-abandoned-connection-cleanup" daemon [_thread_blocked, id=40664, stack(0x00000000215d0000,0x00000000216d0000)]
=>0x000000001f50c000 JavaThread "Thread-2" [_thread_in_native, id=39368, stack(0x00000000213d0000,0x00000000214d0000)]
  0x0000000002a1d800 JavaThread "DestroyJavaVM" [_thread_blocked, id=40568, stack(0x0000000002900000,0x0000000002a00000)]
  0x000000001f48f800 JavaThread "AWT-Windows" daemon [_thread_in_native, id=38116, stack(0x000000001fde0000,0x000000001fee0000)]
  0x000000001f48b000 JavaThread "Java2D Disposer" daemon [_thread_blocked, id=37120, stack(0x000000001fbe0000,0x000000001fce0000)]
  0x000000001e53d800 JavaThread "Service Thread" daemon [_thread_blocked, id=39156, stack(0x000000001f080000,0x000000001f180000)]
  0x000000001e4a8000 JavaThread "C1 CompilerThread3" daemon [_thread_blocked, id=34776, stack(0x000000001ef80000,0x000000001f080000)]
  0x000000001e4a1800 JavaThread "C2 CompilerThread2" daemon [_thread_blocked, id=6772, stack(0x000000001ee80000,0x000000001ef80000)]
  0x000000001e49f800 JavaThread "C2 CompilerThread1" daemon [_thread_blocked, id=35148, stack(0x000000001ed80000,0x000000001ee80000)]
  0x000000001e498000 JavaThread "C2 CompilerThread0" daemon [_thread_blocked, id=33628, stack(0x000000001ec80000,0x000000001ed80000)]
  0x000000001e497000 JavaThread "Attach Listener" daemon [_thread_blocked, id=40332, stack(0x000000001eb80000,0x000000001ec80000)]
  0x000000001e496000 JavaThread "Signal Dispatcher" daemon [_thread_blocked, id=38996, stack(0x000000001ea80000,0x000000001eb80000)]
  0x0000000002b1e000 JavaThread "Finalizer" daemon [_thread_blocked, id=36260, stack(0x000000001e870000,0x000000001e970000)]
  0x0000000002b15000 JavaThread "Reference Handler" daemon [_thread_blocked, id=38096, stack(0x000000001e370000,0x000000001e470000)]

Other Threads:
  0x000000001c589800 VMThread [stack: 0x000000001e270000,0x000000001e370000] [id=38888]
  0x000000001e568800 WatcherThread [stack: 0x000000001f2e0000,0x000000001f3e0000] [id=40140]

VM state:not at safepoint (normal execution)

VM Mutex/Monitor currently owned by a thread: None

Heap:
 PSYoungGen      total 76288K, used 10065K [0x000000076b400000, 0x0000000770900000, 0x00000007c0000000)
  eden space 65536K, 5% used [0x000000076b400000,0x000000076b74a4d0,0x000000076f400000)
  from space 10752K, 62% used [0x000000076fe80000,0x000000077050a150,0x0000000770900000)
  to   space 10752K, 0% used [0x000000076f400000,0x000000076f400000,0x000000076fe80000)
 ParOldGen       total 175104K, used 3182K [0x00000006c1c00000, 0x00000006cc700000, 0x000000076b400000)
  object space 175104K, 1% used [0x00000006c1c00000,0x00000006c1f1ba68,0x00000006cc700000)
 Metaspace       used 17029K, capacity 17330K, committed 17664K, reserved 1064960K
  class space    used 2105K, capacity 2185K, committed 2304K, reserved 1048576K

Card table byte_map: [0x0000000011ee0000,0x00000000126e0000] byte_map_base: 0x000000000e8d2000

Marking Bits: (ParMarkBitMap*) 0x000000007344a6c0
 Begin Bits: [0x0000000013430000, 0x00000000173c0000)
 End Bits:   [0x00000000173c0000, 0x000000001b350000)

Polling page: 0x0000000000bf0000

CodeCache: size=245760Kb used=4112Kb max_used=4112Kb free=241647Kb
 bounds [0x0000000002b20000, 0x0000000002f30000, 0x0000000011b20000]
 total_blobs=1760 nmethods=1172 adapters=501
 compilation: enabled

Compilation events (10 events):
Event: 5.160 Thread 0x000000001e4a8000 1168       3       sun.java2d.loops.Blit::getFromCache (132 bytes)
Event: 5.161 Thread 0x000000001e4a8000 nmethod 1168 0x0000000002f1fe50 code [0x0000000002f20280, 0x0000000002f22c58]
Event: 5.191 Thread 0x000000001e4a8000 1169       3       java.awt.Image::getAccelerationPriority (5 bytes)
Event: 5.191 Thread 0x000000001e4a8000 nmethod 1169 0x0000000002f240d0 code [0x0000000002f24220, 0x0000000002f24370]
Event: 5.192 Thread 0x000000001e4a8000 1170       3       sun.java2d.pipe.DrawImage::isSimpleTranslate (31 bytes)
Event: 5.192 Thread 0x000000001e4a8000 nmethod 1170 0x0000000002f243d0 code [0x0000000002f24540, 0x0000000002f24770]
Event: 5.192 Thread 0x000000001e4a8000 1171       3       sun.java2d.SurfaceData::getSourceSurfaceData (110 bytes)
Event: 5.192 Thread 0x000000001e4a8000 nmethod 1171 0x0000000002f24810 code [0x0000000002f24a00, 0x0000000002f25618]
Event: 5.367 Thread 0x000000001e4a8000 1172       1       sun.awt.image.BufImgVolatileSurfaceManager::isAccelerationEnabled (2 bytes)
Event: 5.368 Thread 0x000000001e4a8000 nmethod 1172 0x0000000002f25a50 code [0x0000000002f25ba0, 0x0000000002f25cb0]

GC Heap History (4 events):
Event: 3.189 GC heap before
{Heap before GC invocations=1 (full 0):
 PSYoungGen      total 76288K, used 65016K [0x000000076b400000, 0x0000000770900000, 0x00000007c0000000)
  eden space 65536K, 99% used [0x000000076b400000,0x000000076f37e190,0x000000076f400000)
  from space 10752K, 0% used [0x000000076fe80000,0x000000076fe80000,0x0000000770900000)
  to   space 10752K, 0% used [0x000000076f400000,0x000000076f400000,0x000000076fe80000)
 ParOldGen       total 175104K, used 0K [0x00000006c1c00000, 0x00000006cc700000, 0x000000076b400000)
  object space 175104K, 0% used [0x00000006c1c00000,0x00000006c1c00000,0x00000006cc700000)
 Metaspace       used 16927K, capacity 17262K, committed 17664K, reserved 1064960K
  class space    used 2103K, capacity 2185K, committed 2304K, reserved 1048576K
Event: 3.195 GC heap after
Heap after GC invocations=1 (full 0):
 PSYoungGen      total 76288K, used 10720K [0x000000076b400000, 0x0000000770900000, 0x00000007c0000000)
  eden space 65536K, 0% used [0x000000076b400000,0x000000076b400000,0x000000076f400000)
  from space 10752K, 99% used [0x000000076f400000,0x000000076fe781a0,0x000000076fe80000)
  to   space 10752K, 0% used [0x000000076fe80000,0x000000076fe80000,0x0000000770900000)
 ParOldGen       total 175104K, used 3174K [0x00000006c1c00000, 0x00000006cc700000, 0x000000076b400000)
  object space 175104K, 1% used [0x00000006c1c00000,0x00000006c1f19a68,0x00000006cc700000)
 Metaspace       used 16927K, capacity 17262K, committed 17664K, reserved 1064960K
  class space    used 2103K, capacity 2185K, committed 2304K, reserved 1048576K
}
Event: 5.429 GC heap before
{Heap before GC invocations=2 (full 0):
 PSYoungGen      total 76288K, used 75860K [0x000000076b400000, 0x0000000770900000, 0x00000007c0000000)
  eden space 65536K, 99% used [0x000000076b400000,0x000000076f39d200,0x000000076f400000)
  from space 10752K, 99% used [0x000000076f400000,0x000000076fe781a0,0x000000076fe80000)
  to   space 10752K, 0% used [0x000000076fe80000,0x000000076fe80000,0x0000000770900000)
 ParOldGen       total 175104K, used 3174K [0x00000006c1c00000, 0x00000006cc700000, 0x000000076b400000)
  object space 175104K, 1% used [0x00000006c1c00000,0x00000006c1f19a68,0x00000006cc700000)
 Metaspace       used 17029K, capacity 17330K, committed 17664K, reserved 1064960K
  class space    used 2105K, capacity 2185K, committed 2304K, reserved 1048576K
Event: 5.433 GC heap after
Heap after GC invocations=2 (full 0):
 PSYoungGen      total 76288K, used 6696K [0x000000076b400000, 0x0000000770900000, 0x00000007c0000000)
  eden space 65536K, 0% used [0x000000076b400000,0x000000076b400000,0x000000076f400000)
  from space 10752K, 62% used [0x000000076fe80000,0x000000077050a150,0x0000000770900000)
  to   space 10752K, 0% used [0x000000076f400000,0x000000076f400000,0x000000076fe80000)
 ParOldGen       total 175104K, used 3182K [0x00000006c1c00000, 0x00000006cc700000, 0x000000076b400000)
  object space 175104K, 1% used [0x00000006c1c00000,0x00000006c1f1ba68,0x00000006cc700000)
 Metaspace       used 17029K, capacity 17330K, committed 17664K, reserved 1064960K
  class space    used 2105K, capacity 2185K, committed 2304K, reserved 1048576K
}

Deoptimization events (10 events):
Event: 0.715 Thread 0x000000001f50c000 Uncommon trap: reason=class_check action=maybe_recompile pc=0x0000000002d93f00 method=java.util.HashMap.putVal(ILjava/lang/Object;Ljava/lang/Object;ZZ)Ljava/lang/Object; @ 253
Event: 1.992 Thread 0x000000001f50c000 Uncommon trap: reason=unstable_if action=reinterpret pc=0x0000000002e5f014 method=com.googlecode.javacv.cpp.opencv_core$IplImage.flipCopyWithGamma(Ljava/nio/ByteBuffer;ILjava/nio/ByteBuffer;IZDZI)V @ 50
Event: 3.014 Thread 0x000000001f7dc800 Uncommon trap: reason=unstable_if action=reinterpret pc=0x0000000002dc71a0 method=java.util.zip.ZipCoder.encoder()Ljava/nio/charset/CharsetEncoder; @ 4
Event: 3.033 Thread 0x000000001f7dc800 Uncommon trap: reason=class_check action=maybe_recompile pc=0x0000000002ddd754 method=java.io.FilterInputStream.read([BII)I @ 7
Event: 3.041 Thread 0x000000001f7dc800 Uncommon trap: reason=class_check action=maybe_recompile pc=0x0000000002ddd754 method=java.io.FilterInputStream.read([BII)I @ 7
Event: 3.113 Thread 0x000000001f7dc800 Uncommon trap: reason=unstable_if action=reinterpret pc=0x0000000002dc337c method=java.util.HashMap.putVal(ILjava/lang/Object;Ljava/lang/Object;ZZ)Ljava/lang/Object; @ 109
Event: 3.115 Thread 0x000000001f7dc800 Uncommon trap: reason=unstable_if action=reinterpret pc=0x0000000002e4de94 method=java.awt.MultipleGradientPaintContext.indexIntoGradientsArrays(F)I @ 93
Event: 4.076 Thread 0x000000001f7dc800 Uncommon trap: reason=class_check action=maybe_recompile pc=0x0000000002cac510 method=java.lang.String.equals(Ljava/lang/Object;)Z @ 8
Event: 4.076 Thread 0x000000001f7dc800 Uncommon trap: reason=class_check action=maybe_recompile pc=0x0000000002cac510 method=java.lang.String.equals(Ljava/lang/Object;)Z @ 8
Event: 4.076 Thread 0x000000001f7dc800 Uncommon trap: reason=class_check action=maybe_recompile pc=0x0000000002cac510 method=java.lang.String.equals(Ljava/lang/Object;)Z @ 8

Internal exceptions (10 events):
Event: 0.250 Thread 0x0000000002a1d800 Exception <a 'java/lang/ClassNotFoundException': javax/swing/JToolBarSeparator> (0x000000076b96d598) thrown at [C:\re\workspace\8-2-build-windows-amd64-cygwin\jdk8u111\7883\hotspot\src\share\vm\classfile\systemDictionary.cpp, line 210]
Event: 0.250 Thread 0x0000000002a1d800 Exception <a 'java/lang/ClassNotFoundException': ToolBarSeparator> (0x000000076b96da30) thrown at [C:\re\workspace\8-2-build-windows-amd64-cygwin\jdk8u111\7883\hotspot\src\share\vm\classfile\systemDictionary.cpp, line 210]
Event: 0.251 Thread 0x0000000002a1d800 Exception <a 'java/lang/ClassNotFoundException': ToolTip> (0x000000076b96e170) thrown at [C:\re\workspace\8-2-build-windows-amd64-cygwin\jdk8u111\7883\hotspot\src\share\vm\classfile\systemDictionary.cpp, line 210]
Event: 0.252 Thread 0x0000000002a1d800 Exception <a 'java/lang/ClassNotFoundException': Tree> (0x000000076b96ed90) thrown at [C:\re\workspace\8-2-build-windows-amd64-cygwin\jdk8u111\7883\hotspot\src\share\vm\classfile\systemDictionary.cpp, line 210]
Event: 0.252 Thread 0x0000000002a1d800 Exception <a 'java/lang/ClassNotFoundException': Tree> (0x000000076b96f4d0) thrown at [C:\re\workspace\8-2-build-windows-amd64-cygwin\jdk8u111\7883\hotspot\src\share\vm\classfile\systemDictionary.cpp, line 210]
Event: 0.252 Thread 0x0000000002a1d800 Exception <a 'java/lang/ClassNotFoundException': javax/swing/JTreeCell> (0x000000076b96f850) thrown at [C:\re\workspace\8-2-build-windows-amd64-cygwin\jdk8u111\7883\hotspot\src\share\vm\classfile\systemDictionary.cpp, line 210]
Event: 0.252 Thread 0x0000000002a1d800 Exception <a 'java/lang/ClassNotFoundException': TreeCell> (0x000000076b96fcd8) thrown at [C:\re\workspace\8-2-build-windows-amd64-cygwin\jdk8u111\7883\hotspot\src\share\vm\classfile\systemDictionary.cpp, line 210]
Event: 0.252 Thread 0x0000000002a1d800 Exception <a 'java/lang/ClassNotFoundException': RootPane> (0x000000076b970738) thrown at [C:\re\workspace\8-2-build-windows-amd64-cygwin\jdk8u111\7883\hotspot\src\share\vm\classfile\systemDictionary.cpp, line 210]
Event: 0.702 Thread 0x000000001f50c000 Implicit null exception at 0x0000000002d7bee5 to 0x0000000002d7c641
Event: 3.014 Thread 0x000000001f7dc800 Implicit null exception at 0x0000000002dc62ed to 0x0000000002dc7179

Events (10 events):
Event: 4.076 Thread 0x000000001f7dc800 DEOPT UNPACKING pc=0x0000000002b6582a sp=0x0000000020d89710 mode 2
Event: 4.077 loading class java/awt/KeyboardFocusManager$2
Event: 4.077 loading class java/awt/KeyboardFocusManager$2 done
Event: 4.077 loading class sun/awt/SunToolkit$1
Event: 4.077 loading class sun/awt/SunToolkit$1 done
Event: 4.124 Executing VM operation: EnableBiasedLocking
Event: 4.124 Executing VM operation: EnableBiasedLocking done
Event: 5.429 Executing VM operation: ParallelGCFailedAllocation
Event: 5.433 Executing VM operation: ParallelGCFailedAllocation done
Event: 5.445 Thread 0x000000001f51e800 Thread exited: 0x000000001f51e800


Dynamic libraries:
0x00007ff671970000 - 0x00007ff6719a7000 	C:\Program Files\Java\jdk1.8.0_111\bin\java.exe
0x00007ffd56960000 - 0x00007ffd56b50000 	C:\WINDOWS\SYSTEM32\ntdll.dll
0x00007ffd54fc0000 - 0x00007ffd55072000 	C:\WINDOWS\System32\KERNEL32.DLL
0x00007ffd54640000 - 0x00007ffd548e5000 	C:\WINDOWS\System32\KERNELBASE.dll
0x00007ffd54e70000 - 0x00007ffd54f13000 	C:\WINDOWS\System32\ADVAPI32.dll
0x00007ffd564c0000 - 0x00007ffd5655e000 	C:\WINDOWS\System32\msvcrt.dll
0x00007ffd54f20000 - 0x00007ffd54fb7000 	C:\WINDOWS\System32\sechost.dll
0x00007ffd55100000 - 0x00007ffd55220000 	C:\WINDOWS\System32\RPCRT4.dll
0x00007ffd559d0000 - 0x00007ffd55b64000 	C:\WINDOWS\System32\USER32.dll
0x00007ffd53950000 - 0x00007ffd53971000 	C:\WINDOWS\System32\win32u.dll
0x00007ffd55b70000 - 0x00007ffd55b96000 	C:\WINDOWS\System32\GDI32.dll
0x00007ffd54480000 - 0x00007ffd54616000 	C:\WINDOWS\System32\gdi32full.dll
0x00007ffd548f0000 - 0x00007ffd5498e000 	C:\WINDOWS\System32\msvcp_win.dll
0x00007ffd54330000 - 0x00007ffd5442a000 	C:\WINDOWS\System32\ucrtbase.dll
0x00007ffd3fdc0000 - 0x00007ffd40044000 	C:\WINDOWS\WinSxS\amd64_microsoft.windows.common-controls_6595b64144ccf1df_6.0.18362.1139_none_9e7bf2d3e4605ac6\COMCTL32.dll
0x00007ffd56560000 - 0x00007ffd56895000 	C:\WINDOWS\System32\combase.dll
0x00007ffd54990000 - 0x00007ffd54a10000 	C:\WINDOWS\System32\bcryptPrimitives.dll
0x00007ffd54e40000 - 0x00007ffd54e6e000 	C:\WINDOWS\System32\IMM32.DLL
0x00000000740f0000 - 0x00000000741c2000 	C:\Program Files\Java\jdk1.8.0_111\jre\bin\msvcr100.dll
0x0000000072c30000 - 0x00000000734ca000 	C:\Program Files\Java\jdk1.8.0_111\jre\bin\server\jvm.dll
0x00007ffd55220000 - 0x00007ffd55228000 	C:\WINDOWS\System32\PSAPI.DLL
0x00007ffd4bcd0000 - 0x00007ffd4bcda000 	C:\WINDOWS\SYSTEM32\VERSION.dll
0x00007ffd506d0000 - 0x00007ffd506f4000 	C:\WINDOWS\SYSTEM32\WINMM.dll
0x00007ffd42780000 - 0x00007ffd42789000 	C:\WINDOWS\SYSTEM32\WSOCK32.dll
0x00007ffd55080000 - 0x00007ffd550ef000 	C:\WINDOWS\System32\WS2_32.dll
0x00007ffd506a0000 - 0x00007ffd506cd000 	C:\WINDOWS\SYSTEM32\winmmbase.dll
0x00007ffd54430000 - 0x00007ffd5447a000 	C:\WINDOWS\System32\cfgmgr32.dll
0x00000000740a0000 - 0x00000000740af000 	C:\Program Files\Java\jdk1.8.0_111\jre\bin\verify.dll
0x0000000074070000 - 0x0000000074099000 	C:\Program Files\Java\jdk1.8.0_111\jre\bin\java.dll
0x0000000074050000 - 0x0000000074066000 	C:\Program Files\Java\jdk1.8.0_111\jre\bin\zip.dll
0x00007ffd55dd0000 - 0x00007ffd564b7000 	C:\WINDOWS\System32\SHELL32.dll
0x00007ffd54ae0000 - 0x00007ffd54b89000 	C:\WINDOWS\System32\shcore.dll
0x00007ffd53bb0000 - 0x00007ffd54330000 	C:\WINDOWS\System32\windows.storage.dll
0x00007ffd53830000 - 0x00007ffd53853000 	C:\WINDOWS\System32\profapi.dll
0x00007ffd53880000 - 0x00007ffd538ca000 	C:\WINDOWS\System32\powrprof.dll
0x00007ffd53820000 - 0x00007ffd53830000 	C:\WINDOWS\System32\UMPDC.dll
0x00007ffd54ce0000 - 0x00007ffd54d32000 	C:\WINDOWS\System32\shlwapi.dll
0x00007ffd538d0000 - 0x00007ffd538e1000 	C:\WINDOWS\System32\kernel.appcore.dll
0x00007ffd54620000 - 0x00007ffd54637000 	C:\WINDOWS\System32\cryptsp.dll
0x0000000072730000 - 0x00000000728c8000 	C:\Program Files\Java\jdk1.8.0_111\jre\bin\awt.dll
0x00007ffd55230000 - 0x00007ffd552f5000 	C:\WINDOWS\System32\OLEAUT32.dll
0x00007ffd507d0000 - 0x00007ffd5085f000 	C:\WINDOWS\SYSTEM32\apphelp.dll
0x00007ffd508c0000 - 0x00007ffd50959000 	C:\WINDOWS\system32\uxtheme.dll
0x00007ffd54ba0000 - 0x00007ffd54cd5000 	C:\WINDOWS\System32\MSCTF.dll
0x00007ffd55c70000 - 0x00007ffd55dc7000 	C:\WINDOWS\System32\ole32.dll
0x00007ffd51260000 - 0x00007ffd5128d000 	C:\WINDOWS\system32\DWMAPI.DLL
0x00000000726e0000 - 0x0000000072727000 	C:\Program Files\Java\jdk1.8.0_111\jre\bin\fontmanager.dll
0x00007ffd33570000 - 0x00007ffd3360e000 	C:\WINDOWS\System32\TextInputFramework.dll
0x00007ffd4c580000 - 0x00007ffd4c8aa000 	C:\WINDOWS\System32\CoreUIComponents.dll
0x00007ffd4fc50000 - 0x00007ffd4fd24000 	C:\WINDOWS\System32\CoreMessaging.dll
0x00007ffd52860000 - 0x00007ffd52891000 	C:\WINDOWS\SYSTEM32\ntmarta.dll
0x00007ffd4f1b0000 - 0x00007ffd4f303000 	C:\WINDOWS\SYSTEM32\wintypes.dll
0x0000000074030000 - 0x000000007404a000 	C:\Program Files\Java\jdk1.8.0_111\jre\bin\net.dll
0x00007ffd53010000 - 0x00007ffd53077000 	C:\WINDOWS\system32\mswsock.dll
0x00007ffd52d60000 - 0x00007ffd52e2b000 	C:\WINDOWS\SYSTEM32\DNSAPI.dll
0x00007ffd550f0000 - 0x00007ffd550f8000 	C:\WINDOWS\System32\NSI.dll
0x00007ffd52d20000 - 0x00007ffd52d5a000 	C:\WINDOWS\SYSTEM32\IPHLPAPI.DLL
0x00007ffd48ae0000 - 0x00007ffd48aea000 	C:\Windows\System32\rasadhlp.dll
0x00007ffd4c500000 - 0x00007ffd4c577000 	C:\WINDOWS\System32\fwpuclnt.dll
0x00007ffd53a30000 - 0x00007ffd53a56000 	C:\WINDOWS\System32\bcrypt.dll
0x0000000072480000 - 0x0000000072551000 	C:\Users\willi_bg\AppData\Local\Temp\javacpp17775158355100\msvcr100.dll
0x00000000723e0000 - 0x0000000072478000 	C:\Users\willi_bg\AppData\Local\Temp\javacpp17775158355100\msvcp100.dll
0x0000000066840000 - 0x00000000676b4000 	C:\Users\willi_bg\AppData\Local\Temp\javacpp17775158355100\opencv_ffmpeg248_64.dll
0x00007ffcf6960000 - 0x00007ffcf6bd2000 	C:\Users\willi_bg\AppData\Local\Temp\javacpp17775158355100\opencv_core248.dll
0x00007ffcf2840000 - 0x00007ffcf2af2000 	C:\Users\willi_bg\AppData\Local\Temp\javacpp17775158355100\opencv_imgproc248.dll
0x00007ffcf0460000 - 0x00007ffcf06ad000 	C:\Users\willi_bg\AppData\Local\Temp\javacpp17775158355100\opencv_highgui248.dll
0x00007ffd4ed60000 - 0x00007ffd4ed80000 	C:\WINDOWS\SYSTEM32\AVIFIL32.dll
0x00007ffd48cd0000 - 0x00007ffd48cf9000 	C:\WINDOWS\SYSTEM32\MSVFW32.dll
0x00007ffd4c8b0000 - 0x00007ffd4c8c8000 	C:\WINDOWS\SYSTEM32\AVICAP32.dll
0x00007ffd15c80000 - 0x00007ffd15c9c000 	C:\WINDOWS\SYSTEM32\MSACM32.dll
0x00007ffd48c90000 - 0x00007ffd48ca3000 	C:\Users\willi_bg\AppData\Local\Temp\javacpp17775158355100\jniopencv_highgui.dll
0x00007ffd55920000 - 0x00007ffd559c2000 	C:\WINDOWS\System32\clbcatq.dll
0x00007ffd48bc0000 - 0x00007ffd48bd8000 	C:\Windows\System32\devenum.dll
0x00007ffd55300000 - 0x00007ffd55770000 	C:\WINDOWS\System32\setupapi.dll
0x00007ffd535b0000 - 0x00007ffd535da000 	C:\WINDOWS\SYSTEM32\DEVOBJ.dll
0x00007ffd538f0000 - 0x00007ffd5394c000 	C:\WINDOWS\System32\WINTRUST.dll
0x00007ffd53860000 - 0x00007ffd53872000 	C:\WINDOWS\System32\MSASN1.dll
0x00007ffd53a60000 - 0x00007ffd53ba9000 	C:\WINDOWS\System32\CRYPT32.dll
0x00007ffd507b0000 - 0x00007ffd507bb000 	C:\WINDOWS\SYSTEM32\msdmo.dll
0x00007ffd45d10000 - 0x00007ffd45d44000 	C:\Windows\System32\qcap.dll
0x00007ffd14f50000 - 0x00007ffd15114000 	C:\Windows\System32\quartz.dll
0x00007ffd1fdd0000 - 0x00007ffd1fe1c000 	C:\Windows\System32\mfksproxy.dll
0x00007ffd381e0000 - 0x00007ffd381fc000 	C:\Windows\System32\ATL.DLL
0x00007ffd4e130000 - 0x00007ffd4e32a000 	C:\Windows\System32\MFPlat.DLL
0x00007ffd4e4d0000 - 0x00007ffd4e4ff000 	C:\Windows\System32\RTWorkQ.DLL
0x00007ffd1e960000 - 0x00007ffd1e9bc000 	C:\Windows\System32\MFSENSORGROUP.dll
0x00007ffd1fd80000 - 0x00007ffd1fdcd000 	C:\Windows\System32\ksproxy.ax
0x00007ffd50300000 - 0x00007ffd50309000 	C:\Windows\System32\ksuser.dll
0x00007ffd12d30000 - 0x00007ffd12ef7000 	C:\Windows\System32\d3d9.dll
0x00007ffd524e0000 - 0x00007ffd52500000 	C:\WINDOWS\SYSTEM32\dxcore.dll
0x00007ffd4dd90000 - 0x00007ffd4de18000 	C:\WINDOWS\SYSTEM32\policymanager.dll
0x00007ffd4f550000 - 0x00007ffd4f5da000 	C:\Windows\System32\msvcp110_win.dll
0x00007ffd50620000 - 0x00007ffd5062d000 	C:\Windows\System32\vidcap.ax
0x00007ffd45ce0000 - 0x00007ffd45d06000 	C:\Windows\System32\kswdmcap.ax
0x00007ffd13180000 - 0x00007ffd132e2000 	C:\Windows\System32\MFC42.dll
0x00007ffd07d10000 - 0x00007ffd07db1000 	C:\Windows\System32\qedit.dll
0x00007ffd55ba0000 - 0x00007ffd55c70000 	C:\WINDOWS\System32\COMDLG32.dll
0x00007ffd38ed0000 - 0x00007ffd39073000 	C:\WINDOWS\WinSxS\amd64_microsoft.windows.gdiplus_6595b64144ccf1df_1.1.18362.1139_none_cf66e5b93ef2d494\gdiplus.dll
0x00007ffd07c10000 - 0x00007ffd07d07000 	C:\Windows\System32\DDRAW.dll
0x00007ffd52500000 - 0x00007ffd525eb000 	C:\Windows\System32\dxgi.dll
0x00007ffd50560000 - 0x00007ffd50568000 	C:\Windows\System32\DCIMAN32.dll
0x00007ffd4d300000 - 0x00007ffd4d340000 	C:\Windows\System32\CapabilityAccessManagerClient.dll
0x00007ffd162e0000 - 0x00007ffd1637a000 	C:\Users\willi_bg\AppData\Local\Temp\javacpp17775158355100\jniopencv_core.dll
0x00000000725f0000 - 0x000000007261a000 	C:\Program Files\Java\jdk1.8.0_111\jre\bin\dcpr.dll
0x0000000074010000 - 0x0000000074021000 	C:\Program Files\Java\jdk1.8.0_111\jre\bin\nio.dll
0x0000000072690000 - 0x00000000726d2000 	C:\Program Files\Java\jdk1.8.0_111\jre\bin\t2k.dll
0x00007ffd44d50000 - 0x00007ffd44ff7000 	C:\WINDOWS\System32\iertutil.dll
0x00007ffd51e40000 - 0x00007ffd52034000 	C:\WINDOWS\SYSTEM32\dbghelp.dll

VM Arguments:
jvm_args: -Dfile.encoding=UTF-8 -Djava.library.path=C:\opencv310\build\java\x64 
java_command: screens.StartProgram
java_class_path (initial): D:\JavaCV\javacv-bin\javacpp.jar;D:\JavaCV\javacv-bin\javacv-windows-x86_64.jar;D:\JavaCV\javacv-bin\javacv.jar;D:\JavaCV\javacv-cppjars\ffmpeg-2.1.1-windows-x86_64.jar;D:\JavaCV\javacv-cppjars\opencv-2.4.8-windows-x86_64.jar;C:\Users\willi\Downloads\mysql-connector-java-8.0.18\mysql-connector-java-8.0.18.jar;D:\Programing\TirarFoto\build\classes
Launcher Type: SUN_STANDARD

Environment Variables:
PATH=C:\Program Files (x86)\Common Files\Intel\Shared Libraries\redist\intel64\compiler;C:\Program Files\ImageMagick-7.0.10-Q16;C:\Python38\Scripts\;C:\Python38\;C:\Program Files (x86)\Common Files\Oracle\Java\javapath;C:\ProgramData\Oracle\Java\javapath;C:\WINDOWS\system32;C:\WINDOWS;C:\WINDOWS\System32\Wbem;C:\WINDOWS\System32\WindowsPowerShell\v1.0\;C:\WINDOWS\System32\OpenSSH\;C:\Program Files (x86)\Microsoft SQL Server\150\DTS\Binn\;C:\Program Files\Microsoft SQL Server\Client SDK\ODBC\130\Tools\Binn\;C:\Program Files (x86)\Microsoft SQL Server\140\Tools\Binn\;C:\Program Files\Microsoft SQL Server\140\Tools\Binn\;C:\Program Files\Microsoft SQL Server\140\DTS\Binn\;C:\Program Files\dotnet\;C:\Program Files\Microsoft SQL Server\130\Tools\Binn\;C:\Program Files\Microsoft SQL Server\Client SDK\ODBC\170\Tools\Binn\;C:\Program Files\nodejs\;C:\ProgramData\chocolatey\bin;C:\Program Files (x86)\MySQL;C:\Program Files\MySQL;D:\JavaCV\opencv\build\x64\vc14\bin;C:\Users\willi_bg\AppData\Local\Microsoft\WindowsApps;C:\Users\willi_bg\AppData\Local\Programs\Git\cmd
USERNAME=willi_bg
OS=Windows_NT
PROCESSOR_IDENTIFIER=Intel64 Family 6 Model 58 Stepping 9, GenuineIntel



---------------  S Y S T E M  ---------------

OS: Windows 10.0 , 64 bit Build 18362 (10.0.18362.1110)

CPU:total 8 (4 cores per cpu, 2 threads per core) family 6 model 58 stepping 9, cmov, cx8, fxsr, mmx, sse, sse2, sse3, ssse3, sse4.1, sse4.2, popcnt, avx, aes, clmul, erms, ht, tsc, tscinvbit, tscinv

Memory: 4k page, physical 16661892k(8573912k free), swap 22166916k(12529952k free)

vm_info: Java HotSpot(TM) 64-Bit Server VM (25.111-b14) for windows-amd64 JRE (1.8.0_111-b14), built on Sep 22 2016 19:24:05 by "java_re" with MS VC++ 10.0 (VS2010)

time: Fri Oct 23 12:28:42 2020
elapsed time: 5 seconds (0d 0h 0m 5s)

