#
# A fatal error has been detected by the Java Runtime Environment:
#
#  EXCEPTION_ACCESS_VIOLATION (0xc0000005) at pc=0x00007ffcde1272a6, pid=13744, tid=0x0000000000003b74
#
# JRE version: Java(TM) SE Runtime Environment (8.0_111-b14) (build 1.8.0_111-b14)
# Java VM: Java HotSpot(TM) 64-Bit Server VM (25.111-b14 mixed mode windows-amd64 compressed oops)
# Problematic frame:
# C  [ntdll.dll+0x72a6]
#
# Failed to write core dump. Minidumps are not enabled by default on client versions of Windows
#
# If you would like to submit a bug report, please visit:
#   http://bugreport.java.com/bugreport/crash.jsp
# The crash happened outside the Java Virtual Machine in native code.
# See problematic frame for where to report the bug.
#

---------------  T H R E A D  ---------------

Current thread (0x000000001f19c800):  JavaThread "Thread-2" [_thread_in_native, id=15220, stack(0x0000000020fe0000,0x00000000210e0000)]

siginfo: ExceptionCode=0xc0000005, writing address 0x0000000000000024

Registers:
RAX=0x0000000000000000, RBX=0x000000001f263248, RCX=0x000000001f263248, RDX=0x00000000fffffffa
RSP=0x00000000210deeb0, RBP=0x00007ffc7637e600, RSI=0x0000000000000000, RDI=0x0000000000000000
R8 =0x0000000000000000, R9 =0x000000001f263200, R10=0x0000000000000000, R11=0x0000000000000246
R12=0x0000000000000000, R13=0x0000000000536000, R14=0x0000000000000001, R15=0x0000000000000000
RIP=0x00007ffcde1272a6, EFLAGS=0x0000000000010213

Top of Stack: (sp=0x00000000210deeb0)
0x00000000210deeb0:   ffffffffffffffff 000000001f263248
0x00000000210deec0:   0000000000000000 000000001c01cf78
0x00000000210deed0:   00000000210def30 00000000028180e0
0x00000000210deee0:   00000000210def88 0000000002b70d1c
0x00000000210deef0:   00000000210dee00 00000000fffffffa
0x00000000210def00:   0000000000536000 000000001bcc6490
0x00000000210def10:   0000000000000000 000000001bcc5200
0x00000000210def20:   00000000210def88 000000000281835d
0x00000000210def30:   00000000210def88 000000000281835d
0x00000000210def40:   000031781e49e5d4 00000000210def48
0x00000000210def50:   000000001f19c800 0000000000000001
0x00000000210def60:   0000000000000001 0000000000000001
0x00000000210def70:   0000000000000000 000000001f263248
0x00000000210def80:   00007ffc7637e600 00007ffcde13b576
0x00000000210def90:   00000000210defd0 000000001bcc6558
0x00000000210defa0:   00000000fffffffa ffffffffff676980 

Instructions: (pc=0x00007ffcde1272a6)
0x00007ffcde127286:   48 39 73 18 0f 84 d1 00 00 00 48 8b 03 48 83 f8
0x00007ffcde127296:   ff 0f 84 d1 00 00 00 44 8b fe 48 83 f8 ff 74 03
0x00007ffcde1272a6:   ff 40 24 4c 8b 73 18 4c 8d 2d 44 82 15 00 bd 22
0x00007ffcde1272b6:   17 00 00 e8 82 89 03 00 85 c0 0f 85 de 0b 0a 00 


Register to memory mapping:

RAX=0x0000000000000000 is an unknown value
RBX=0x000000001f263248 is an unknown value
RCX=0x000000001f263248 is an unknown value
RDX=0x00000000fffffffa is an unknown value
RSP=0x00000000210deeb0 is pointing into the stack for thread: 0x000000001f19c800
RBP=0x00007ffc7637e600 is an unknown value
RSI=0x0000000000000000 is an unknown value
RDI=0x0000000000000000 is an unknown value
R8 =0x0000000000000000 is an unknown value
R9 =0x000000001f263200 is an unknown value
R10=0x0000000000000000 is an unknown value
R11=0x0000000000000246 is an unknown value
R12=0x0000000000000000 is an unknown value
R13=0x0000000000536000 is an unknown value
R14=0x0000000000000001 is an unknown value
R15=0x0000000000000000 is an unknown value


Stack: [0x0000000020fe0000,0x00000000210e0000],  sp=0x00000000210deeb0,  free space=1019k
Native frames: (J=compiled Java code, j=interpreted, Vv=VM code, C=native code)
C  [ntdll.dll+0x72a6]
C  [ntdll.dll+0x1b576]
C  [ntdll.dll+0x1b3c0]
C  [opencv_highgui248.dll+0x15963]
C  [opencv_highgui248.dll+0x16946]
C  [opencv_highgui248.dll+0x10b2]
C  [jniopencv_highgui.dll+0x75d9]
C  0x0000000002827f74

Java frames: (J=compiled Java code, j=interpreted, Vv=VM code)
j  com.googlecode.javacv.cpp.opencv_highgui.cvQueryFrame(Lcom/googlecode/javacv/cpp/opencv_highgui$CvCapture;)Lcom/googlecode/javacv/cpp/opencv_core$IplImage;+0
j  javacv_forms.Ajframe$2.run()V+127
v  ~StubRoutines::call_stub

---------------  P R O C E S S  ---------------

Java Threads: ( => current thread )
  0x000000001f3d6000 JavaThread "AWT-EventQueue-0" [_thread_blocked, id=18736, stack(0x00000000208a0000,0x00000000209a0000)]
  0x000000001f3d5800 JavaThread "AWT-Shutdown" [_thread_blocked, id=18272, stack(0x000000001f970000,0x000000001fa70000)]
=>0x000000001f19c800 JavaThread "Thread-2" [_thread_in_native, id=15220, stack(0x0000000020fe0000,0x00000000210e0000)]
  0x000000000280d800 JavaThread "DestroyJavaVM" [_thread_blocked, id=17876, stack(0x00000000024c0000,0x00000000025c0000)]
  0x000000001f117800 JavaThread "AWT-Windows" daemon [_thread_in_native, id=14728, stack(0x000000001fa70000,0x000000001fb70000)]
  0x000000001e479000 JavaThread "Java2D Disposer" daemon [_thread_blocked, id=10908, stack(0x000000001f870000,0x000000001f970000)]
  0x000000001e1c7800 JavaThread "Service Thread" daemon [_thread_blocked, id=17208, stack(0x000000001ed10000,0x000000001ee10000)]
  0x000000001e13a800 JavaThread "C1 CompilerThread3" daemon [_thread_blocked, id=16576, stack(0x000000001ec10000,0x000000001ed10000)]
  0x000000001e137800 JavaThread "C2 CompilerThread2" daemon [_thread_blocked, id=18336, stack(0x000000001eb10000,0x000000001ec10000)]
  0x000000001e12e800 JavaThread "C2 CompilerThread1" daemon [_thread_blocked, id=15968, stack(0x000000001ea10000,0x000000001eb10000)]
  0x000000001e129000 JavaThread "C2 CompilerThread0" daemon [_thread_blocked, id=11280, stack(0x000000001e910000,0x000000001ea10000)]
  0x000000001e128000 JavaThread "Attach Listener" daemon [_thread_blocked, id=700, stack(0x000000001e810000,0x000000001e910000)]
  0x000000001e127000 JavaThread "Signal Dispatcher" daemon [_thread_blocked, id=19564, stack(0x000000001e710000,0x000000001e810000)]
  0x000000000272d800 JavaThread "Finalizer" daemon [_thread_blocked, id=9020, stack(0x000000001e500000,0x000000001e600000)]
  0x0000000002724000 JavaThread "Reference Handler" daemon [_thread_blocked, id=18464, stack(0x000000001e000000,0x000000001e100000)]

Other Threads:
  0x000000001c229800 VMThread [stack: 0x000000001df00000,0x000000001e000000] [id=2264]
  0x000000001e1dc800 WatcherThread [stack: 0x000000001ef70000,0x000000001f070000] [id=19072]

VM state:not at safepoint (normal execution)

VM Mutex/Monitor currently owned by a thread: None

Heap:
 PSYoungGen      total 76288K, used 13461K [0x000000076b400000, 0x0000000770900000, 0x00000007c0000000)
  eden space 65536K, 4% used [0x000000076b400000,0x000000076b6aa3b0,0x000000076f400000)
  from space 10752K, 99% used [0x000000076fe80000,0x00000007708fb090,0x0000000770900000)
  to   space 10752K, 0% used [0x000000076f400000,0x000000076f400000,0x000000076fe80000)
 ParOldGen       total 175104K, used 1717K [0x00000006c1c00000, 0x00000006cc700000, 0x000000076b400000)
  object space 175104K, 0% used [0x00000006c1c00000,0x00000006c1dad650,0x00000006cc700000)
 Metaspace       used 13727K, capacity 13944K, committed 14208K, reserved 1060864K
  class space    used 1742K, capacity 1806K, committed 1920K, reserved 1048576K

Card table byte_map: [0x0000000011bd0000,0x00000000123d0000] byte_map_base: 0x000000000e5c2000

Marking Bits: (ParMarkBitMap*) 0x000000007302a6c0
 Begin Bits: [0x0000000013120000, 0x00000000170b0000)
 End Bits:   [0x00000000170b0000, 0x000000001b040000)

Polling page: 0x0000000000c50000

CodeCache: size=245760Kb used=3690Kb max_used=3690Kb free=242069Kb
 bounds [0x0000000002810000, 0x0000000002bb0000, 0x0000000011810000]
 total_blobs=1572 nmethods=1036 adapters=449
 compilation: enabled

Compilation events (10 events):
Event: 5.459 Thread 0x000000001e13a800 1032       3       java.awt.EventQueue::setCurrentEventAndMostRecentTime (8 bytes)
Event: 5.459 Thread 0x000000001e13a800 nmethod 1032 0x0000000002baaa10 code [0x0000000002baabe0, 0x0000000002bab218]
Event: 5.467 Thread 0x000000001e13a800 1033       3       sun.java2d.SunGraphics2D::setDevClip (45 bytes)
Event: 5.468 Thread 0x000000001e13a800 nmethod 1033 0x0000000002bab550 code [0x0000000002bab720, 0x0000000002bac0d8]
Event: 5.496 Thread 0x000000001e13a800 1034       1       java.awt.image.SampleModel::getHeight (5 bytes)
Event: 5.497 Thread 0x000000001e13a800 nmethod 1034 0x0000000002bac550 code [0x0000000002bac6a0, 0x0000000002bac7b0]
Event: 5.497 Thread 0x000000001e13a800 1035       1       java.awt.image.DataBuffer::getNumBanks (5 bytes)
Event: 5.497 Thread 0x000000001e13a800 nmethod 1035 0x0000000002bac810 code [0x0000000002bac960, 0x0000000002baca70]
Event: 5.528 Thread 0x000000001e13a800 1036       1       java.awt.image.DataBuffer::getDataType (5 bytes)
Event: 5.529 Thread 0x000000001e13a800 nmethod 1036 0x0000000002bacad0 code [0x0000000002bacc20, 0x0000000002bacd30]

GC Heap History (4 events):
Event: 3.384 GC heap before
{Heap before GC invocations=1 (full 0):
 PSYoungGen      total 76288K, used 64852K [0x000000076b400000, 0x0000000770900000, 0x00000007c0000000)
  eden space 65536K, 98% used [0x000000076b400000,0x000000076f355060,0x000000076f400000)
  from space 10752K, 0% used [0x000000076fe80000,0x000000076fe80000,0x0000000770900000)
  to   space 10752K, 0% used [0x000000076f400000,0x000000076f400000,0x000000076fe80000)
 ParOldGen       total 175104K, used 0K [0x00000006c1c00000, 0x00000006cc700000, 0x000000076b400000)
  object space 175104K, 0% used [0x00000006c1c00000,0x00000006c1c00000,0x00000006cc700000)
 Metaspace       used 13598K, capacity 13812K, committed 14208K, reserved 1060864K
  class space    used 1741K, capacity 1806K, committed 1920K, reserved 1048576K
Event: 3.389 GC heap after
Heap after GC invocations=1 (full 0):
 PSYoungGen      total 76288K, used 10691K [0x000000076b400000, 0x0000000770900000, 0x00000007c0000000)
  eden space 65536K, 0% used [0x000000076b400000,0x000000076b400000,0x000000076f400000)
  from space 10752K, 99% used [0x000000076f400000,0x000000076fe70e80,0x000000076fe80000)
  to   space 10752K, 0% used [0x000000076fe80000,0x000000076fe80000,0x0000000770900000)
 ParOldGen       total 175104K, used 16K [0x00000006c1c00000, 0x00000006cc700000, 0x000000076b400000)
  object space 175104K, 0% used [0x00000006c1c00000,0x00000006c1c04000,0x00000006cc700000)
 Metaspace       used 13598K, capacity 13812K, committed 14208K, reserved 1060864K
  class space    used 1741K, capacity 1806K, committed 1920K, reserved 1048576K
}
Event: 5.624 GC heap before
{Heap before GC invocations=2 (full 0):
 PSYoungGen      total 76288K, used 75845K [0x000000076b400000, 0x0000000770900000, 0x00000007c0000000)
  eden space 65536K, 99% used [0x000000076b400000,0x000000076f3a0748,0x000000076f400000)
  from space 10752K, 99% used [0x000000076f400000,0x000000076fe70e80,0x000000076fe80000)
  to   space 10752K, 0% used [0x000000076fe80000,0x000000076fe80000,0x0000000770900000)
 ParOldGen       total 175104K, used 16K [0x00000006c1c00000, 0x00000006cc700000, 0x000000076b400000)
  object space 175104K, 0% used [0x00000006c1c00000,0x00000006c1c04000,0x00000006cc700000)
 Metaspace       used 13727K, capacity 13944K, committed 14208K, reserved 1060864K
  class space    used 1742K, capacity 1806K, committed 1920K, reserved 1048576K
Event: 5.628 GC heap after
Heap after GC invocations=2 (full 0):
 PSYoungGen      total 76288K, used 10732K [0x000000076b400000, 0x0000000770900000, 0x00000007c0000000)
  eden space 65536K, 0% used [0x000000076b400000,0x000000076b400000,0x000000076f400000)
  from space 10752K, 99% used [0x000000076fe80000,0x00000007708fb090,0x0000000770900000)
  to   space 10752K, 0% used [0x000000076f400000,0x000000076f400000,0x000000076fe80000)
 ParOldGen       total 175104K, used 1717K [0x00000006c1c00000, 0x00000006cc700000, 0x000000076b400000)
  object space 175104K, 0% used [0x00000006c1c00000,0x00000006c1dad650,0x00000006cc700000)
 Metaspace       used 13727K, capacity 13944K, committed 14208K, reserved 1060864K
  class space    used 1742K, capacity 1806K, committed 1920K, reserved 1048576K
}

Deoptimization events (10 events):
Event: 0.450 Thread 0x000000001f19c800 Uncommon trap: reason=class_check action=maybe_recompile pc=0x0000000002a0b2ec method=java.util.HashMap.putVal(ILjava/lang/Object;Ljava/lang/Object;ZZ)Ljava/lang/Object; @ 253
Event: 0.450 Thread 0x000000001f19c800 Uncommon trap: reason=class_check action=maybe_recompile pc=0x0000000002a0b2ec method=java.util.HashMap.putVal(ILjava/lang/Object;Ljava/lang/Object;ZZ)Ljava/lang/Object; @ 253
Event: 0.450 Thread 0x000000001f19c800 Uncommon trap: reason=class_check action=maybe_recompile pc=0x0000000002a0b2ec method=java.util.HashMap.putVal(ILjava/lang/Object;Ljava/lang/Object;ZZ)Ljava/lang/Object; @ 253
Event: 1.798 Thread 0x000000001f19c800 Uncommon trap: reason=unstable_if action=reinterpret pc=0x0000000002ace154 method=com.googlecode.javacv.cpp.opencv_core$IplImage.flipCopyWithGamma(Ljava/nio/ByteBuffer;ILjava/nio/ByteBuffer;IZDZI)V @ 50
Event: 3.120 Thread 0x000000001f3d6000 Uncommon trap: reason=unstable_if action=reinterpret pc=0x0000000002a42070 method=java.util.HashMap.putVal(ILjava/lang/Object;Ljava/lang/Object;ZZ)Ljava/lang/Object; @ 109
Event: 3.120 Thread 0x000000001f3d6000 Uncommon trap: reason=unstable_if action=reinterpret pc=0x0000000002a114e0 method=java.util.HashMap.putVal(ILjava/lang/Object;Ljava/lang/Object;ZZ)Ljava/lang/Object; @ 109
Event: 3.121 Thread 0x000000001f3d6000 Uncommon trap: reason=unstable_if action=reinterpret pc=0x0000000002ab9414 method=java.awt.MultipleGradientPaintContext.indexIntoGradientsArrays(F)I @ 93
Event: 4.332 Thread 0x000000001f3d6000 Uncommon trap: reason=class_check action=maybe_recompile pc=0x00000000029938d8 method=java.lang.String.equals(Ljava/lang/Object;)Z @ 8
Event: 4.332 Thread 0x000000001f3d6000 Uncommon trap: reason=class_check action=maybe_recompile pc=0x00000000029938d8 method=java.lang.String.equals(Ljava/lang/Object;)Z @ 8
Event: 4.332 Thread 0x000000001f3d6000 Uncommon trap: reason=class_check action=maybe_recompile pc=0x00000000029938d8 method=java.lang.String.equals(Ljava/lang/Object;)Z @ 8

Internal exceptions (10 events):
Event: 0.250 Thread 0x000000000280d800 Exception <a 'java/lang/ClassNotFoundException': ToolBar> (0x000000076b9611a0) thrown at [C:\re\workspace\8-2-build-windows-amd64-cygwin\jdk8u111\7883\hotspot\src\share\vm\classfile\systemDictionary.cpp, line 210]
Event: 0.250 Thread 0x000000000280d800 Exception <a 'java/lang/ClassNotFoundException': ToggleButton> (0x000000076b961750) thrown at [C:\re\workspace\8-2-build-windows-amd64-cygwin\jdk8u111\7883\hotspot\src\share\vm\classfile\systemDictionary.cpp, line 210]
Event: 0.250 Thread 0x000000000280d800 Exception <a 'java/lang/ClassNotFoundException': javax/swing/JToolBarSeparator> (0x000000076b961bb0) thrown at [C:\re\workspace\8-2-build-windows-amd64-cygwin\jdk8u111\7883\hotspot\src\share\vm\classfile\systemDictionary.cpp, line 210]
Event: 0.250 Thread 0x000000000280d800 Exception <a 'java/lang/ClassNotFoundException': ToolBarSeparator> (0x000000076b962048) thrown at [C:\re\workspace\8-2-build-windows-amd64-cygwin\jdk8u111\7883\hotspot\src\share\vm\classfile\systemDictionary.cpp, line 210]
Event: 0.250 Thread 0x000000000280d800 Exception <a 'java/lang/ClassNotFoundException': ToolTip> (0x000000076b962788) thrown at [C:\re\workspace\8-2-build-windows-amd64-cygwin\jdk8u111\7883\hotspot\src\share\vm\classfile\systemDictionary.cpp, line 210]
Event: 0.251 Thread 0x000000000280d800 Exception <a 'java/lang/ClassNotFoundException': Tree> (0x000000076b9633a8) thrown at [C:\re\workspace\8-2-build-windows-amd64-cygwin\jdk8u111\7883\hotspot\src\share\vm\classfile\systemDictionary.cpp, line 210]
Event: 0.251 Thread 0x000000000280d800 Exception <a 'java/lang/ClassNotFoundException': Tree> (0x000000076b963ae8) thrown at [C:\re\workspace\8-2-build-windows-amd64-cygwin\jdk8u111\7883\hotspot\src\share\vm\classfile\systemDictionary.cpp, line 210]
Event: 0.251 Thread 0x000000000280d800 Exception <a 'java/lang/ClassNotFoundException': javax/swing/JTreeCell> (0x000000076b963e68) thrown at [C:\re\workspace\8-2-build-windows-amd64-cygwin\jdk8u111\7883\hotspot\src\share\vm\classfile\systemDictionary.cpp, line 210]
Event: 0.251 Thread 0x000000000280d800 Exception <a 'java/lang/ClassNotFoundException': TreeCell> (0x000000076b9642f0) thrown at [C:\re\workspace\8-2-build-windows-amd64-cygwin\jdk8u111\7883\hotspot\src\share\vm\classfile\systemDictionary.cpp, line 210]
Event: 0.251 Thread 0x000000000280d800 Exception <a 'java/lang/ClassNotFoundException': RootPane> (0x000000076b964d50) thrown at [C:\re\workspace\8-2-build-windows-amd64-cygwin\jdk8u111\7883\hotspot\src\share\vm\classfile\systemDictionary.cpp, line 210]

Events (10 events):
Event: 4.332 Thread 0x000000001f3d6000 Uncommon trap: trap_request=0xffffffde fr.pc=0x00000000029938d8
Event: 4.332 Thread 0x000000001f3d6000 DEOPT PACKING pc=0x00000000029938d8 sp=0x0000000020999710
Event: 4.332 Thread 0x000000001f3d6000 DEOPT UNPACKING pc=0x000000000285582a sp=0x00000000209996a0 mode 2
Event: 4.333 loading class java/awt/KeyboardFocusManager$2
Event: 4.333 loading class java/awt/KeyboardFocusManager$2 done
Event: 4.333 loading class sun/awt/SunToolkit$1
Event: 4.333 loading class sun/awt/SunToolkit$1 done
Event: 5.425 Thread 0x000000001f1ae000 Thread exited: 0x000000001f1ae000
Event: 5.624 Executing VM operation: ParallelGCFailedAllocation
Event: 5.628 Executing VM operation: ParallelGCFailedAllocation done


Dynamic libraries:
0x00007ff6e4a90000 - 0x00007ff6e4ac7000 	C:\Program Files\Java\jdk1.8.0_111\bin\java.exe
0x00007ffcde120000 - 0x00007ffcde310000 	C:\WINDOWS\SYSTEM32\ntdll.dll
0x00007ffcdd4b0000 - 0x00007ffcdd562000 	C:\WINDOWS\System32\KERNEL32.DLL
0x00007ffcdb5f0000 - 0x00007ffcdb895000 	C:\WINDOWS\System32\KERNELBASE.dll
0x00007ffcdcd20000 - 0x00007ffcdcdc3000 	C:\WINDOWS\System32\ADVAPI32.dll
0x00007ffcdcdd0000 - 0x00007ffcdce6e000 	C:\WINDOWS\System32\msvcrt.dll
0x00007ffcdd410000 - 0x00007ffcdd4a7000 	C:\WINDOWS\System32\sechost.dll
0x00007ffcdca60000 - 0x00007ffcdcb80000 	C:\WINDOWS\System32\RPCRT4.dll
0x00007ffcdc8c0000 - 0x00007ffcdca54000 	C:\WINDOWS\System32\USER32.dll
0x00007ffcdb240000 - 0x00007ffcdb261000 	C:\WINDOWS\System32\win32u.dll
0x00007ffcdde00000 - 0x00007ffcdde26000 	C:\WINDOWS\System32\GDI32.dll
0x00007ffcdb450000 - 0x00007ffcdb5e6000 	C:\WINDOWS\System32\gdi32full.dll
0x00007ffcdb1a0000 - 0x00007ffcdb23e000 	C:\WINDOWS\System32\msvcp_win.dll
0x00007ffcdb350000 - 0x00007ffcdb44a000 	C:\WINDOWS\System32\ucrtbase.dll
0x00007ffccc850000 - 0x00007ffcccad4000 	C:\WINDOWS\WinSxS\amd64_microsoft.windows.common-controls_6595b64144ccf1df_6.0.18362.1139_none_9e7bf2d3e4605ac6\COMCTL32.dll
0x00007ffcdd060000 - 0x00007ffcdd395000 	C:\WINDOWS\System32\combase.dll
0x00007ffcdb0b0000 - 0x00007ffcdb130000 	C:\WINDOWS\System32\bcryptPrimitives.dll
0x00007ffcddd50000 - 0x00007ffcddd7e000 	C:\WINDOWS\System32\IMM32.DLL
0x0000000072730000 - 0x0000000072802000 	C:\Program Files\Java\jdk1.8.0_111\jre\bin\msvcr100.dll
0x0000000072810000 - 0x00000000730aa000 	C:\Program Files\Java\jdk1.8.0_111\jre\bin\server\jvm.dll
0x00007ffcdde30000 - 0x00007ffcdde38000 	C:\WINDOWS\System32\PSAPI.DLL
0x00007ffcd3fb0000 - 0x00007ffcd3fba000 	C:\WINDOWS\SYSTEM32\VERSION.dll
0x00007ffcbc810000 - 0x00007ffcbc819000 	C:\WINDOWS\SYSTEM32\WSOCK32.dll
0x00007ffcdd3a0000 - 0x00007ffcdd40f000 	C:\WINDOWS\System32\WS2_32.dll
0x00007ffcd7e90000 - 0x00007ffcd7eb4000 	C:\WINDOWS\SYSTEM32\WINMM.dll
0x00007ffcd7d30000 - 0x00007ffcd7d5d000 	C:\WINDOWS\SYSTEM32\winmmbase.dll
0x00007ffcdb130000 - 0x00007ffcdb17a000 	C:\WINDOWS\System32\cfgmgr32.dll
0x00000000726e0000 - 0x00000000726ef000 	C:\Program Files\Java\jdk1.8.0_111\jre\bin\verify.dll
0x00000000726b0000 - 0x00000000726d9000 	C:\Program Files\Java\jdk1.8.0_111\jre\bin\java.dll
0x0000000072690000 - 0x00000000726a6000 	C:\Program Files\Java\jdk1.8.0_111\jre\bin\zip.dll
0x00007ffcdc1d0000 - 0x00007ffcdc8b7000 	C:\WINDOWS\System32\SHELL32.dll
0x00007ffcdcf50000 - 0x00007ffcdcff9000 	C:\WINDOWS\System32\shcore.dll
0x00007ffcdb900000 - 0x00007ffcdc080000 	C:\WINDOWS\System32\windows.storage.dll
0x00007ffcdb080000 - 0x00007ffcdb0a3000 	C:\WINDOWS\System32\profapi.dll
0x00007ffcdb030000 - 0x00007ffcdb07a000 	C:\WINDOWS\System32\powrprof.dll
0x00007ffcdafe0000 - 0x00007ffcdaff0000 	C:\WINDOWS\System32\UMPDC.dll
0x00007ffcdccc0000 - 0x00007ffcdcd12000 	C:\WINDOWS\System32\shlwapi.dll
0x00007ffcdaff0000 - 0x00007ffcdb001000 	C:\WINDOWS\System32\kernel.appcore.dll
0x00007ffcdb180000 - 0x00007ffcdb197000 	C:\WINDOWS\System32\cryptsp.dll
0x00000000724b0000 - 0x0000000072648000 	C:\Program Files\Java\jdk1.8.0_111\jre\bin\awt.dll
0x00007ffcddc80000 - 0x00007ffcddd45000 	C:\WINDOWS\System32\OLEAUT32.dll
0x00007ffcd7f90000 - 0x00007ffcd801f000 	C:\WINDOWS\SYSTEM32\apphelp.dll
0x00007ffcd8080000 - 0x00007ffcd8119000 	C:\WINDOWS\system32\uxtheme.dll
0x00007ffcdd9e0000 - 0x00007ffcddb15000 	C:\WINDOWS\System32\MSCTF.dll
0x00007ffcddb20000 - 0x00007ffcddc77000 	C:\WINDOWS\System32\ole32.dll
0x00007ffcd8a30000 - 0x00007ffcd8a5d000 	C:\WINDOWS\system32\DWMAPI.DLL
0x0000000072460000 - 0x00000000724a7000 	C:\Program Files\Java\jdk1.8.0_111\jre\bin\fontmanager.dll
0x00007ffcbf7a0000 - 0x00007ffcbf83e000 	C:\WINDOWS\System32\TextInputFramework.dll
0x00007ffcd4500000 - 0x00007ffcd482a000 	C:\WINDOWS\System32\CoreUIComponents.dll
0x00007ffcd7c50000 - 0x00007ffcd7d24000 	C:\WINDOWS\System32\CoreMessaging.dll
0x00007ffcda020000 - 0x00007ffcda051000 	C:\WINDOWS\SYSTEM32\ntmarta.dll
0x00007ffcd6940000 - 0x00007ffcd6a93000 	C:\WINDOWS\SYSTEM32\wintypes.dll
0x0000000071ec0000 - 0x0000000071f91000 	C:\Users\willi_bg\AppData\Local\Temp\javacpp3881277157500\msvcr100.dll
0x0000000071e20000 - 0x0000000071eb8000 	C:\Users\willi_bg\AppData\Local\Temp\javacpp3881277157500\msvcp100.dll
0x0000000066840000 - 0x00000000676b4000 	C:\Users\willi_bg\AppData\Local\Temp\javacpp3881277157500\opencv_ffmpeg248_64.dll
0x00007ffc87e40000 - 0x00007ffc880b2000 	C:\Users\willi_bg\AppData\Local\Temp\javacpp3881277157500\opencv_core248.dll
0x00007ffc87770000 - 0x00007ffc87a22000 	C:\Users\willi_bg\AppData\Local\Temp\javacpp3881277157500\opencv_imgproc248.dll
0x00007ffc76150000 - 0x00007ffc7639d000 	C:\Users\willi_bg\AppData\Local\Temp\javacpp3881277157500\opencv_highgui248.dll
0x00007ffccff40000 - 0x00007ffccff69000 	C:\WINDOWS\SYSTEM32\MSVFW32.dll
0x00007ffcd7280000 - 0x00007ffcd7298000 	C:\WINDOWS\SYSTEM32\AVICAP32.dll
0x00007ffcd7210000 - 0x00007ffcd7230000 	C:\WINDOWS\SYSTEM32\AVIFIL32.dll
0x00007ffcceab0000 - 0x00007ffcceacc000 	C:\WINDOWS\SYSTEM32\MSACM32.dll
0x00007ffccff20000 - 0x00007ffccff33000 	C:\Users\willi_bg\AppData\Local\Temp\javacpp3881277157500\jniopencv_highgui.dll
0x00007ffcdcbf0000 - 0x00007ffcdcc92000 	C:\WINDOWS\System32\clbcatq.dll
0x00007ffccff00000 - 0x00007ffccff18000 	C:\Windows\System32\devenum.dll
0x00007ffcdd570000 - 0x00007ffcdd9e0000 	C:\WINDOWS\System32\setupapi.dll
0x00007ffcdb270000 - 0x00007ffcdb296000 	C:\WINDOWS\System32\bcrypt.dll
0x00007ffcdad70000 - 0x00007ffcdad9a000 	C:\WINDOWS\SYSTEM32\DEVOBJ.dll
0x00007ffcdb8a0000 - 0x00007ffcdb8fc000 	C:\WINDOWS\System32\WINTRUST.dll
0x00007ffcdb010000 - 0x00007ffcdb022000 	C:\WINDOWS\System32\MSASN1.dll
0x00007ffcdc080000 - 0x00007ffcdc1c9000 	C:\WINDOWS\System32\CRYPT32.dll
0x00007ffcd67c0000 - 0x00007ffcd67cb000 	C:\WINDOWS\SYSTEM32\msdmo.dll
0x00007ffccfec0000 - 0x00007ffccfef4000 	C:\Windows\System32\qcap.dll
0x00007ffc87260000 - 0x00007ffc87424000 	C:\Windows\System32\quartz.dll
0x00007ffccfe70000 - 0x00007ffccfebc000 	C:\Windows\System32\mfksproxy.dll
0x00007ffcbca70000 - 0x00007ffcbca8c000 	C:\Windows\System32\ATL.DLL
0x00007ffcd5760000 - 0x00007ffcd595a000 	C:\Windows\System32\MFPlat.DLL
0x00007ffcd55f0000 - 0x00007ffcd561f000 	C:\Windows\System32\RTWorkQ.DLL
0x00007ffcb2fa0000 - 0x00007ffcb2ffc000 	C:\Windows\System32\MFSENSORGROUP.dll
0x00007ffca4240000 - 0x00007ffca428d000 	C:\Windows\System32\ksproxy.ax
0x00007ffcd5620000 - 0x00007ffcd5629000 	C:\Windows\System32\ksuser.dll
0x00007ffc9fb80000 - 0x00007ffc9fd47000 	C:\Windows\System32\d3d9.dll
0x00007ffcd9ca0000 - 0x00007ffcd9cc0000 	C:\WINDOWS\SYSTEM32\dxcore.dll
0x00007ffcd51d0000 - 0x00007ffcd5258000 	C:\WINDOWS\SYSTEM32\policymanager.dll
0x00007ffcd6e40000 - 0x00007ffcd6eca000 	C:\Windows\System32\msvcp110_win.dll
0x00007ffcd66e0000 - 0x00007ffcd66ed000 	C:\Windows\System32\vidcap.ax
0x00007ffcb2f70000 - 0x00007ffcb2f96000 	C:\Windows\System32\kswdmcap.ax
0x00007ffc7b060000 - 0x00007ffc7b1c2000 	C:\Windows\System32\MFC42.dll
0x00007ffca2f10000 - 0x00007ffca2fb1000 	C:\Windows\System32\qedit.dll
0x00007ffcddff0000 - 0x00007ffcde0c0000 	C:\WINDOWS\System32\COMDLG32.dll
0x00007ffccc3f0000 - 0x00007ffccc593000 	C:\WINDOWS\WinSxS\amd64_microsoft.windows.gdiplus_6595b64144ccf1df_1.1.18362.1139_none_cf66e5b93ef2d494\gdiplus.dll
0x00007ffc7dd40000 - 0x00007ffc7de37000 	C:\Windows\System32\DDRAW.dll
0x00007ffcd9cc0000 - 0x00007ffcd9dab000 	C:\Windows\System32\dxgi.dll
0x00007ffcd66b0000 - 0x00007ffcd66b8000 	C:\Windows\System32\DCIMAN32.dll
0x00007ffcd41c0000 - 0x00007ffcd4200000 	C:\Windows\System32\CapabilityAccessManagerClient.dll
0x00007ffc8d410000 - 0x00007ffc8d4aa000 	C:\Users\willi_bg\AppData\Local\Temp\javacpp3881277157500\jniopencv_core.dll
0x00000000723d0000 - 0x00000000723fa000 	C:\Program Files\Java\jdk1.8.0_111\jre\bin\dcpr.dll
0x0000000072670000 - 0x000000007268a000 	C:\Program Files\Java\jdk1.8.0_111\jre\bin\net.dll
0x00007ffcda7d0000 - 0x00007ffcda837000 	C:\WINDOWS\system32\mswsock.dll
0x0000000072650000 - 0x0000000072661000 	C:\Program Files\Java\jdk1.8.0_111\jre\bin\nio.dll
0x0000000072410000 - 0x0000000072452000 	C:\Program Files\Java\jdk1.8.0_111\jre\bin\t2k.dll
0x00007ffccf0a0000 - 0x00007ffccf347000 	C:\WINDOWS\System32\iertutil.dll
0x00007ffcd9750000 - 0x00007ffcd9944000 	C:\WINDOWS\SYSTEM32\dbghelp.dll

VM Arguments:
jvm_args: -Dfile.encoding=UTF-8 -Djava.library.path=C:\opencv310\build\java\x64 
java_command: javacv_forms.Ajframe
java_class_path (initial): D:\JavaCV\javacv-bin\javacpp.jar;D:\JavaCV\javacv-bin\javacv-windows-x86_64.jar;D:\JavaCV\javacv-bin\javacv.jar;D:\JavaCV\javacv-cppjars\ffmpeg-2.1.1-windows-x86_64.jar;D:\JavaCV\javacv-cppjars\opencv-2.4.8-windows-x86_64.jar;D:\Programing\TirarFoto\build\classes
Launcher Type: SUN_STANDARD

Environment Variables:
PATH=C:\Program Files (x86)\Common Files\Intel\Shared Libraries\redist\intel64\compiler;C:\Program Files\ImageMagick-7.0.10-Q16;C:\Python38\Scripts\;C:\Python38\;C:\Program Files (x86)\Common Files\Oracle\Java\javapath;C:\ProgramData\Oracle\Java\javapath;C:\WINDOWS\system32;C:\WINDOWS;C:\WINDOWS\System32\Wbem;C:\WINDOWS\System32\WindowsPowerShell\v1.0\;C:\WINDOWS\System32\OpenSSH\;C:\Program Files (x86)\Microsoft SQL Server\150\DTS\Binn\;C:\Program Files\Microsoft SQL Server\Client SDK\ODBC\130\Tools\Binn\;C:\Program Files (x86)\Microsoft SQL Server\140\Tools\Binn\;C:\Program Files\Microsoft SQL Server\140\Tools\Binn\;C:\Program Files\Microsoft SQL Server\140\DTS\Binn\;C:\Program Files\dotnet\;C:\Program Files\Microsoft SQL Server\130\Tools\Binn\;C:\Program Files\Microsoft SQL Server\Client SDK\ODBC\170\Tools\Binn\;C:\Program Files\nodejs\;C:\ProgramData\chocolatey\bin;C:\Program Files (x86)\MySQL;C:\Program Files\MySQL;D:\JavaCV\opencv\build\x64\vc14\bin;C:\Users\willi_bg\AppData\Local\Microsoft\WindowsApps;C:\Users\willi_bg\AppData\Local\Programs\Git\cmd
USERNAME=willi_bg
OS=Windows_NT
PROCESSOR_IDENTIFIER=Intel64 Family 6 Model 58 Stepping 9, GenuineIntel



---------------  S Y S T E M  ---------------

OS: Windows 10.0 , 64 bit Build 18362 (10.0.18362.1110)

CPU:total 8 (4 cores per cpu, 2 threads per core) family 6 model 58 stepping 9, cmov, cx8, fxsr, mmx, sse, sse2, sse3, ssse3, sse4.1, sse4.2, popcnt, avx, aes, clmul, erms, ht, tsc, tscinvbit, tscinv

Memory: 4k page, physical 16661892k(10435408k free), swap 22691204k(15364304k free)

vm_info: Java HotSpot(TM) 64-Bit Server VM (25.111-b14) for windows-amd64 JRE (1.8.0_111-b14), built on Sep 22 2016 19:24:05 by "java_re" with MS VC++ 10.0 (VS2010)

time: Thu Oct 22 10:18:06 2020
elapsed time: 5 seconds (0d 0h 0m 5s)

