#
# A fatal error has been detected by the Java Runtime Environment:
#
#  EXCEPTION_ACCESS_VIOLATION (0xc0000005) at pc=0x00007ffcde1272a6, pid=9180, tid=0x0000000000000588
#
# JRE version: Java(TM) SE Runtime Environment (8.0_111-b14) (build 1.8.0_111-b14)
# Java VM: Java HotSpot(TM) 64-Bit Server VM (25.111-b14 mixed mode windows-amd64 compressed oops)
# Problematic frame:
# C  [ntdll.dll+0x72a6]
#
# Failed to write core dump. Minidumps are not enabled by default on client versions of Windows
#
# If you would like to submit a bug report, please visit:
#   http://bugreport.java.com/bugreport/crash.jsp
# The crash happened outside the Java Virtual Machine in native code.
# See problematic frame for where to report the bug.
#

---------------  T H R E A D  ---------------

Current thread (0x000000001f6dd800):  JavaThread "Thread-2" [_thread_in_native, id=1416, stack(0x0000000021590000,0x0000000021690000)]

siginfo: ExceptionCode=0xc0000005, writing address 0x0000000000000024

Registers:
RAX=0x0000000000000000, RBX=0x000000001f8be258, RCX=0x000000001f8be258, RDX=0x00000000fffffffa
RSP=0x000000002168ed10, RBP=0x00007ffc6f5ee600, RSI=0x0000000000000000, RDI=0x0000000000000000
R8 =0x0000000000000000, R9 =0x000000001f8be200, R10=0x0000000000000000, R11=0x0000000000000246
R12=0x0000000000000000, R13=0x0000000000b37000, R14=0x0000000000000001, R15=0x0000000000000000
RIP=0x00007ffcde1272a6, EFLAGS=0x0000000000010213

Top of Stack: (sp=0x000000002168ed10)
0x000000002168ed10:   ffffffffffffffff 000000001f8be258
0x000000002168ed20:   00000000000001e0 0000000000000280
0x000000002168ed30:   000000002168ed90 0000000002cd835d
0x000000002168ed40:   0000000002cd835d 000000076b4e1620
0x000000002168ed50:   000000002168ed00 00000000fffffffa
0x000000002168ed60:   0000000000b37000 00000000218340b8
0x000000002168ed70:   0000000021978a48 0000000021833d30
0x000000002168ed80:   0000000000000000 000000002168ede0
0x000000002168ed90:   000000002168ef18 00000000030bf3ec
0x000000002168eda0:   0000f9b728f63e53 0000000000000001
0x000000002168edb0:   000000001f6dd800 0000000000000001
0x000000002168edc0:   0000000000000001 0000000000000001
0x000000002168edd0:   0000000000000000 000000001f8be258
0x000000002168ede0:   00007ffc6f5ee600 00007ffcde13b576
0x000000002168edf0:   00000000218340b8 0000000000000000
0x000000002168ee00:   00000000fffffffa ffffffffff676980 

Instructions: (pc=0x00007ffcde1272a6)
0x00007ffcde127286:   48 39 73 18 0f 84 d1 00 00 00 48 8b 03 48 83 f8
0x00007ffcde127296:   ff 0f 84 d1 00 00 00 44 8b fe 48 83 f8 ff 74 03
0x00007ffcde1272a6:   ff 40 24 4c 8b 73 18 4c 8d 2d 44 82 15 00 bd 22
0x00007ffcde1272b6:   17 00 00 e8 82 89 03 00 85 c0 0f 85 de 0b 0a 00 


Register to memory mapping:

RAX=0x0000000000000000 is an unknown value
RBX=0x000000001f8be258 is an unknown value
RCX=0x000000001f8be258 is an unknown value
RDX=0x00000000fffffffa is an unknown value
RSP=0x000000002168ed10 is pointing into the stack for thread: 0x000000001f6dd800
RBP=0x00007ffc6f5ee600 is an unknown value
RSI=0x0000000000000000 is an unknown value
RDI=0x0000000000000000 is an unknown value
R8 =0x0000000000000000 is an unknown value
R9 =0x000000001f8be200 is an unknown value
R10=0x0000000000000000 is an unknown value
R11=0x0000000000000246 is an unknown value
R12=0x0000000000000000 is an unknown value
R13=0x0000000000b37000 is an unknown value
R14=0x0000000000000001 is an unknown value
R15=0x0000000000000000 is an unknown value


Stack: [0x0000000021590000,0x0000000021690000],  sp=0x000000002168ed10,  free space=1019k
Native frames: (J=compiled Java code, j=interpreted, Vv=VM code, C=native code)
C  [ntdll.dll+0x72a6]
C  [ntdll.dll+0x1b576]
C  [ntdll.dll+0x1b3c0]
C  [opencv_highgui248.dll+0x15963]
C  [opencv_highgui248.dll+0x16946]
C  [opencv_highgui248.dll+0x10b2]
C  [jniopencv_highgui.dll+0x75d9]
C  0x00000000030b7354

Java frames: (J=compiled Java code, j=interpreted, Vv=VM code)
J 1115  com.googlecode.javacv.cpp.opencv_highgui.cvQueryFrame(Lcom/googlecode/javacv/cpp/opencv_highgui$CvCapture;)Lcom/googlecode/javacv/cpp/opencv_core$IplImage; (0 bytes) @ 0x00000000030b72d2 [0x00000000030b7280+0x52]
j  javacv_forms.Ajframe$2.run()V+127
v  ~StubRoutines::call_stub

---------------  P R O C E S S  ---------------

Java Threads: ( => current thread )
  0x000000001f68f800 JavaThread "AWT-EventQueue-0" [_thread_blocked, id=20160, stack(0x0000000020e50000,0x0000000020f50000)]
  0x000000001f63d000 JavaThread "AWT-Shutdown" [_thread_blocked, id=17276, stack(0x000000001fe90000,0x000000001ff90000)]
=>0x000000001f6dd800 JavaThread "Thread-2" [_thread_in_native, id=1416, stack(0x0000000021590000,0x0000000021690000)]
  0x0000000002a7d800 JavaThread "DestroyJavaVM" [_thread_blocked, id=15628, stack(0x0000000002ac0000,0x0000000002bc0000)]
  0x000000001f640800 JavaThread "AWT-Windows" daemon [_thread_in_native, id=13708, stack(0x000000001ff90000,0x0000000020090000)]
  0x000000001f63c800 JavaThread "Java2D Disposer" daemon [_thread_blocked, id=9288, stack(0x000000001fd90000,0x000000001fe90000)]
  0x000000001e680000 JavaThread "Service Thread" daemon [_thread_blocked, id=912, stack(0x000000001f230000,0x000000001f330000)]
  0x000000001e650800 JavaThread "C1 CompilerThread3" daemon [_thread_blocked, id=20380, stack(0x000000001f130000,0x000000001f230000)]
  0x000000001e641000 JavaThread "C2 CompilerThread2" daemon [_thread_blocked, id=7584, stack(0x000000001f030000,0x000000001f130000)]
  0x000000001e63c800 JavaThread "C2 CompilerThread1" daemon [_thread_blocked, id=9168, stack(0x000000001ef30000,0x000000001f030000)]
  0x000000001e639000 JavaThread "C2 CompilerThread0" daemon [_thread_blocked, id=14220, stack(0x000000001ee30000,0x000000001ef30000)]
  0x000000001e638000 JavaThread "Attach Listener" daemon [_thread_blocked, id=3336, stack(0x000000001ed30000,0x000000001ee30000)]
  0x000000001e637000 JavaThread "Signal Dispatcher" daemon [_thread_blocked, id=14004, stack(0x000000001ec30000,0x000000001ed30000)]
  0x0000000002cbd800 JavaThread "Finalizer" daemon [_thread_blocked, id=14376, stack(0x000000001ea10000,0x000000001eb10000)]
  0x0000000002cb4000 JavaThread "Reference Handler" daemon [_thread_blocked, id=17468, stack(0x000000001e510000,0x000000001e610000)]

Other Threads:
  0x000000001c739800 VMThread [stack: 0x000000001e410000,0x000000001e510000] [id=10740]
  0x000000001e682800 WatcherThread [stack: 0x000000001f490000,0x000000001f590000] [id=19968]

VM state:not at safepoint (normal execution)

VM Mutex/Monitor currently owned by a thread: None

Heap:
 PSYoungGen      total 76288K, used 11164K [0x000000076b400000, 0x0000000770900000, 0x00000007c0000000)
  eden space 65536K, 4% used [0x000000076b400000,0x000000076b716220,0x000000076f400000)
  from space 10752K, 74% used [0x000000076fe80000,0x0000000770651050,0x0000000770900000)
  to   space 10752K, 0% used [0x000000076f400000,0x000000076f400000,0x000000076fe80000)
 ParOldGen       total 175104K, used 3413K [0x00000006c1c00000, 0x00000006cc700000, 0x000000076b400000)
  object space 175104K, 1% used [0x00000006c1c00000,0x00000006c1f555d0,0x00000006cc700000)
 Metaspace       used 13835K, capacity 13996K, committed 14208K, reserved 1060864K
  class space    used 1737K, capacity 1802K, committed 1920K, reserved 1048576K

Card table byte_map: [0x0000000012090000,0x0000000012890000] byte_map_base: 0x000000000ea82000

Marking Bits: (ParMarkBitMap*) 0x000000007302a6c0
 Begin Bits: [0x00000000135e0000, 0x0000000017570000)
 End Bits:   [0x0000000017570000, 0x000000001b500000)

Polling page: 0x0000000001260000

CodeCache: size=245760Kb used=4057Kb max_used=4057Kb free=241702Kb
 bounds [0x0000000002cd0000, 0x00000000030d0000, 0x0000000011cd0000]
 total_blobs=1670 nmethods=1134 adapters=449
 compilation: enabled

Compilation events (10 events):
Event: 10.276 Thread 0x000000001e650800 1130   !   3       java.awt.event.InvocationEvent::dispatch (69 bytes)
Event: 10.277 Thread 0x000000001e650800 nmethod 1130 0x00000000030c65d0 code [0x00000000030c6780, 0x00000000030c6df8]
Event: 10.293 Thread 0x000000001e650800 1131       3       java.util.HashMap::afterNodeRemoval (1 bytes)
Event: 10.293 Thread 0x000000001e650800 nmethod 1131 0x00000000030b2190 code [0x00000000030b22e0, 0x00000000030b2430]
Event: 10.301 Thread 0x000000001e650800 1132  s    3       java.util.Hashtable::remove (133 bytes)
Event: 10.301 Thread 0x000000001e650800 nmethod 1132 0x00000000030c6fd0 code [0x00000000030c7180, 0x00000000030c79d8]
Event: 10.301 Thread 0x000000001e650800 1133       3       sun.java2d.DefaultDisposerRecord::dispose (12 bytes)
Event: 10.301 Thread 0x000000001e650800 nmethod 1133 0x00000000030c7d10 code [0x00000000030c7e80, 0x00000000030c8028]
Event: 10.308 Thread 0x000000001e650800 1134       3       java.awt.event.InvocationEvent::<init> (13 bytes)
Event: 10.308 Thread 0x000000001e650800 nmethod 1134 0x00000000030c80d0 code [0x00000000030c8240, 0x00000000030c83e8]

GC Heap History (8 events):
Event: 3.322 GC heap before
{Heap before GC invocations=1 (full 0):
 PSYoungGen      total 76288K, used 64851K [0x000000076b400000, 0x0000000770900000, 0x00000007c0000000)
  eden space 65536K, 98% used [0x000000076b400000,0x000000076f354f48,0x000000076f400000)
  from space 10752K, 0% used [0x000000076fe80000,0x000000076fe80000,0x0000000770900000)
  to   space 10752K, 0% used [0x000000076f400000,0x000000076f400000,0x000000076fe80000)
 ParOldGen       total 175104K, used 0K [0x00000006c1c00000, 0x00000006cc700000, 0x000000076b400000)
  object space 175104K, 0% used [0x00000006c1c00000,0x00000006c1c00000,0x00000006cc700000)
 Metaspace       used 12820K, capacity 13038K, committed 13312K, reserved 1060864K
  class space    used 1621K, capacity 1701K, committed 1792K, reserved 1048576K
Event: 3.326 GC heap after
Heap after GC invocations=1 (full 0):
 PSYoungGen      total 76288K, used 10720K [0x000000076b400000, 0x0000000770900000, 0x00000007c0000000)
  eden space 65536K, 0% used [0x000000076b400000,0x000000076b400000,0x000000076f400000)
  from space 10752K, 99% used [0x000000076f400000,0x000000076fe781a0,0x000000076fe80000)
  to   space 10752K, 0% used [0x000000076fe80000,0x000000076fe80000,0x0000000770900000)
 ParOldGen       total 175104K, used 2165K [0x00000006c1c00000, 0x00000006cc700000, 0x000000076b400000)
  object space 175104K, 1% used [0x00000006c1c00000,0x00000006c1e1d5c0,0x00000006cc700000)
 Metaspace       used 12820K, capacity 13038K, committed 13312K, reserved 1060864K
  class space    used 1621K, capacity 1701K, committed 1792K, reserved 1048576K
}
Event: 5.562 GC heap before
{Heap before GC invocations=2 (full 0):
 PSYoungGen      total 76288K, used 75874K [0x000000076b400000, 0x0000000770900000, 0x00000007c0000000)
  eden space 65536K, 99% used [0x000000076b400000,0x000000076f3a0710,0x000000076f400000)
  from space 10752K, 99% used [0x000000076f400000,0x000000076fe781a0,0x000000076fe80000)
  to   space 10752K, 0% used [0x000000076fe80000,0x000000076fe80000,0x0000000770900000)
 ParOldGen       total 175104K, used 2165K [0x00000006c1c00000, 0x00000006cc700000, 0x000000076b400000)
  object space 175104K, 1% used [0x00000006c1c00000,0x00000006c1e1d5c0,0x00000006cc700000)
 Metaspace       used 12910K, capacity 13102K, committed 13312K, reserved 1060864K
  class space    used 1624K, capacity 1701K, committed 1792K, reserved 1048576K
Event: 5.565 GC heap after
Heap after GC invocations=2 (full 0):
 PSYoungGen      total 76288K, used 9552K [0x000000076b400000, 0x0000000770900000, 0x00000007c0000000)
  eden space 65536K, 0% used [0x000000076b400000,0x000000076b400000,0x000000076f400000)
  from space 10752K, 88% used [0x000000076fe80000,0x00000007707d4190,0x0000000770900000)
  to   space 10752K, 0% used [0x000000076f400000,0x000000076f400000,0x000000076fe80000)
 ParOldGen       total 175104K, used 2173K [0x00000006c1c00000, 0x00000006cc700000, 0x000000076b400000)
  object space 175104K, 1% used [0x00000006c1c00000,0x00000006c1e1f5c0,0x00000006cc700000)
 Metaspace       used 12910K, capacity 13102K, committed 13312K, reserved 1060864K
  class space    used 1624K, capacity 1701K, committed 1792K, reserved 1048576K
}
Event: 7.946 GC heap before
{Heap before GC invocations=3 (full 0):
 PSYoungGen      total 76288K, used 75015K [0x000000076b400000, 0x0000000770900000, 0x00000007c0000000)
  eden space 65536K, 99% used [0x000000076b400000,0x000000076f3edba8,0x000000076f400000)
  from space 10752K, 88% used [0x000000076fe80000,0x00000007707d4190,0x0000000770900000)
  to   space 10752K, 0% used [0x000000076f400000,0x000000076f400000,0x000000076fe80000)
 ParOldGen       total 175104K, used 2173K [0x00000006c1c00000, 0x00000006cc700000, 0x000000076b400000)
  object space 175104K, 1% used [0x00000006c1c00000,0x00000006c1e1f5c0,0x00000006cc700000)
 Metaspace       used 12997K, capacity 13234K, committed 13568K, reserved 1060864K
  class space    used 1627K, capacity 1701K, committed 1792K, reserved 1048576K
Event: 7.949 GC heap after
Heap after GC invocations=3 (full 0):
 PSYoungGen      total 76288K, used 10720K [0x000000076b400000, 0x0000000770900000, 0x00000007c0000000)
  eden space 65536K, 0% used [0x000000076b400000,0x000000076b400000,0x000000076f400000)
  from space 10752K, 99% used [0x000000076f400000,0x000000076fe781a0,0x000000076fe80000)
  to   space 10752K, 0% used [0x000000076fe80000,0x000000076fe80000,0x0000000770900000)
 ParOldGen       total 175104K, used 3405K [0x00000006c1c00000, 0x00000006cc700000, 0x000000076b400000)
  object space 175104K, 1% used [0x00000006c1c00000,0x00000006c1f535d0,0x00000006cc700000)
 Metaspace       used 12997K, capacity 13234K, committed 13568K, reserved 1060864K
  class space    used 1627K, capacity 1701K, committed 1792K, reserved 1048576K
}
Event: 10.298 GC heap before
{Heap before GC invocations=4 (full 0):
 PSYoungGen      total 76288K, used 75438K [0x000000076b400000, 0x0000000770900000, 0x00000007c0000000)
  eden space 65536K, 98% used [0x000000076b400000,0x000000076f3336f0,0x000000076f400000)
  from space 10752K, 99% used [0x000000076f400000,0x000000076fe781a0,0x000000076fe80000)
  to   space 10752K, 0% used [0x000000076fe80000,0x000000076fe80000,0x0000000770900000)
 ParOldGen       total 175104K, used 3405K [0x00000006c1c00000, 0x00000006cc700000, 0x000000076b400000)
  object space 175104K, 1% used [0x00000006c1c00000,0x00000006c1f535d0,0x00000006cc700000)
 Metaspace       used 13833K, capacity 13996K, committed 14208K, reserved 1060864K
  class space    used 1737K, capacity 1802K, committed 1920K, reserved 1048576K
Event: 10.300 GC heap after
Heap after GC invocations=4 (full 0):
 PSYoungGen      total 76288K, used 8004K [0x000000076b400000, 0x0000000770900000, 0x00000007c0000000)
  eden space 65536K, 0% used [0x000000076b400000,0x000000076b400000,0x000000076f400000)
  from space 10752K, 74% used [0x000000076fe80000,0x0000000770651050,0x0000000770900000)
  to   space 10752K, 0% used [0x000000076f400000,0x000000076f400000,0x000000076fe80000)
 ParOldGen       total 175104K, used 3413K [0x00000006c1c00000, 0x00000006cc700000, 0x000000076b400000)
  object space 175104K, 1% used [0x00000006c1c00000,0x00000006c1f555d0,0x00000006cc700000)
 Metaspace       used 13833K, capacity 13996K, committed 14208K, reserved 1060864K
  class space    used 1737K, capacity 1802K, committed 1920K, reserved 1048576K
}

Deoptimization events (10 events):
Event: 0.445 Thread 0x000000001f6dd800 Uncommon trap: reason=class_check action=maybe_recompile pc=0x0000000002ecdaa0 method=java.util.HashMap.putVal(ILjava/lang/Object;Ljava/lang/Object;ZZ)Ljava/lang/Object; @ 253
Event: 0.445 Thread 0x000000001f6dd800 Uncommon trap: reason=class_check action=maybe_recompile pc=0x0000000002ecdaa0 method=java.util.HashMap.putVal(ILjava/lang/Object;Ljava/lang/Object;ZZ)Ljava/lang/Object; @ 253
Event: 0.445 Thread 0x000000001f6dd800 Uncommon trap: reason=class_check action=maybe_recompile pc=0x0000000002ecdaa0 method=java.util.HashMap.putVal(ILjava/lang/Object;Ljava/lang/Object;ZZ)Ljava/lang/Object; @ 253
Event: 1.737 Thread 0x000000001f6dd800 Uncommon trap: reason=unstable_if action=reinterpret pc=0x0000000002f8e0d4 method=com.googlecode.javacv.cpp.opencv_core$IplImage.flipCopyWithGamma(Ljava/nio/ByteBuffer;ILjava/nio/ByteBuffer;IZDZI)V @ 50
Event: 8.752 Thread 0x000000001f68f800 Uncommon trap: reason=unstable_if action=reinterpret pc=0x0000000002f14390 method=java.util.HashMap.putVal(ILjava/lang/Object;Ljava/lang/Object;ZZ)Ljava/lang/Object; @ 109
Event: 8.752 Thread 0x000000001f68f800 Uncommon trap: reason=unstable_if action=reinterpret pc=0x0000000002ed2f20 method=java.util.HashMap.putVal(ILjava/lang/Object;Ljava/lang/Object;ZZ)Ljava/lang/Object; @ 109
Event: 8.753 Thread 0x000000001f68f800 Uncommon trap: reason=unstable_if action=reinterpret pc=0x0000000002f78354 method=java.awt.MultipleGradientPaintContext.indexIntoGradientsArrays(F)I @ 93
Event: 9.997 Thread 0x000000001f68f800 Uncommon trap: reason=class_check action=maybe_recompile pc=0x0000000002e5a2d8 method=java.lang.String.equals(Ljava/lang/Object;)Z @ 8
Event: 9.997 Thread 0x000000001f68f800 Uncommon trap: reason=class_check action=maybe_recompile pc=0x0000000002e5a2d8 method=java.lang.String.equals(Ljava/lang/Object;)Z @ 8
Event: 9.997 Thread 0x000000001f68f800 Uncommon trap: reason=class_check action=maybe_recompile pc=0x0000000002e5a2d8 method=java.lang.String.equals(Ljava/lang/Object;)Z @ 8

Internal exceptions (10 events):
Event: 0.242 Thread 0x0000000002a7d800 Exception <a 'java/lang/ClassNotFoundException': ToolBar> (0x000000076b960f08) thrown at [C:\re\workspace\8-2-build-windows-amd64-cygwin\jdk8u111\7883\hotspot\src\share\vm\classfile\systemDictionary.cpp, line 210]
Event: 0.242 Thread 0x0000000002a7d800 Exception <a 'java/lang/ClassNotFoundException': ToggleButton> (0x000000076b9614b8) thrown at [C:\re\workspace\8-2-build-windows-amd64-cygwin\jdk8u111\7883\hotspot\src\share\vm\classfile\systemDictionary.cpp, line 210]
Event: 0.242 Thread 0x0000000002a7d800 Exception <a 'java/lang/ClassNotFoundException': javax/swing/JToolBarSeparator> (0x000000076b961918) thrown at [C:\re\workspace\8-2-build-windows-amd64-cygwin\jdk8u111\7883\hotspot\src\share\vm\classfile\systemDictionary.cpp, line 210]
Event: 0.242 Thread 0x0000000002a7d800 Exception <a 'java/lang/ClassNotFoundException': ToolBarSeparator> (0x000000076b961db0) thrown at [C:\re\workspace\8-2-build-windows-amd64-cygwin\jdk8u111\7883\hotspot\src\share\vm\classfile\systemDictionary.cpp, line 210]
Event: 0.242 Thread 0x0000000002a7d800 Exception <a 'java/lang/ClassNotFoundException': ToolTip> (0x000000076b9624f0) thrown at [C:\re\workspace\8-2-build-windows-amd64-cygwin\jdk8u111\7883\hotspot\src\share\vm\classfile\systemDictionary.cpp, line 210]
Event: 0.243 Thread 0x0000000002a7d800 Exception <a 'java/lang/ClassNotFoundException': Tree> (0x000000076b963110) thrown at [C:\re\workspace\8-2-build-windows-amd64-cygwin\jdk8u111\7883\hotspot\src\share\vm\classfile\systemDictionary.cpp, line 210]
Event: 0.243 Thread 0x0000000002a7d800 Exception <a 'java/lang/ClassNotFoundException': Tree> (0x000000076b963850) thrown at [C:\re\workspace\8-2-build-windows-amd64-cygwin\jdk8u111\7883\hotspot\src\share\vm\classfile\systemDictionary.cpp, line 210]
Event: 0.243 Thread 0x0000000002a7d800 Exception <a 'java/lang/ClassNotFoundException': javax/swing/JTreeCell> (0x000000076b963bd0) thrown at [C:\re\workspace\8-2-build-windows-amd64-cygwin\jdk8u111\7883\hotspot\src\share\vm\classfile\systemDictionary.cpp, line 210]
Event: 0.243 Thread 0x0000000002a7d800 Exception <a 'java/lang/ClassNotFoundException': TreeCell> (0x000000076b964058) thrown at [C:\re\workspace\8-2-build-windows-amd64-cygwin\jdk8u111\7883\hotspot\src\share\vm\classfile\systemDictionary.cpp, line 210]
Event: 0.244 Thread 0x0000000002a7d800 Exception <a 'java/lang/ClassNotFoundException': RootPane> (0x000000076b964ab8) thrown at [C:\re\workspace\8-2-build-windows-amd64-cygwin\jdk8u111\7883\hotspot\src\share\vm\classfile\systemDictionary.cpp, line 210]

Events (10 events):
Event: 9.997 Thread 0x000000001f68f800 DEOPT UNPACKING pc=0x0000000002d1582a sp=0x0000000020f491b0 mode 2
Event: 9.997 Thread 0x000000001f68f800 Uncommon trap: trap_request=0xffffffde fr.pc=0x0000000002e5a2d8
Event: 9.997 Thread 0x000000001f68f800 DEOPT PACKING pc=0x0000000002e5a2d8 sp=0x0000000020f49180
Event: 9.997 Thread 0x000000001f68f800 DEOPT UNPACKING pc=0x0000000002d1582a sp=0x0000000020f49110 mode 2
Event: 9.998 loading class java/awt/KeyboardFocusManager$2
Event: 9.998 loading class java/awt/KeyboardFocusManager$2 done
Event: 9.998 loading class sun/awt/SunToolkit$1
Event: 9.998 loading class sun/awt/SunToolkit$1 done
Event: 10.298 Executing VM operation: ParallelGCFailedAllocation
Event: 10.300 Executing VM operation: ParallelGCFailedAllocation done


Dynamic libraries:
0x00007ff6e4a90000 - 0x00007ff6e4ac7000 	C:\Program Files\Java\jdk1.8.0_111\bin\java.exe
0x00007ffcde120000 - 0x00007ffcde310000 	C:\WINDOWS\SYSTEM32\ntdll.dll
0x00007ffcdd4b0000 - 0x00007ffcdd562000 	C:\WINDOWS\System32\KERNEL32.DLL
0x00007ffcdb5f0000 - 0x00007ffcdb895000 	C:\WINDOWS\System32\KERNELBASE.dll
0x00007ffcdcd20000 - 0x00007ffcdcdc3000 	C:\WINDOWS\System32\ADVAPI32.dll
0x00007ffcdcdd0000 - 0x00007ffcdce6e000 	C:\WINDOWS\System32\msvcrt.dll
0x00007ffcdd410000 - 0x00007ffcdd4a7000 	C:\WINDOWS\System32\sechost.dll
0x00007ffcdca60000 - 0x00007ffcdcb80000 	C:\WINDOWS\System32\RPCRT4.dll
0x00007ffcdc8c0000 - 0x00007ffcdca54000 	C:\WINDOWS\System32\USER32.dll
0x00007ffcdb240000 - 0x00007ffcdb261000 	C:\WINDOWS\System32\win32u.dll
0x00007ffcdde00000 - 0x00007ffcdde26000 	C:\WINDOWS\System32\GDI32.dll
0x00007ffcdb450000 - 0x00007ffcdb5e6000 	C:\WINDOWS\System32\gdi32full.dll
0x00007ffcdb1a0000 - 0x00007ffcdb23e000 	C:\WINDOWS\System32\msvcp_win.dll
0x00007ffcdb350000 - 0x00007ffcdb44a000 	C:\WINDOWS\System32\ucrtbase.dll
0x00007ffccc850000 - 0x00007ffcccad4000 	C:\WINDOWS\WinSxS\amd64_microsoft.windows.common-controls_6595b64144ccf1df_6.0.18362.1139_none_9e7bf2d3e4605ac6\COMCTL32.dll
0x00007ffcdd060000 - 0x00007ffcdd395000 	C:\WINDOWS\System32\combase.dll
0x00007ffcdb0b0000 - 0x00007ffcdb130000 	C:\WINDOWS\System32\bcryptPrimitives.dll
0x00007ffcddd50000 - 0x00007ffcddd7e000 	C:\WINDOWS\System32\IMM32.DLL
0x0000000072730000 - 0x0000000072802000 	C:\Program Files\Java\jdk1.8.0_111\jre\bin\msvcr100.dll
0x0000000072810000 - 0x00000000730aa000 	C:\Program Files\Java\jdk1.8.0_111\jre\bin\server\jvm.dll
0x00007ffcdde30000 - 0x00007ffcdde38000 	C:\WINDOWS\System32\PSAPI.DLL
0x00007ffcbc810000 - 0x00007ffcbc819000 	C:\WINDOWS\SYSTEM32\WSOCK32.dll
0x00007ffcd7e90000 - 0x00007ffcd7eb4000 	C:\WINDOWS\SYSTEM32\WINMM.dll
0x00007ffcdd3a0000 - 0x00007ffcdd40f000 	C:\WINDOWS\System32\WS2_32.dll
0x00007ffcd3fb0000 - 0x00007ffcd3fba000 	C:\WINDOWS\SYSTEM32\VERSION.dll
0x00007ffcd7d30000 - 0x00007ffcd7d5d000 	C:\WINDOWS\SYSTEM32\winmmbase.dll
0x00007ffcdb130000 - 0x00007ffcdb17a000 	C:\WINDOWS\System32\cfgmgr32.dll
0x00000000726e0000 - 0x00000000726ef000 	C:\Program Files\Java\jdk1.8.0_111\jre\bin\verify.dll
0x00000000726b0000 - 0x00000000726d9000 	C:\Program Files\Java\jdk1.8.0_111\jre\bin\java.dll
0x0000000072690000 - 0x00000000726a6000 	C:\Program Files\Java\jdk1.8.0_111\jre\bin\zip.dll
0x00007ffcdc1d0000 - 0x00007ffcdc8b7000 	C:\WINDOWS\System32\SHELL32.dll
0x00007ffcdcf50000 - 0x00007ffcdcff9000 	C:\WINDOWS\System32\shcore.dll
0x00007ffcdb900000 - 0x00007ffcdc080000 	C:\WINDOWS\System32\windows.storage.dll
0x00007ffcdb080000 - 0x00007ffcdb0a3000 	C:\WINDOWS\System32\profapi.dll
0x00007ffcdb030000 - 0x00007ffcdb07a000 	C:\WINDOWS\System32\powrprof.dll
0x00007ffcdafe0000 - 0x00007ffcdaff0000 	C:\WINDOWS\System32\UMPDC.dll
0x00007ffcdccc0000 - 0x00007ffcdcd12000 	C:\WINDOWS\System32\shlwapi.dll
0x00007ffcdaff0000 - 0x00007ffcdb001000 	C:\WINDOWS\System32\kernel.appcore.dll
0x00007ffcdb180000 - 0x00007ffcdb197000 	C:\WINDOWS\System32\cryptsp.dll
0x00000000724b0000 - 0x0000000072648000 	C:\Program Files\Java\jdk1.8.0_111\jre\bin\awt.dll
0x00007ffcddc80000 - 0x00007ffcddd45000 	C:\WINDOWS\System32\OLEAUT32.dll
0x00007ffcd7f90000 - 0x00007ffcd801f000 	C:\WINDOWS\SYSTEM32\apphelp.dll
0x00007ffcd8080000 - 0x00007ffcd8119000 	C:\WINDOWS\system32\uxtheme.dll
0x00007ffcdd9e0000 - 0x00007ffcddb15000 	C:\WINDOWS\System32\MSCTF.dll
0x00007ffcddb20000 - 0x00007ffcddc77000 	C:\WINDOWS\System32\ole32.dll
0x00007ffcd8a30000 - 0x00007ffcd8a5d000 	C:\WINDOWS\system32\DWMAPI.DLL
0x0000000072460000 - 0x00000000724a7000 	C:\Program Files\Java\jdk1.8.0_111\jre\bin\fontmanager.dll
0x00007ffcbf7a0000 - 0x00007ffcbf83e000 	C:\WINDOWS\System32\TextInputFramework.dll
0x00007ffcd7c50000 - 0x00007ffcd7d24000 	C:\WINDOWS\System32\CoreMessaging.dll
0x00007ffcd4500000 - 0x00007ffcd482a000 	C:\WINDOWS\System32\CoreUIComponents.dll
0x00007ffcda020000 - 0x00007ffcda051000 	C:\WINDOWS\SYSTEM32\ntmarta.dll
0x00007ffcd6940000 - 0x00007ffcd6a93000 	C:\WINDOWS\SYSTEM32\wintypes.dll
0x0000000071ec0000 - 0x0000000071f91000 	C:\Users\willi_bg\AppData\Local\Temp\javacpp3080544522700\msvcr100.dll
0x0000000071e20000 - 0x0000000071eb8000 	C:\Users\willi_bg\AppData\Local\Temp\javacpp3080544522700\msvcp100.dll
0x0000000066840000 - 0x00000000676b4000 	C:\Users\willi_bg\AppData\Local\Temp\javacpp3080544522700\opencv_ffmpeg248_64.dll
0x00007ffc70d10000 - 0x00007ffc70f82000 	C:\Users\willi_bg\AppData\Local\Temp\javacpp3080544522700\opencv_core248.dll
0x00007ffc70a50000 - 0x00007ffc70d02000 	C:\Users\willi_bg\AppData\Local\Temp\javacpp3080544522700\opencv_imgproc248.dll
0x00007ffc6f3c0000 - 0x00007ffc6f60d000 	C:\Users\willi_bg\AppData\Local\Temp\javacpp3080544522700\opencv_highgui248.dll
0x00007ffcb2fd0000 - 0x00007ffcb2ff9000 	C:\WINDOWS\SYSTEM32\MSVFW32.dll
0x00007ffcc6840000 - 0x00007ffcc6858000 	C:\WINDOWS\SYSTEM32\AVICAP32.dll
0x00007ffcd4e40000 - 0x00007ffcd4e60000 	C:\WINDOWS\SYSTEM32\AVIFIL32.dll
0x00007ffcceab0000 - 0x00007ffcceacc000 	C:\WINDOWS\SYSTEM32\MSACM32.dll
0x00007ffcbe880000 - 0x00007ffcbe893000 	C:\Users\willi_bg\AppData\Local\Temp\javacpp3080544522700\jniopencv_highgui.dll
0x00007ffcdcbf0000 - 0x00007ffcdcc92000 	C:\WINDOWS\System32\clbcatq.dll
0x00007ffcb7640000 - 0x00007ffcb7658000 	C:\Windows\System32\devenum.dll
0x00007ffcdd570000 - 0x00007ffcdd9e0000 	C:\WINDOWS\System32\setupapi.dll
0x00007ffcdb270000 - 0x00007ffcdb296000 	C:\WINDOWS\System32\bcrypt.dll
0x00007ffcdad70000 - 0x00007ffcdad9a000 	C:\WINDOWS\SYSTEM32\DEVOBJ.dll
0x00007ffcdb8a0000 - 0x00007ffcdb8fc000 	C:\WINDOWS\System32\WINTRUST.dll
0x00007ffcdb010000 - 0x00007ffcdb022000 	C:\WINDOWS\System32\MSASN1.dll
0x00007ffcdc080000 - 0x00007ffcdc1c9000 	C:\WINDOWS\System32\CRYPT32.dll
0x00007ffcd67c0000 - 0x00007ffcd67cb000 	C:\WINDOWS\SYSTEM32\msdmo.dll
0x00007ffca4310000 - 0x00007ffca4344000 	C:\Windows\System32\qcap.dll
0x00007ffc87860000 - 0x00007ffc87a24000 	C:\Windows\System32\quartz.dll
0x00007ffca3b30000 - 0x00007ffca3b7c000 	C:\Windows\System32\mfksproxy.dll
0x00007ffcbca70000 - 0x00007ffcbca8c000 	C:\Windows\System32\ATL.DLL
0x00007ffcd5760000 - 0x00007ffcd595a000 	C:\Windows\System32\MFPlat.DLL
0x00007ffcd55f0000 - 0x00007ffcd561f000 	C:\Windows\System32\RTWorkQ.DLL
0x00007ffc9e940000 - 0x00007ffc9e99c000 	C:\Windows\System32\MFSENSORGROUP.dll
0x00007ffc9e2f0000 - 0x00007ffc9e33d000 	C:\Windows\System32\ksproxy.ax
0x00007ffcd5620000 - 0x00007ffcd5629000 	C:\Windows\System32\ksuser.dll
0x00007ffc9fb80000 - 0x00007ffc9fd47000 	C:\Windows\System32\d3d9.dll
0x00007ffcd9ca0000 - 0x00007ffcd9cc0000 	C:\WINDOWS\SYSTEM32\dxcore.dll
0x00007ffcd51d0000 - 0x00007ffcd5258000 	C:\WINDOWS\SYSTEM32\policymanager.dll
0x00007ffcd6e40000 - 0x00007ffcd6eca000 	C:\Windows\System32\msvcp110_win.dll
0x00007ffcd66e0000 - 0x00007ffcd66ed000 	C:\Windows\System32\vidcap.ax
0x00007ffcb2fa0000 - 0x00007ffcb2fc6000 	C:\Windows\System32\kswdmcap.ax
0x00007ffc98020000 - 0x00007ffc98182000 	C:\Windows\System32\MFC42.dll
0x00007ffc8cb70000 - 0x00007ffc8cc11000 	C:\Windows\System32\qedit.dll
0x00007ffcddff0000 - 0x00007ffcde0c0000 	C:\WINDOWS\System32\COMDLG32.dll
0x00007ffccc3f0000 - 0x00007ffccc593000 	C:\WINDOWS\WinSxS\amd64_microsoft.windows.gdiplus_6595b64144ccf1df_1.1.18362.1139_none_cf66e5b93ef2d494\gdiplus.dll
0x00007ffc7b0d0000 - 0x00007ffc7b1c7000 	C:\Windows\System32\DDRAW.dll
0x00007ffcd9cc0000 - 0x00007ffcd9dab000 	C:\Windows\System32\dxgi.dll
0x00007ffcd66b0000 - 0x00007ffcd66b8000 	C:\Windows\System32\DCIMAN32.dll
0x00007ffcd41c0000 - 0x00007ffcd4200000 	C:\Windows\System32\CapabilityAccessManagerClient.dll
0x00007ffc8d410000 - 0x00007ffc8d4aa000 	C:\Users\willi_bg\AppData\Local\Temp\javacpp3080544522700\jniopencv_core.dll
0x00000000723d0000 - 0x00000000723fa000 	C:\Program Files\Java\jdk1.8.0_111\jre\bin\dcpr.dll
0x0000000072670000 - 0x000000007268a000 	C:\Program Files\Java\jdk1.8.0_111\jre\bin\net.dll
0x00007ffcda7d0000 - 0x00007ffcda837000 	C:\WINDOWS\system32\mswsock.dll
0x0000000072650000 - 0x0000000072661000 	C:\Program Files\Java\jdk1.8.0_111\jre\bin\nio.dll
0x0000000072410000 - 0x0000000072452000 	C:\Program Files\Java\jdk1.8.0_111\jre\bin\t2k.dll
0x00007ffccf0a0000 - 0x00007ffccf347000 	C:\WINDOWS\System32\iertutil.dll
0x00007ffcd9750000 - 0x00007ffcd9944000 	C:\WINDOWS\SYSTEM32\dbghelp.dll

VM Arguments:
jvm_args: -Dfile.encoding=UTF-8 -Djava.library.path=C:\opencv310\build\java\x64 
java_command: javacv_forms.Ajframe
java_class_path (initial): D:\JavaCV\javacv-bin\javacpp.jar;D:\JavaCV\javacv-bin\javacv-windows-x86_64.jar;D:\JavaCV\javacv-bin\javacv.jar;D:\JavaCV\javacv-cppjars\ffmpeg-2.1.1-windows-x86_64.jar;D:\JavaCV\javacv-cppjars\opencv-2.4.8-windows-x86_64.jar;D:\Programing\TirarFoto\build\classes
Launcher Type: SUN_STANDARD

Environment Variables:
PATH=C:\Program Files (x86)\Common Files\Intel\Shared Libraries\redist\intel64\compiler;C:\Program Files\ImageMagick-7.0.10-Q16;C:\Python38\Scripts\;C:\Python38\;C:\Program Files (x86)\Common Files\Oracle\Java\javapath;C:\ProgramData\Oracle\Java\javapath;C:\WINDOWS\system32;C:\WINDOWS;C:\WINDOWS\System32\Wbem;C:\WINDOWS\System32\WindowsPowerShell\v1.0\;C:\WINDOWS\System32\OpenSSH\;C:\Program Files (x86)\Microsoft SQL Server\150\DTS\Binn\;C:\Program Files\Microsoft SQL Server\Client SDK\ODBC\130\Tools\Binn\;C:\Program Files (x86)\Microsoft SQL Server\140\Tools\Binn\;C:\Program Files\Microsoft SQL Server\140\Tools\Binn\;C:\Program Files\Microsoft SQL Server\140\DTS\Binn\;C:\Program Files\dotnet\;C:\Program Files\Microsoft SQL Server\130\Tools\Binn\;C:\Program Files\Microsoft SQL Server\Client SDK\ODBC\170\Tools\Binn\;C:\Program Files\nodejs\;C:\ProgramData\chocolatey\bin;C:\Program Files (x86)\MySQL;C:\Program Files\MySQL;D:\JavaCV\opencv\build\x64\vc14\bin;C:\Users\willi_bg\AppData\Local\Microsoft\WindowsApps;C:\Users\willi_bg\AppData\Local\Programs\Git\cmd
USERNAME=willi_bg
OS=Windows_NT
PROCESSOR_IDENTIFIER=Intel64 Family 6 Model 58 Stepping 9, GenuineIntel



---------------  S Y S T E M  ---------------

OS: Windows 10.0 , 64 bit Build 18362 (10.0.18362.1110)

CPU:total 8 (4 cores per cpu, 2 threads per core) family 6 model 58 stepping 9, cmov, cx8, fxsr, mmx, sse, sse2, sse3, ssse3, sse4.1, sse4.2, popcnt, avx, aes, clmul, erms, ht, tsc, tscinvbit, tscinv

Memory: 4k page, physical 16661892k(10437992k free), swap 22691204k(15365952k free)

vm_info: Java HotSpot(TM) 64-Bit Server VM (25.111-b14) for windows-amd64 JRE (1.8.0_111-b14), built on Sep 22 2016 19:24:05 by "java_re" with MS VC++ 10.0 (VS2010)

time: Thu Oct 22 10:04:50 2020
elapsed time: 10 seconds (0d 0h 0m 10s)

