#
# A fatal error has been detected by the Java Runtime Environment:
#
#  EXCEPTION_ACCESS_VIOLATION (0xc0000005) at pc=0x00007ffcde1272a6, pid=17224, tid=0x000000000000452c
#
# JRE version: Java(TM) SE Runtime Environment (8.0_111-b14) (build 1.8.0_111-b14)
# Java VM: Java HotSpot(TM) 64-Bit Server VM (25.111-b14 mixed mode windows-amd64 compressed oops)
# Problematic frame:
# C  [ntdll.dll+0x72a6]
#
# Failed to write core dump. Minidumps are not enabled by default on client versions of Windows
#
# If you would like to submit a bug report, please visit:
#   http://bugreport.java.com/bugreport/crash.jsp
# The crash happened outside the Java Virtual Machine in native code.
# See problematic frame for where to report the bug.
#

---------------  T H R E A D  ---------------

Current thread (0x000000001fdcf800):  JavaThread "Thread-2" [_thread_in_native, id=17708, stack(0x0000000021cb0000,0x0000000021db0000)]

siginfo: ExceptionCode=0xc0000005, writing address 0x0000000000000024

Registers:
RAX=0x0000000000000000, RBX=0x000000001ff684a8, RCX=0x000000001ff684a8, RDX=0x00000000fffffffa
RSP=0x0000000021daf160, RBP=0x00007ffc7637e600, RSI=0x0000000000000000, RDI=0x0000000000000000
R8 =0x0000000000000000, R9 =0x000000001ff68400, R10=0x0000000000000000, R11=0x0000000000000246
R12=0x0000000000000000, R13=0x00000000011c3000, R14=0x0000000000000001, R15=0x0000000000000000
RIP=0x00007ffcde1272a6, EFLAGS=0x0000000000010213

Top of Stack: (sp=0x0000000021daf160)
0x0000000021daf160:   ffffffffffffffff 000000001ff684a8
0x0000000021daf170:   0000000000000000 000000001cc12130
0x0000000021daf180:   0000000021daf1e0 00000000034080e0
0x0000000021daf190:   0000000021daf238 00000000036f829c
0x0000000021daf1a0:   0000000021daf100 00000000fffffffa
0x0000000021daf1b0:   00000000011c3000 000000001c8b9858
0x0000000021daf1c0:   0000000000000000 000000001c8b85c8
0x0000000021daf1d0:   0000000021daf238 000000000340835d
0x0000000021daf1e0:   0000000021daf238 000000000340835d
0x0000000021daf1f0:   0000a853e0553e6d 0000000021daf1f8
0x0000000021daf200:   000000001fdcf800 0000000000000001
0x0000000021daf210:   0000000000000001 0000000000000001
0x0000000021daf220:   0000000000000000 000000001ff684a8
0x0000000021daf230:   00007ffc7637e600 00007ffcde13b576
0x0000000021daf240:   0000000021daf280 000000001c8b9920
0x0000000021daf250:   00000000fffffffa ffffffffff676980 

Instructions: (pc=0x00007ffcde1272a6)
0x00007ffcde127286:   48 39 73 18 0f 84 d1 00 00 00 48 8b 03 48 83 f8
0x00007ffcde127296:   ff 0f 84 d1 00 00 00 44 8b fe 48 83 f8 ff 74 03
0x00007ffcde1272a6:   ff 40 24 4c 8b 73 18 4c 8d 2d 44 82 15 00 bd 22
0x00007ffcde1272b6:   17 00 00 e8 82 89 03 00 85 c0 0f 85 de 0b 0a 00 


Register to memory mapping:

RAX=0x0000000000000000 is an unknown value
RBX=0x000000001ff684a8 is an unknown value
RCX=0x000000001ff684a8 is an unknown value
RDX=0x00000000fffffffa is an unknown value
RSP=0x0000000021daf160 is pointing into the stack for thread: 0x000000001fdcf800
RBP=0x00007ffc7637e600 is an unknown value
RSI=0x0000000000000000 is an unknown value
RDI=0x0000000000000000 is an unknown value
R8 =0x0000000000000000 is an unknown value
R9 =0x000000001ff68400 is an unknown value
R10=0x0000000000000000 is an unknown value
R11=0x0000000000000246 is an unknown value
R12=0x0000000000000000 is an unknown value
R13=0x00000000011c3000 is an unknown value
R14=0x0000000000000001 is an unknown value
R15=0x0000000000000000 is an unknown value


Stack: [0x0000000021cb0000,0x0000000021db0000],  sp=0x0000000021daf160,  free space=1020k
Native frames: (J=compiled Java code, j=interpreted, Vv=VM code, C=native code)
C  [ntdll.dll+0x72a6]
C  [ntdll.dll+0x1b576]
C  [ntdll.dll+0x1b3c0]
C  [opencv_highgui248.dll+0x15963]
C  [opencv_highgui248.dll+0x16946]
C  [opencv_highgui248.dll+0x10b2]
C  [jniopencv_highgui.dll+0x75d9]
C  0x0000000003417f74

Java frames: (J=compiled Java code, j=interpreted, Vv=VM code)
j  com.googlecode.javacv.cpp.opencv_highgui.cvQueryFrame(Lcom/googlecode/javacv/cpp/opencv_highgui$CvCapture;)Lcom/googlecode/javacv/cpp/opencv_core$IplImage;+0
j  javacv_forms.Ajframe$2.run()V+127
v  ~StubRoutines::call_stub

---------------  P R O C E S S  ---------------

Java Threads: ( => current thread )
  0x000000001ffe3800 JavaThread "AWT-EventQueue-0" [_thread_blocked, id=16056, stack(0x0000000021570000,0x0000000021670000)]
  0x00000000203f8800 JavaThread "AWT-Shutdown" [_thread_blocked, id=10264, stack(0x0000000020570000,0x0000000020670000)]
=>0x000000001fdcf800 JavaThread "Thread-2" [_thread_in_native, id=17708, stack(0x0000000021cb0000,0x0000000021db0000)]
  0x00000000032ed800 JavaThread "DestroyJavaVM" [_thread_blocked, id=1868, stack(0x0000000003100000,0x0000000003200000)]
  0x000000001fd0e800 JavaThread "AWT-Windows" daemon [_thread_in_native, id=3096, stack(0x0000000020670000,0x0000000020770000)]
  0x000000001fd0a000 JavaThread "Java2D Disposer" daemon [_thread_blocked, id=148, stack(0x0000000020470000,0x0000000020570000)]
  0x000000001edc8800 JavaThread "Service Thread" daemon [_thread_blocked, id=2472, stack(0x000000001f910000,0x000000001fa10000)]
  0x000000001ed37800 JavaThread "C1 CompilerThread3" daemon [_thread_blocked, id=17876, stack(0x000000001f810000,0x000000001f910000)]
  0x000000001ed31000 JavaThread "C2 CompilerThread2" daemon [_thread_blocked, id=10992, stack(0x000000001f710000,0x000000001f810000)]
  0x000000001ed2c800 JavaThread "C2 CompilerThread1" daemon [_thread_blocked, id=16844, stack(0x000000001f610000,0x000000001f710000)]
  0x000000001ed29000 JavaThread "C2 CompilerThread0" daemon [_thread_blocked, id=19000, stack(0x000000001f510000,0x000000001f610000)]
  0x000000001ed28000 JavaThread "Attach Listener" daemon [_thread_blocked, id=2240, stack(0x000000001f410000,0x000000001f510000)]
  0x000000001ed26800 JavaThread "Signal Dispatcher" daemon [_thread_blocked, id=10136, stack(0x000000001f310000,0x000000001f410000)]
  0x00000000033fd800 JavaThread "Finalizer" daemon [_thread_blocked, id=8204, stack(0x000000001f100000,0x000000001f200000)]
  0x00000000033f4000 JavaThread "Reference Handler" daemon [_thread_blocked, id=10964, stack(0x000000001ec00000,0x000000001ed00000)]

Other Threads:
  0x000000001ce19800 VMThread [stack: 0x000000001eb00000,0x000000001ec00000] [id=13832]
  0x000000001ed5b000 WatcherThread [stack: 0x000000001fb70000,0x000000001fc70000] [id=19428]

VM state:not at safepoint (normal execution)

VM Mutex/Monitor currently owned by a thread: None

Heap:
 PSYoungGen      total 76288K, used 11616K [0x000000076b400000, 0x0000000770900000, 0x00000007c0000000)
  eden space 65536K, 5% used [0x000000076b400000,0x000000076b781ff0,0x000000076f400000)
  from space 10752K, 74% used [0x000000076fe80000,0x0000000770656160,0x0000000770900000)
  to   space 10752K, 0% used [0x000000076f400000,0x000000076f400000,0x000000076fe80000)
 ParOldGen       total 175104K, used 2209K [0x00000006c1c00000, 0x00000006cc700000, 0x000000076b400000)
  object space 175104K, 1% used [0x00000006c1c00000,0x00000006c1e285b0,0x00000006cc700000)
 Metaspace       used 13706K, capacity 13932K, committed 14208K, reserved 1060864K
  class space    used 1742K, capacity 1806K, committed 1920K, reserved 1048576K

Card table byte_map: [0x00000000127c0000,0x0000000012fc0000] byte_map_base: 0x000000000f1b2000

Marking Bits: (ParMarkBitMap*) 0x000000007302a6c0
 Begin Bits: [0x0000000013d10000, 0x0000000017ca0000)
 End Bits:   [0x0000000017ca0000, 0x000000001bc30000)

Polling page: 0x0000000003200000

CodeCache: size=245760Kb used=3589Kb max_used=3589Kb free=242170Kb
 bounds [0x0000000003400000, 0x0000000003790000, 0x0000000012400000]
 total_blobs=1549 nmethods=1013 adapters=449
 compilation: enabled

Compilation events (10 events):
Event: 5.581 Thread 0x000000001ed37800 1009   !   3       java.awt.EventQueue::postEventPrivate (104 bytes)
Event: 5.581 Thread 0x000000001ed37800 nmethod 1009 0x0000000003781ad0 code [0x0000000003781ce0, 0x00000000037825a8]
Event: 5.662 Thread 0x000000001ed37800 1010       1       java.awt.image.SampleModel::getHeight (5 bytes)
Event: 5.662 Thread 0x000000001ed37800 nmethod 1010 0x0000000003782910 code [0x0000000003782a60, 0x0000000003782b70]
Event: 5.662 Thread 0x000000001ed37800 1011       1       java.awt.image.DataBuffer::getNumBanks (5 bytes)
Event: 5.663 Thread 0x000000001ed37800 nmethod 1011 0x0000000003782bd0 code [0x0000000003782d20, 0x0000000003782e30]
Event: 5.697 Thread 0x000000001ed37800 1012       1       java.awt.image.DataBuffer::getDataType (5 bytes)
Event: 5.697 Thread 0x000000001ed37800 nmethod 1012 0x0000000003782e90 code [0x0000000003782fe0, 0x00000000037830f0]
Event: 5.780 Thread 0x000000001ed37800 1013       3       java.awt.event.ComponentEvent::<init> (7 bytes)
Event: 5.780 Thread 0x000000001ed37800 nmethod 1013 0x0000000003783150 code [0x00000000037832c0, 0x0000000003783448]

GC Heap History (4 events):
Event: 3.487 GC heap before
{Heap before GC invocations=1 (full 0):
 PSYoungGen      total 76288K, used 64851K [0x000000076b400000, 0x0000000770900000, 0x00000007c0000000)
  eden space 65536K, 98% used [0x000000076b400000,0x000000076f354ff8,0x000000076f400000)
  from space 10752K, 0% used [0x000000076fe80000,0x000000076fe80000,0x0000000770900000)
  to   space 10752K, 0% used [0x000000076f400000,0x000000076f400000,0x000000076fe80000)
 ParOldGen       total 175104K, used 0K [0x00000006c1c00000, 0x00000006cc700000, 0x000000076b400000)
  object space 175104K, 0% used [0x00000006c1c00000,0x00000006c1c00000,0x00000006cc700000)
 Metaspace       used 12910K, capacity 13098K, committed 13312K, reserved 1060864K
  class space    used 1628K, capacity 1701K, committed 1792K, reserved 1048576K
Event: 3.491 GC heap after
Heap after GC invocations=1 (full 0):
 PSYoungGen      total 76288K, used 10720K [0x000000076b400000, 0x0000000770900000, 0x00000007c0000000)
  eden space 65536K, 0% used [0x000000076b400000,0x000000076b400000,0x000000076f400000)
  from space 10752K, 99% used [0x000000076f400000,0x000000076fe781a0,0x000000076fe80000)
  to   space 10752K, 0% used [0x000000076fe80000,0x000000076fe80000,0x0000000770900000)
 ParOldGen       total 175104K, used 2201K [0x00000006c1c00000, 0x00000006cc700000, 0x000000076b400000)
  object space 175104K, 1% used [0x00000006c1c00000,0x00000006c1e265b0,0x00000006cc700000)
 Metaspace       used 12910K, capacity 13098K, committed 13312K, reserved 1060864K
  class space    used 1628K, capacity 1701K, committed 1792K, reserved 1048576K
}
Event: 5.694 GC heap before
{Heap before GC invocations=2 (full 0):
 PSYoungGen      total 76288K, used 75641K [0x000000076b400000, 0x0000000770900000, 0x00000007c0000000)
  eden space 65536K, 99% used [0x000000076b400000,0x000000076f366560,0x000000076f400000)
  from space 10752K, 99% used [0x000000076f400000,0x000000076fe781a0,0x000000076fe80000)
  to   space 10752K, 0% used [0x000000076fe80000,0x000000076fe80000,0x0000000770900000)
 ParOldGen       total 175104K, used 2201K [0x00000006c1c00000, 0x00000006cc700000, 0x000000076b400000)
  object space 175104K, 1% used [0x00000006c1c00000,0x00000006c1e265b0,0x00000006cc700000)
 Metaspace       used 13705K, capacity 13932K, committed 14208K, reserved 1060864K
  class space    used 1742K, capacity 1806K, committed 1920K, reserved 1048576K
Event: 5.697 GC heap after
Heap after GC invocations=2 (full 0):
 PSYoungGen      total 76288K, used 8024K [0x000000076b400000, 0x0000000770900000, 0x00000007c0000000)
  eden space 65536K, 0% used [0x000000076b400000,0x000000076b400000,0x000000076f400000)
  from space 10752K, 74% used [0x000000076fe80000,0x0000000770656160,0x0000000770900000)
  to   space 10752K, 0% used [0x000000076f400000,0x000000076f400000,0x000000076fe80000)
 ParOldGen       total 175104K, used 2209K [0x00000006c1c00000, 0x00000006cc700000, 0x000000076b400000)
  object space 175104K, 1% used [0x00000006c1c00000,0x00000006c1e285b0,0x00000006cc700000)
 Metaspace       used 13705K, capacity 13932K, committed 14208K, reserved 1060864K
  class space    used 1742K, capacity 1806K, committed 1920K, reserved 1048576K
}

Deoptimization events (10 events):
Event: 0.460 Thread 0x000000001fdcf800 Uncommon trap: reason=class_check action=maybe_recompile pc=0x00000000035ffa2c method=java.util.HashMap.putVal(ILjava/lang/Object;Ljava/lang/Object;ZZ)Ljava/lang/Object; @ 253
Event: 0.460 Thread 0x000000001fdcf800 Uncommon trap: reason=class_check action=maybe_recompile pc=0x00000000035ffa2c method=java.util.HashMap.putVal(ILjava/lang/Object;Ljava/lang/Object;ZZ)Ljava/lang/Object; @ 253
Event: 0.460 Thread 0x000000001fdcf800 Uncommon trap: reason=class_check action=maybe_recompile pc=0x00000000035ffa2c method=java.util.HashMap.putVal(ILjava/lang/Object;Ljava/lang/Object;ZZ)Ljava/lang/Object; @ 253
Event: 1.880 Thread 0x000000001fdcf800 Uncommon trap: reason=unstable_if action=reinterpret pc=0x00000000036c7894 method=com.googlecode.javacv.cpp.opencv_core$IplImage.flipCopyWithGamma(Ljava/nio/ByteBuffer;ILjava/nio/ByteBuffer;IZDZI)V @ 50
Event: 4.152 Thread 0x000000001ffe3800 Uncommon trap: reason=unstable_if action=reinterpret pc=0x0000000003649130 method=java.util.HashMap.putVal(ILjava/lang/Object;Ljava/lang/Object;ZZ)Ljava/lang/Object; @ 109
Event: 4.152 Thread 0x000000001ffe3800 Uncommon trap: reason=unstable_if action=reinterpret pc=0x0000000003605760 method=java.util.HashMap.putVal(ILjava/lang/Object;Ljava/lang/Object;ZZ)Ljava/lang/Object; @ 109
Event: 4.154 Thread 0x000000001ffe3800 Uncommon trap: reason=unstable_if action=reinterpret pc=0x00000000036b8c54 method=java.awt.MultipleGradientPaintContext.indexIntoGradientsArrays(F)I @ 93
Event: 5.206 Thread 0x000000001ffe3800 Uncommon trap: reason=class_check action=maybe_recompile pc=0x000000000358a8d8 method=java.lang.String.equals(Ljava/lang/Object;)Z @ 8
Event: 5.206 Thread 0x000000001ffe3800 Uncommon trap: reason=class_check action=maybe_recompile pc=0x000000000358a8d8 method=java.lang.String.equals(Ljava/lang/Object;)Z @ 8
Event: 5.206 Thread 0x000000001ffe3800 Uncommon trap: reason=class_check action=maybe_recompile pc=0x000000000358a8d8 method=java.lang.String.equals(Ljava/lang/Object;)Z @ 8

Internal exceptions (10 events):
Event: 0.248 Thread 0x00000000032ed800 Exception <a 'java/lang/ClassNotFoundException': ToolBar> (0x000000076b960f08) thrown at [C:\re\workspace\8-2-build-windows-amd64-cygwin\jdk8u111\7883\hotspot\src\share\vm\classfile\systemDictionary.cpp, line 210]
Event: 0.248 Thread 0x00000000032ed800 Exception <a 'java/lang/ClassNotFoundException': ToggleButton> (0x000000076b9614b8) thrown at [C:\re\workspace\8-2-build-windows-amd64-cygwin\jdk8u111\7883\hotspot\src\share\vm\classfile\systemDictionary.cpp, line 210]
Event: 0.248 Thread 0x00000000032ed800 Exception <a 'java/lang/ClassNotFoundException': javax/swing/JToolBarSeparator> (0x000000076b961918) thrown at [C:\re\workspace\8-2-build-windows-amd64-cygwin\jdk8u111\7883\hotspot\src\share\vm\classfile\systemDictionary.cpp, line 210]
Event: 0.248 Thread 0x00000000032ed800 Exception <a 'java/lang/ClassNotFoundException': ToolBarSeparator> (0x000000076b961db0) thrown at [C:\re\workspace\8-2-build-windows-amd64-cygwin\jdk8u111\7883\hotspot\src\share\vm\classfile\systemDictionary.cpp, line 210]
Event: 0.248 Thread 0x00000000032ed800 Exception <a 'java/lang/ClassNotFoundException': ToolTip> (0x000000076b9624f0) thrown at [C:\re\workspace\8-2-build-windows-amd64-cygwin\jdk8u111\7883\hotspot\src\share\vm\classfile\systemDictionary.cpp, line 210]
Event: 0.249 Thread 0x00000000032ed800 Exception <a 'java/lang/ClassNotFoundException': Tree> (0x000000076b963110) thrown at [C:\re\workspace\8-2-build-windows-amd64-cygwin\jdk8u111\7883\hotspot\src\share\vm\classfile\systemDictionary.cpp, line 210]
Event: 0.249 Thread 0x00000000032ed800 Exception <a 'java/lang/ClassNotFoundException': Tree> (0x000000076b963850) thrown at [C:\re\workspace\8-2-build-windows-amd64-cygwin\jdk8u111\7883\hotspot\src\share\vm\classfile\systemDictionary.cpp, line 210]
Event: 0.249 Thread 0x00000000032ed800 Exception <a 'java/lang/ClassNotFoundException': javax/swing/JTreeCell> (0x000000076b963bd0) thrown at [C:\re\workspace\8-2-build-windows-amd64-cygwin\jdk8u111\7883\hotspot\src\share\vm\classfile\systemDictionary.cpp, line 210]
Event: 0.249 Thread 0x00000000032ed800 Exception <a 'java/lang/ClassNotFoundException': TreeCell> (0x000000076b964058) thrown at [C:\re\workspace\8-2-build-windows-amd64-cygwin\jdk8u111\7883\hotspot\src\share\vm\classfile\systemDictionary.cpp, line 210]
Event: 0.250 Thread 0x00000000032ed800 Exception <a 'java/lang/ClassNotFoundException': RootPane> (0x000000076b964ab8) thrown at [C:\re\workspace\8-2-build-windows-amd64-cygwin\jdk8u111\7883\hotspot\src\share\vm\classfile\systemDictionary.cpp, line 210]

Events (10 events):
Event: 5.206 Thread 0x000000001ffe3800 Uncommon trap: trap_request=0xffffffde fr.pc=0x000000000358a8d8
Event: 5.206 Thread 0x000000001ffe3800 DEOPT PACKING pc=0x000000000358a8d8 sp=0x00000000216694f0
Event: 5.206 Thread 0x000000001ffe3800 DEOPT UNPACKING pc=0x000000000344582a sp=0x0000000021669480 mode 2
Event: 5.207 loading class java/awt/KeyboardFocusManager$2
Event: 5.207 loading class java/awt/KeyboardFocusManager$2 done
Event: 5.207 loading class sun/awt/SunToolkit$1
Event: 5.207 loading class sun/awt/SunToolkit$1 done
Event: 5.435 Thread 0x000000001fdc2000 Thread exited: 0x000000001fdc2000
Event: 5.694 Executing VM operation: ParallelGCFailedAllocation
Event: 5.697 Executing VM operation: ParallelGCFailedAllocation done


Dynamic libraries:
0x00007ff6e4a90000 - 0x00007ff6e4ac7000 	C:\Program Files\Java\jdk1.8.0_111\bin\java.exe
0x00007ffcde120000 - 0x00007ffcde310000 	C:\WINDOWS\SYSTEM32\ntdll.dll
0x00007ffcdd4b0000 - 0x00007ffcdd562000 	C:\WINDOWS\System32\KERNEL32.DLL
0x00007ffcdb5f0000 - 0x00007ffcdb895000 	C:\WINDOWS\System32\KERNELBASE.dll
0x00007ffcdcd20000 - 0x00007ffcdcdc3000 	C:\WINDOWS\System32\ADVAPI32.dll
0x00007ffcdcdd0000 - 0x00007ffcdce6e000 	C:\WINDOWS\System32\msvcrt.dll
0x00007ffcdd410000 - 0x00007ffcdd4a7000 	C:\WINDOWS\System32\sechost.dll
0x00007ffcdca60000 - 0x00007ffcdcb80000 	C:\WINDOWS\System32\RPCRT4.dll
0x00007ffcdc8c0000 - 0x00007ffcdca54000 	C:\WINDOWS\System32\USER32.dll
0x00007ffcdb240000 - 0x00007ffcdb261000 	C:\WINDOWS\System32\win32u.dll
0x00007ffcdde00000 - 0x00007ffcdde26000 	C:\WINDOWS\System32\GDI32.dll
0x00007ffcdb450000 - 0x00007ffcdb5e6000 	C:\WINDOWS\System32\gdi32full.dll
0x00007ffcdb1a0000 - 0x00007ffcdb23e000 	C:\WINDOWS\System32\msvcp_win.dll
0x00007ffcdb350000 - 0x00007ffcdb44a000 	C:\WINDOWS\System32\ucrtbase.dll
0x00007ffccc850000 - 0x00007ffcccad4000 	C:\WINDOWS\WinSxS\amd64_microsoft.windows.common-controls_6595b64144ccf1df_6.0.18362.1139_none_9e7bf2d3e4605ac6\COMCTL32.dll
0x00007ffcdd060000 - 0x00007ffcdd395000 	C:\WINDOWS\System32\combase.dll
0x00007ffcdb0b0000 - 0x00007ffcdb130000 	C:\WINDOWS\System32\bcryptPrimitives.dll
0x00007ffcddd50000 - 0x00007ffcddd7e000 	C:\WINDOWS\System32\IMM32.DLL
0x0000000072730000 - 0x0000000072802000 	C:\Program Files\Java\jdk1.8.0_111\jre\bin\msvcr100.dll
0x0000000072810000 - 0x00000000730aa000 	C:\Program Files\Java\jdk1.8.0_111\jre\bin\server\jvm.dll
0x00007ffcdde30000 - 0x00007ffcdde38000 	C:\WINDOWS\System32\PSAPI.DLL
0x00007ffcbc810000 - 0x00007ffcbc819000 	C:\WINDOWS\SYSTEM32\WSOCK32.dll
0x00007ffcd7e90000 - 0x00007ffcd7eb4000 	C:\WINDOWS\SYSTEM32\WINMM.dll
0x00007ffcd3fb0000 - 0x00007ffcd3fba000 	C:\WINDOWS\SYSTEM32\VERSION.dll
0x00007ffcdd3a0000 - 0x00007ffcdd40f000 	C:\WINDOWS\System32\WS2_32.dll
0x00007ffcd7d30000 - 0x00007ffcd7d5d000 	C:\WINDOWS\SYSTEM32\winmmbase.dll
0x00007ffcdb130000 - 0x00007ffcdb17a000 	C:\WINDOWS\System32\cfgmgr32.dll
0x00000000726e0000 - 0x00000000726ef000 	C:\Program Files\Java\jdk1.8.0_111\jre\bin\verify.dll
0x00000000726b0000 - 0x00000000726d9000 	C:\Program Files\Java\jdk1.8.0_111\jre\bin\java.dll
0x0000000072690000 - 0x00000000726a6000 	C:\Program Files\Java\jdk1.8.0_111\jre\bin\zip.dll
0x00007ffcdc1d0000 - 0x00007ffcdc8b7000 	C:\WINDOWS\System32\SHELL32.dll
0x00007ffcdcf50000 - 0x00007ffcdcff9000 	C:\WINDOWS\System32\shcore.dll
0x00007ffcdb900000 - 0x00007ffcdc080000 	C:\WINDOWS\System32\windows.storage.dll
0x00007ffcdb080000 - 0x00007ffcdb0a3000 	C:\WINDOWS\System32\profapi.dll
0x00007ffcdb030000 - 0x00007ffcdb07a000 	C:\WINDOWS\System32\powrprof.dll
0x00007ffcdafe0000 - 0x00007ffcdaff0000 	C:\WINDOWS\System32\UMPDC.dll
0x00007ffcdccc0000 - 0x00007ffcdcd12000 	C:\WINDOWS\System32\shlwapi.dll
0x00007ffcdaff0000 - 0x00007ffcdb001000 	C:\WINDOWS\System32\kernel.appcore.dll
0x00007ffcdb180000 - 0x00007ffcdb197000 	C:\WINDOWS\System32\cryptsp.dll
0x00000000724b0000 - 0x0000000072648000 	C:\Program Files\Java\jdk1.8.0_111\jre\bin\awt.dll
0x00007ffcddc80000 - 0x00007ffcddd45000 	C:\WINDOWS\System32\OLEAUT32.dll
0x00007ffcd7f90000 - 0x00007ffcd801f000 	C:\WINDOWS\SYSTEM32\apphelp.dll
0x00007ffcd8080000 - 0x00007ffcd8119000 	C:\WINDOWS\system32\uxtheme.dll
0x00007ffcdd9e0000 - 0x00007ffcddb15000 	C:\WINDOWS\System32\MSCTF.dll
0x00007ffcddb20000 - 0x00007ffcddc77000 	C:\WINDOWS\System32\ole32.dll
0x00007ffcd8a30000 - 0x00007ffcd8a5d000 	C:\WINDOWS\system32\DWMAPI.DLL
0x0000000072460000 - 0x00000000724a7000 	C:\Program Files\Java\jdk1.8.0_111\jre\bin\fontmanager.dll
0x00007ffcbf7a0000 - 0x00007ffcbf83e000 	C:\WINDOWS\System32\TextInputFramework.dll
0x00007ffcd4500000 - 0x00007ffcd482a000 	C:\WINDOWS\System32\CoreUIComponents.dll
0x00007ffcd7c50000 - 0x00007ffcd7d24000 	C:\WINDOWS\System32\CoreMessaging.dll
0x00007ffcda020000 - 0x00007ffcda051000 	C:\WINDOWS\SYSTEM32\ntmarta.dll
0x00007ffcd6940000 - 0x00007ffcd6a93000 	C:\WINDOWS\SYSTEM32\wintypes.dll
0x0000000074050000 - 0x0000000074121000 	C:\Users\willi_bg\AppData\Local\Temp\javacpp3459147050900\msvcr100.dll
0x0000000073fb0000 - 0x0000000074048000 	C:\Users\willi_bg\AppData\Local\Temp\javacpp3459147050900\msvcp100.dll
0x0000000066840000 - 0x00000000676b4000 	C:\Users\willi_bg\AppData\Local\Temp\javacpp3459147050900\opencv_ffmpeg248_64.dll
0x00007ffc87e40000 - 0x00007ffc880b2000 	C:\Users\willi_bg\AppData\Local\Temp\javacpp3459147050900\opencv_core248.dll
0x00007ffc87770000 - 0x00007ffc87a22000 	C:\Users\willi_bg\AppData\Local\Temp\javacpp3459147050900\opencv_imgproc248.dll
0x00007ffc76150000 - 0x00007ffc7639d000 	C:\Users\willi_bg\AppData\Local\Temp\javacpp3459147050900\opencv_highgui248.dll
0x00007ffcd7210000 - 0x00007ffcd7230000 	C:\WINDOWS\SYSTEM32\AVIFIL32.dll
0x00007ffccffb0000 - 0x00007ffccffd9000 	C:\WINDOWS\SYSTEM32\MSVFW32.dll
0x00007ffccff90000 - 0x00007ffccffa8000 	C:\WINDOWS\SYSTEM32\AVICAP32.dll
0x00007ffcceab0000 - 0x00007ffcceacc000 	C:\WINDOWS\SYSTEM32\MSACM32.dll
0x00007ffccfe60000 - 0x00007ffccfe73000 	C:\Users\willi_bg\AppData\Local\Temp\javacpp3459147050900\jniopencv_highgui.dll
0x00007ffcdcbf0000 - 0x00007ffcdcc92000 	C:\WINDOWS\System32\clbcatq.dll
0x00007ffcc6840000 - 0x00007ffcc6858000 	C:\Windows\System32\devenum.dll
0x00007ffcdd570000 - 0x00007ffcdd9e0000 	C:\WINDOWS\System32\setupapi.dll
0x00007ffcdb270000 - 0x00007ffcdb296000 	C:\WINDOWS\System32\bcrypt.dll
0x00007ffcdad70000 - 0x00007ffcdad9a000 	C:\WINDOWS\SYSTEM32\DEVOBJ.dll
0x00007ffcdb8a0000 - 0x00007ffcdb8fc000 	C:\WINDOWS\System32\WINTRUST.dll
0x00007ffcdb010000 - 0x00007ffcdb022000 	C:\WINDOWS\System32\MSASN1.dll
0x00007ffcdc080000 - 0x00007ffcdc1c9000 	C:\WINDOWS\System32\CRYPT32.dll
0x00007ffcd67c0000 - 0x00007ffcd67cb000 	C:\WINDOWS\SYSTEM32\msdmo.dll
0x00007ffcb2fc0000 - 0x00007ffcb2ff4000 	C:\Windows\System32\qcap.dll
0x00007ffca23c0000 - 0x00007ffca2584000 	C:\Windows\System32\quartz.dll
0x00007ffcb2f70000 - 0x00007ffcb2fbc000 	C:\Windows\System32\mfksproxy.dll
0x00007ffcbca70000 - 0x00007ffcbca8c000 	C:\Windows\System32\ATL.DLL
0x00007ffcd5760000 - 0x00007ffcd595a000 	C:\Windows\System32\MFPlat.DLL
0x00007ffcd55f0000 - 0x00007ffcd561f000 	C:\Windows\System32\RTWorkQ.DLL
0x00007ffca4230000 - 0x00007ffca428c000 	C:\Windows\System32\MFSENSORGROUP.dll
0x00007ffca41e0000 - 0x00007ffca422d000 	C:\Windows\System32\ksproxy.ax
0x00007ffcd5620000 - 0x00007ffcd5629000 	C:\Windows\System32\ksuser.dll
0x00007ffc9fb80000 - 0x00007ffc9fd47000 	C:\Windows\System32\d3d9.dll
0x00007ffcd9ca0000 - 0x00007ffcd9cc0000 	C:\WINDOWS\SYSTEM32\dxcore.dll
0x00007ffcd51d0000 - 0x00007ffcd5258000 	C:\WINDOWS\SYSTEM32\policymanager.dll
0x00007ffcd6e40000 - 0x00007ffcd6eca000 	C:\Windows\System32\msvcp110_win.dll
0x00007ffcd66e0000 - 0x00007ffcd66ed000 	C:\Windows\System32\vidcap.ax
0x00007ffca4320000 - 0x00007ffca4346000 	C:\Windows\System32\kswdmcap.ax
0x00007ffc98020000 - 0x00007ffc98182000 	C:\Windows\System32\MFC42.dll
0x00007ffca2f10000 - 0x00007ffca2fb1000 	C:\Windows\System32\qedit.dll
0x00007ffcddff0000 - 0x00007ffcde0c0000 	C:\WINDOWS\System32\COMDLG32.dll
0x00007ffccc3f0000 - 0x00007ffccc593000 	C:\WINDOWS\WinSxS\amd64_microsoft.windows.gdiplus_6595b64144ccf1df_1.1.18362.1139_none_cf66e5b93ef2d494\gdiplus.dll
0x00007ffca2210000 - 0x00007ffca2307000 	C:\Windows\System32\DDRAW.dll
0x00007ffcd66b0000 - 0x00007ffcd66b8000 	C:\Windows\System32\DCIMAN32.dll
0x00007ffcd9cc0000 - 0x00007ffcd9dab000 	C:\Windows\System32\dxgi.dll
0x00007ffcd41c0000 - 0x00007ffcd4200000 	C:\Windows\System32\CapabilityAccessManagerClient.dll
0x00007ffc8d410000 - 0x00007ffc8d4aa000 	C:\Users\willi_bg\AppData\Local\Temp\javacpp3459147050900\jniopencv_core.dll
0x00000000723d0000 - 0x00000000723fa000 	C:\Program Files\Java\jdk1.8.0_111\jre\bin\dcpr.dll
0x0000000072670000 - 0x000000007268a000 	C:\Program Files\Java\jdk1.8.0_111\jre\bin\net.dll
0x00007ffcda7d0000 - 0x00007ffcda837000 	C:\WINDOWS\system32\mswsock.dll
0x0000000072650000 - 0x0000000072661000 	C:\Program Files\Java\jdk1.8.0_111\jre\bin\nio.dll
0x0000000072410000 - 0x0000000072452000 	C:\Program Files\Java\jdk1.8.0_111\jre\bin\t2k.dll
0x00007ffccf0a0000 - 0x00007ffccf347000 	C:\WINDOWS\System32\iertutil.dll
0x00007ffcd9750000 - 0x00007ffcd9944000 	C:\WINDOWS\SYSTEM32\dbghelp.dll

VM Arguments:
jvm_args: -Dfile.encoding=UTF-8 -Djava.library.path=C:\opencv310\build\java\x64 
java_command: javacv_forms.Ajframe
java_class_path (initial): D:\JavaCV\javacv-bin\javacpp.jar;D:\JavaCV\javacv-bin\javacv-windows-x86_64.jar;D:\JavaCV\javacv-bin\javacv.jar;D:\JavaCV\javacv-cppjars\ffmpeg-2.1.1-windows-x86_64.jar;D:\JavaCV\javacv-cppjars\opencv-2.4.8-windows-x86_64.jar;D:\Programing\TirarFoto\build\classes
Launcher Type: SUN_STANDARD

Environment Variables:
PATH=C:\Program Files (x86)\Common Files\Intel\Shared Libraries\redist\intel64\compiler;C:\Program Files\ImageMagick-7.0.10-Q16;C:\Python38\Scripts\;C:\Python38\;C:\Program Files (x86)\Common Files\Oracle\Java\javapath;C:\ProgramData\Oracle\Java\javapath;C:\WINDOWS\system32;C:\WINDOWS;C:\WINDOWS\System32\Wbem;C:\WINDOWS\System32\WindowsPowerShell\v1.0\;C:\WINDOWS\System32\OpenSSH\;C:\Program Files (x86)\Microsoft SQL Server\150\DTS\Binn\;C:\Program Files\Microsoft SQL Server\Client SDK\ODBC\130\Tools\Binn\;C:\Program Files (x86)\Microsoft SQL Server\140\Tools\Binn\;C:\Program Files\Microsoft SQL Server\140\Tools\Binn\;C:\Program Files\Microsoft SQL Server\140\DTS\Binn\;C:\Program Files\dotnet\;C:\Program Files\Microsoft SQL Server\130\Tools\Binn\;C:\Program Files\Microsoft SQL Server\Client SDK\ODBC\170\Tools\Binn\;C:\Program Files\nodejs\;C:\ProgramData\chocolatey\bin;C:\Program Files (x86)\MySQL;C:\Program Files\MySQL;D:\JavaCV\opencv\build\x64\vc14\bin;C:\Users\willi_bg\AppData\Local\Microsoft\WindowsApps;C:\Users\willi_bg\AppData\Local\Programs\Git\cmd
USERNAME=willi_bg
OS=Windows_NT
PROCESSOR_IDENTIFIER=Intel64 Family 6 Model 58 Stepping 9, GenuineIntel



---------------  S Y S T E M  ---------------

OS: Windows 10.0 , 64 bit Build 18362 (10.0.18362.1110)

CPU:total 8 (4 cores per cpu, 2 threads per core) family 6 model 58 stepping 9, cmov, cx8, fxsr, mmx, sse, sse2, sse3, ssse3, sse4.1, sse4.2, popcnt, avx, aes, clmul, erms, ht, tsc, tscinvbit, tscinv

Memory: 4k page, physical 16661892k(10499376k free), swap 22691204k(15433804k free)

vm_info: Java HotSpot(TM) 64-Bit Server VM (25.111-b14) for windows-amd64 JRE (1.8.0_111-b14), built on Sep 22 2016 19:24:05 by "java_re" with MS VC++ 10.0 (VS2010)

time: Thu Oct 22 10:11:04 2020
elapsed time: 5 seconds (0d 0h 0m 5s)

