#
# A fatal error has been detected by the Java Runtime Environment:
#
#  EXCEPTION_ACCESS_VIOLATION (0xc0000005) at pc=0x00007ffd569672a6, pid=3024, tid=0x0000000000000618
#
# JRE version: Java(TM) SE Runtime Environment (8.0_111-b14) (build 1.8.0_111-b14)
# Java VM: Java HotSpot(TM) 64-Bit Server VM (25.111-b14 mixed mode windows-amd64 compressed oops)
# Problematic frame:
# C  [ntdll.dll+0x72a6]
#
# Failed to write core dump. Minidumps are not enabled by default on client versions of Windows
#
# If you would like to submit a bug report, please visit:
#   http://bugreport.java.com/bugreport/crash.jsp
# The crash happened outside the Java Virtual Machine in native code.
# See problematic frame for where to report the bug.
#

---------------  T H R E A D  ---------------

Current thread (0x000000001f3bb000):  JavaThread "Thread-2" [_thread_in_native, id=1560, stack(0x0000000021260000,0x0000000021360000)]

siginfo: ExceptionCode=0xc0000005, writing address 0x0000000000000024

Registers:
RAX=0x0000000000000000, RBX=0x000000001f6666f8, RCX=0x000000001f6666f8, RDX=0x00000000fffffffa
RSP=0x000000002135ead0, RBP=0x00007ffcf004e600, RSI=0x0000000000000000, RDI=0x0000000000000000
R8 =0x0000000000000000, R9 =0x000000001f666700, R10=0x0000000000000000, R11=0x0000000000000246
R12=0x0000000000000000, R13=0x000000000085f000, R14=0x0000000000000001, R15=0x0000000000000000
RIP=0x00007ffd569672a6, EFLAGS=0x0000000000010213

Top of Stack: (sp=0x000000002135ead0)
0x000000002135ead0:   ffffffffffffffff 000000001f6666f8
0x000000002135eae0:   000000076f42d498 000000076f42d500
0x000000002135eaf0:   0000000000000000 000000002135eb10
0x000000002135eb00:   000000002135eba8 0000000002daefdc
0x000000002135eb10:   0000000000000000 00000000fffffffa
0x000000002135eb20:   000000000085f000 0000000000000000
0x000000002135eb30:   0000000000000000 00000000000001e0
0x000000002135eb40:   000000002135eba8 0000000002a4835d
0x000000002135eb50:   0000000000000000 0000000002a4835d
0x000000002135eb60:   0000a64d79d9ad08 000000002135eb68
0x000000002135eb70:   000000001f3bb000 0000000000000001
0x000000002135eb80:   0000000000000001 0000000000000001
0x000000002135eb90:   0000000000000000 000000001f6666f8
0x000000002135eba0:   00007ffcf004e600 00007ffd5697b576
0x000000002135ebb0:   000000002135ebf0 000000001befa348
0x000000002135ebc0:   00000000fffffffa ffffffffff676980 

Instructions: (pc=0x00007ffd569672a6)
0x00007ffd56967286:   48 39 73 18 0f 84 d1 00 00 00 48 8b 03 48 83 f8
0x00007ffd56967296:   ff 0f 84 d1 00 00 00 44 8b fe 48 83 f8 ff 74 03
0x00007ffd569672a6:   ff 40 24 4c 8b 73 18 4c 8d 2d 44 82 15 00 bd 22
0x00007ffd569672b6:   17 00 00 e8 82 89 03 00 85 c0 0f 85 de 0b 0a 00 


Register to memory mapping:

RAX=0x0000000000000000 is an unknown value
RBX=0x000000001f6666f8 is an unknown value
RCX=0x000000001f6666f8 is an unknown value
RDX=0x00000000fffffffa is an unknown value
RSP=0x000000002135ead0 is pointing into the stack for thread: 0x000000001f3bb000
RBP=0x00007ffcf004e600 is an unknown value
RSI=0x0000000000000000 is an unknown value
RDI=0x0000000000000000 is an unknown value
R8 =0x0000000000000000 is an unknown value
R9 =0x000000001f666700 is an unknown value
R10=0x0000000000000000 is an unknown value
R11=0x0000000000000246 is an unknown value
R12=0x0000000000000000 is an unknown value
R13=0x000000000085f000 is an unknown value
R14=0x0000000000000001 is an unknown value
R15=0x0000000000000000 is an unknown value


Stack: [0x0000000021260000,0x0000000021360000],  sp=0x000000002135ead0,  free space=1018k
Native frames: (J=compiled Java code, j=interpreted, Vv=VM code, C=native code)
C  [ntdll.dll+0x72a6]
C  [ntdll.dll+0x1b576]
C  [ntdll.dll+0x1b3c0]
C  [opencv_highgui248.dll+0x15963]
C  [opencv_highgui248.dll+0x16946]
C  [opencv_highgui248.dll+0x10b2]
C  [jniopencv_highgui.dll+0x75d9]
C  0x0000000002a57f74

Java frames: (J=compiled Java code, j=interpreted, Vv=VM code)
j  com.googlecode.javacv.cpp.opencv_highgui.cvQueryFrame(Lcom/googlecode/javacv/cpp/opencv_highgui$CvCapture;)Lcom/googlecode/javacv/cpp/opencv_core$IplImage;+0
j  screens.StartProgram$2.run()V+127
v  ~StubRoutines::call_stub

---------------  P R O C E S S  ---------------

Java Threads: ( => current thread )
  0x000000001f83e000 JavaThread "AWT-EventQueue-0" [_thread_blocked, id=5432, stack(0x0000000020b20000,0x0000000020c20000)]
  0x000000001f873000 JavaThread "AWT-Shutdown" [_thread_blocked, id=10288, stack(0x000000001fba0000,0x000000001fca0000)]
  0x000000001f47c000 JavaThread "mysql-cj-abandoned-connection-cleanup" daemon [_thread_blocked, id=8116, stack(0x0000000021460000,0x0000000021560000)]
=>0x000000001f3bb000 JavaThread "Thread-2" [_thread_in_native, id=1560, stack(0x0000000021260000,0x0000000021360000)]
  0x000000000293d800 JavaThread "DestroyJavaVM" [_thread_blocked, id=11448, stack(0x0000000002790000,0x0000000002890000)]
  0x000000001f33d800 JavaThread "AWT-Windows" daemon [_thread_in_native, id=15852, stack(0x000000001fca0000,0x000000001fda0000)]
  0x000000001f339800 JavaThread "Java2D Disposer" daemon [_thread_blocked, id=13556, stack(0x000000001faa0000,0x000000001fba0000)]
  0x000000001e3a6000 JavaThread "Service Thread" daemon [_thread_blocked, id=10576, stack(0x000000001ef40000,0x000000001f040000)]
  0x000000001e36e800 JavaThread "C1 CompilerThread3" daemon [_thread_blocked, id=10360, stack(0x000000001ee40000,0x000000001ef40000)]
  0x000000001e35e000 JavaThread "C2 CompilerThread2" daemon [_thread_blocked, id=13544, stack(0x000000001ed40000,0x000000001ee40000)]
  0x000000001e35b800 JavaThread "C2 CompilerThread1" daemon [_thread_blocked, id=1892, stack(0x000000001ec40000,0x000000001ed40000)]
  0x000000001e359000 JavaThread "C2 CompilerThread0" daemon [_thread_blocked, id=10444, stack(0x000000001eb40000,0x000000001ec40000)]
  0x000000001e358000 JavaThread "Attach Listener" daemon [_thread_blocked, id=14772, stack(0x000000001ea40000,0x000000001eb40000)]
  0x000000001e357000 JavaThread "Signal Dispatcher" daemon [_thread_blocked, id=7088, stack(0x000000001e940000,0x000000001ea40000)]
  0x000000001c462800 JavaThread "Finalizer" daemon [_thread_blocked, id=5004, stack(0x000000001e730000,0x000000001e830000)]
  0x0000000002a36000 JavaThread "Reference Handler" daemon [_thread_blocked, id=9524, stack(0x000000001e230000,0x000000001e330000)]

Other Threads:
  0x000000001c459000 VMThread [stack: 0x000000001e130000,0x000000001e230000] [id=15652]
  0x000000001e3a9000 WatcherThread [stack: 0x000000001f1a0000,0x000000001f2a0000] [id=8532]

VM state:not at safepoint (normal execution)

VM Mutex/Monitor currently owned by a thread: None

Heap:
 PSYoungGen      total 76288K, used 11057K [0x000000076b400000, 0x0000000770900000, 0x00000007c0000000)
  eden space 65536K, 5% used [0x000000076b400000,0x000000076b784530,0x000000076f400000)
  from space 10752K, 69% used [0x000000076f400000,0x000000076fb48180,0x000000076fe80000)
  to   space 10752K, 0% used [0x000000076fe80000,0x000000076fe80000,0x0000000770900000)
 ParOldGen       total 175104K, used 5877K [0x00000006c1c00000, 0x00000006cc700000, 0x000000076b400000)
  object space 175104K, 3% used [0x00000006c1c00000,0x00000006c21bd7a8,0x00000006cc700000)
 Metaspace       used 17082K, capacity 17394K, committed 17664K, reserved 1064960K
  class space    used 2105K, capacity 2185K, committed 2304K, reserved 1048576K

Card table byte_map: [0x0000000011e00000,0x0000000012600000] byte_map_base: 0x000000000e7f2000

Marking Bits: (ParMarkBitMap*) 0x000000007322a6c0
 Begin Bits: [0x0000000013350000, 0x00000000172e0000)
 End Bits:   [0x00000000172e0000, 0x000000001b270000)

Polling page: 0x0000000000b10000

CodeCache: size=245760Kb used=4282Kb max_used=4282Kb free=241477Kb
 bounds [0x0000000002a40000, 0x0000000002e80000, 0x0000000011a40000]
 total_blobs=1833 nmethods=1245 adapters=501
 compilation: enabled

Compilation events (10 events):
Event: 7.994 Thread 0x000000001e36e800 1241       3       java.awt.EventQueue$2::wakeup (6 bytes)
Event: 7.994 Thread 0x000000001e36e800 nmethod 1241 0x0000000002e6e190 code [0x0000000002e6e300, 0x0000000002e6e4e8]
Event: 7.994 Thread 0x000000001e36e800 1242       3       java.awt.EventQueue::access$100 (6 bytes)
Event: 7.994 Thread 0x000000001e36e800 nmethod 1242 0x0000000002e6e610 code [0x0000000002e6e780, 0x0000000002e6e8e8]
Event: 7.994 Thread 0x000000001e36e800 1243   !   3       java.awt.EventQueue::wakeup (79 bytes)
Event: 7.994 Thread 0x000000001e36e800 nmethod 1243 0x0000000002e6e9d0 code [0x0000000002e6ebe0, 0x0000000002e6f478]
Event: 7.994 Thread 0x000000001e36e800 1244   !   3       sun.awt.PostEventQueue::postEvent (81 bytes)
Event: 7.995 Thread 0x000000001e36e800 nmethod 1244 0x0000000002e6f910 code [0x0000000002e6fae0, 0x0000000002e70478]
Event: 8.058 Thread 0x000000001e36e800 1245       3       java.awt.event.ComponentEvent::<init> (7 bytes)
Event: 8.058 Thread 0x000000001e36e800 nmethod 1245 0x0000000002e70910 code [0x0000000002e70a80, 0x0000000002e70c08]

GC Heap History (6 events):
Event: 3.262 GC heap before
{Heap before GC invocations=1 (full 0):
 PSYoungGen      total 76288K, used 65500K [0x000000076b400000, 0x0000000770900000, 0x00000007c0000000)
  eden space 65536K, 99% used [0x000000076b400000,0x000000076f3f73d8,0x000000076f400000)
  from space 10752K, 0% used [0x000000076fe80000,0x000000076fe80000,0x0000000770900000)
  to   space 10752K, 0% used [0x000000076f400000,0x000000076f400000,0x000000076fe80000)
 ParOldGen       total 175104K, used 0K [0x00000006c1c00000, 0x00000006cc700000, 0x000000076b400000)
  object space 175104K, 0% used [0x00000006c1c00000,0x00000006c1c00000,0x00000006cc700000)
 Metaspace       used 16172K, capacity 16432K, committed 16768K, reserved 1064960K
  class space    used 1989K, capacity 2080K, committed 2176K, reserved 1048576K
Event: 3.269 GC heap after
Heap after GC invocations=1 (full 0):
 PSYoungGen      total 76288K, used 10748K [0x000000076b400000, 0x0000000770900000, 0x00000007c0000000)
  eden space 65536K, 0% used [0x000000076b400000,0x000000076b400000,0x000000076f400000)
  from space 10752K, 99% used [0x000000076f400000,0x000000076fe7f0a0,0x000000076fe80000)
  to   space 10752K, 0% used [0x000000076fe80000,0x000000076fe80000,0x0000000770900000)
 ParOldGen       total 175104K, used 4061K [0x00000006c1c00000, 0x00000006cc700000, 0x000000076b400000)
  object space 175104K, 2% used [0x00000006c1c00000,0x00000006c1ff7788,0x00000006cc700000)
 Metaspace       used 16172K, capacity 16432K, committed 16768K, reserved 1064960K
  class space    used 1989K, capacity 2080K, committed 2176K, reserved 1048576K
}
Event: 5.438 GC heap before
{Heap before GC invocations=2 (full 0):
 PSYoungGen      total 76288K, used 75412K [0x000000076b400000, 0x0000000770900000, 0x00000007c0000000)
  eden space 65536K, 98% used [0x000000076b400000,0x000000076f3261f8,0x000000076f400000)
  from space 10752K, 99% used [0x000000076f400000,0x000000076fe7f0a0,0x000000076fe80000)
  to   space 10752K, 0% used [0x000000076fe80000,0x000000076fe80000,0x0000000770900000)
 ParOldGen       total 175104K, used 4061K [0x00000006c1c00000, 0x00000006cc700000, 0x000000076b400000)
  object space 175104K, 2% used [0x00000006c1c00000,0x00000006c1ff7788,0x00000006cc700000)
 Metaspace       used 16985K, capacity 17326K, committed 17664K, reserved 1064960K
  class space    used 2104K, capacity 2185K, committed 2304K, reserved 1048576K
Event: 5.442 GC heap after
Heap after GC invocations=2 (full 0):
 PSYoungGen      total 76288K, used 10616K [0x000000076b400000, 0x0000000770900000, 0x00000007c0000000)
  eden space 65536K, 0% used [0x000000076b400000,0x000000076b400000,0x000000076f400000)
  from space 10752K, 98% used [0x000000076fe80000,0x00000007708de1a8,0x0000000770900000)
  to   space 10752K, 0% used [0x000000076f400000,0x000000076f400000,0x000000076fe80000)
 ParOldGen       total 175104K, used 5869K [0x00000006c1c00000, 0x00000006cc700000, 0x000000076b400000)
  object space 175104K, 3% used [0x00000006c1c00000,0x00000006c21bb7a8,0x00000006cc700000)
 Metaspace       used 16985K, capacity 17326K, committed 17664K, reserved 1064960K
  class space    used 2104K, capacity 2185K, committed 2304K, reserved 1048576K
}
Event: 7.822 GC heap before
{Heap before GC invocations=3 (full 0):
 PSYoungGen      total 76288K, used 76069K [0x000000076b400000, 0x0000000770900000, 0x00000007c0000000)
  eden space 65536K, 99% used [0x000000076b400000,0x000000076f3eb4a8,0x000000076f400000)
  from space 10752K, 98% used [0x000000076fe80000,0x00000007708de1a8,0x0000000770900000)
  to   space 10752K, 0% used [0x000000076f400000,0x000000076f400000,0x000000076fe80000)
 ParOldGen       total 175104K, used 5869K [0x00000006c1c00000, 0x00000006cc700000, 0x000000076b400000)
  object space 175104K, 3% used [0x00000006c1c00000,0x00000006c21bb7a8,0x00000006cc700000)
 Metaspace       used 17069K, capacity 17394K, committed 17664K, reserved 1064960K
  class space    used 2105K, capacity 2185K, committed 2304K, reserved 1048576K
Event: 7.824 GC heap after
Heap after GC invocations=3 (full 0):
 PSYoungGen      total 76288K, used 7456K [0x000000076b400000, 0x0000000770900000, 0x00000007c0000000)
  eden space 65536K, 0% used [0x000000076b400000,0x000000076b400000,0x000000076f400000)
  from space 10752K, 69% used [0x000000076f400000,0x000000076fb48180,0x000000076fe80000)
  to   space 10752K, 0% used [0x000000076fe80000,0x000000076fe80000,0x0000000770900000)
 ParOldGen       total 175104K, used 5877K [0x00000006c1c00000, 0x00000006cc700000, 0x000000076b400000)
  object space 175104K, 3% used [0x00000006c1c00000,0x00000006c21bd7a8,0x00000006cc700000)
 Metaspace       used 17069K, capacity 17394K, committed 17664K, reserved 1064960K
  class space    used 2105K, capacity 2185K, committed 2304K, reserved 1048576K
}

Deoptimization events (10 events):
Event: 0.684 Thread 0x000000001f3bb000 Uncommon trap: reason=class_check action=maybe_recompile pc=0x0000000002cadda4 method=java.util.HashMap.putVal(ILjava/lang/Object;Ljava/lang/Object;ZZ)Ljava/lang/Object; @ 253
Event: 0.686 Thread 0x000000001f3bb000 Uncommon trap: reason=class_check action=maybe_recompile pc=0x0000000002cadda4 method=java.util.HashMap.putVal(ILjava/lang/Object;Ljava/lang/Object;ZZ)Ljava/lang/Object; @ 253
Event: 0.686 Thread 0x000000001f3bb000 Uncommon trap: reason=class_check action=maybe_recompile pc=0x0000000002cb2204 method=java.util.HashMap.putVal(ILjava/lang/Object;Ljava/lang/Object;ZZ)Ljava/lang/Object; @ 253
Event: 2.014 Thread 0x000000001f3bb000 Uncommon trap: reason=unstable_if action=reinterpret pc=0x0000000002d81054 method=com.googlecode.javacv.cpp.opencv_core$IplImage.flipCopyWithGamma(Ljava/nio/ByteBuffer;ILjava/nio/ByteBuffer;IZDZI)V @ 50
Event: 5.103 Thread 0x000000001f83e000 Uncommon trap: reason=unstable_if action=reinterpret pc=0x0000000002ce7aa0 method=java.util.zip.ZipCoder.encoder()Ljava/nio/charset/CharsetEncoder; @ 4
Event: 5.194 Thread 0x000000001f83e000 Uncommon trap: reason=unstable_if action=reinterpret pc=0x0000000002cea388 method=java.util.HashMap.putVal(ILjava/lang/Object;Ljava/lang/Object;ZZ)Ljava/lang/Object; @ 109
Event: 5.195 Thread 0x000000001f83e000 Uncommon trap: reason=unstable_if action=reinterpret pc=0x0000000002d6f594 method=java.awt.MultipleGradientPaintContext.indexIntoGradientsArrays(F)I @ 93
Event: 7.273 Thread 0x000000001f83e000 Uncommon trap: reason=class_check action=maybe_recompile pc=0x0000000002bcd090 method=java.lang.String.equals(Ljava/lang/Object;)Z @ 8
Event: 7.273 Thread 0x000000001f83e000 Uncommon trap: reason=class_check action=maybe_recompile pc=0x0000000002bcd090 method=java.lang.String.equals(Ljava/lang/Object;)Z @ 8
Event: 7.274 Thread 0x000000001f83e000 Uncommon trap: reason=class_check action=maybe_recompile pc=0x0000000002bcd090 method=java.lang.String.equals(Ljava/lang/Object;)Z @ 8

Internal exceptions (10 events):
Event: 0.250 Thread 0x000000000293d800 Exception <a 'java/lang/ClassNotFoundException': javax/swing/JToolBarSeparator> (0x000000076b96cd98) thrown at [C:\re\workspace\8-2-build-windows-amd64-cygwin\jdk8u111\7883\hotspot\src\share\vm\classfile\systemDictionary.cpp, line 210]
Event: 0.251 Thread 0x000000000293d800 Exception <a 'java/lang/ClassNotFoundException': ToolBarSeparator> (0x000000076b96d230) thrown at [C:\re\workspace\8-2-build-windows-amd64-cygwin\jdk8u111\7883\hotspot\src\share\vm\classfile\systemDictionary.cpp, line 210]
Event: 0.251 Thread 0x000000000293d800 Exception <a 'java/lang/ClassNotFoundException': ToolTip> (0x000000076b96d970) thrown at [C:\re\workspace\8-2-build-windows-amd64-cygwin\jdk8u111\7883\hotspot\src\share\vm\classfile\systemDictionary.cpp, line 210]
Event: 0.252 Thread 0x000000000293d800 Exception <a 'java/lang/ClassNotFoundException': Tree> (0x000000076b96e590) thrown at [C:\re\workspace\8-2-build-windows-amd64-cygwin\jdk8u111\7883\hotspot\src\share\vm\classfile\systemDictionary.cpp, line 210]
Event: 0.252 Thread 0x000000000293d800 Exception <a 'java/lang/ClassNotFoundException': Tree> (0x000000076b96ecd0) thrown at [C:\re\workspace\8-2-build-windows-amd64-cygwin\jdk8u111\7883\hotspot\src\share\vm\classfile\systemDictionary.cpp, line 210]
Event: 0.252 Thread 0x000000000293d800 Exception <a 'java/lang/ClassNotFoundException': javax/swing/JTreeCell> (0x000000076b96f050) thrown at [C:\re\workspace\8-2-build-windows-amd64-cygwin\jdk8u111\7883\hotspot\src\share\vm\classfile\systemDictionary.cpp, line 210]
Event: 0.252 Thread 0x000000000293d800 Exception <a 'java/lang/ClassNotFoundException': TreeCell> (0x000000076b96f4d8) thrown at [C:\re\workspace\8-2-build-windows-amd64-cygwin\jdk8u111\7883\hotspot\src\share\vm\classfile\systemDictionary.cpp, line 210]
Event: 0.252 Thread 0x000000000293d800 Exception <a 'java/lang/ClassNotFoundException': RootPane> (0x000000076b96ff38) thrown at [C:\re\workspace\8-2-build-windows-amd64-cygwin\jdk8u111\7883\hotspot\src\share\vm\classfile\systemDictionary.cpp, line 210]
Event: 0.673 Thread 0x000000001f3bb000 Implicit null exception at 0x0000000002c9fc25 to 0x0000000002ca0381
Event: 5.103 Thread 0x000000001f83e000 Implicit null exception at 0x0000000002ce6bed to 0x0000000002ce7a79

Events (10 events):
Event: 7.274 Thread 0x000000001f83e000 DEOPT UNPACKING pc=0x0000000002a8582a sp=0x0000000020c19510 mode 2
Event: 7.274 Thread 0x000000001f83e000 Uncommon trap: trap_request=0xffffffde fr.pc=0x0000000002bcd090
Event: 7.274 Thread 0x000000001f83e000 DEOPT PACKING pc=0x0000000002bcd090 sp=0x0000000020c19500
Event: 7.274 Thread 0x000000001f83e000 DEOPT UNPACKING pc=0x0000000002a8582a sp=0x0000000020c19490 mode 2
Event: 7.274 loading class java/awt/KeyboardFocusManager$2
Event: 7.274 loading class java/awt/KeyboardFocusManager$2 done
Event: 7.274 loading class sun/awt/SunToolkit$1
Event: 7.274 loading class sun/awt/SunToolkit$1 done
Event: 7.822 Executing VM operation: ParallelGCFailedAllocation
Event: 7.824 Executing VM operation: ParallelGCFailedAllocation done


Dynamic libraries:
0x00007ff671970000 - 0x00007ff6719a7000 	C:\Program Files\Java\jdk1.8.0_111\bin\java.exe
0x00007ffd56960000 - 0x00007ffd56b50000 	C:\WINDOWS\SYSTEM32\ntdll.dll
0x00007ffd54fc0000 - 0x00007ffd55072000 	C:\WINDOWS\System32\KERNEL32.DLL
0x00007ffd54640000 - 0x00007ffd548e5000 	C:\WINDOWS\System32\KERNELBASE.dll
0x00007ffd54e70000 - 0x00007ffd54f13000 	C:\WINDOWS\System32\ADVAPI32.dll
0x00007ffd564c0000 - 0x00007ffd5655e000 	C:\WINDOWS\System32\msvcrt.dll
0x00007ffd54f20000 - 0x00007ffd54fb7000 	C:\WINDOWS\System32\sechost.dll
0x00007ffd55100000 - 0x00007ffd55220000 	C:\WINDOWS\System32\RPCRT4.dll
0x00007ffd559d0000 - 0x00007ffd55b64000 	C:\WINDOWS\System32\USER32.dll
0x00007ffd53950000 - 0x00007ffd53971000 	C:\WINDOWS\System32\win32u.dll
0x00007ffd55b70000 - 0x00007ffd55b96000 	C:\WINDOWS\System32\GDI32.dll
0x00007ffd54480000 - 0x00007ffd54616000 	C:\WINDOWS\System32\gdi32full.dll
0x00007ffd548f0000 - 0x00007ffd5498e000 	C:\WINDOWS\System32\msvcp_win.dll
0x00007ffd54330000 - 0x00007ffd5442a000 	C:\WINDOWS\System32\ucrtbase.dll
0x00007ffd3fdc0000 - 0x00007ffd40044000 	C:\WINDOWS\WinSxS\amd64_microsoft.windows.common-controls_6595b64144ccf1df_6.0.18362.1139_none_9e7bf2d3e4605ac6\COMCTL32.dll
0x00007ffd56560000 - 0x00007ffd56895000 	C:\WINDOWS\System32\combase.dll
0x00007ffd54990000 - 0x00007ffd54a10000 	C:\WINDOWS\System32\bcryptPrimitives.dll
0x00007ffd54e40000 - 0x00007ffd54e6e000 	C:\WINDOWS\System32\IMM32.DLL
0x0000000072930000 - 0x0000000072a02000 	C:\Program Files\Java\jdk1.8.0_111\jre\bin\msvcr100.dll
0x0000000072a10000 - 0x00000000732aa000 	C:\Program Files\Java\jdk1.8.0_111\jre\bin\server\jvm.dll
0x00007ffd55220000 - 0x00007ffd55228000 	C:\WINDOWS\System32\PSAPI.DLL
0x00007ffd42780000 - 0x00007ffd42789000 	C:\WINDOWS\SYSTEM32\WSOCK32.dll
0x00007ffd506d0000 - 0x00007ffd506f4000 	C:\WINDOWS\SYSTEM32\WINMM.dll
0x00007ffd4bcd0000 - 0x00007ffd4bcda000 	C:\WINDOWS\SYSTEM32\VERSION.dll
0x00007ffd55080000 - 0x00007ffd550ef000 	C:\WINDOWS\System32\WS2_32.dll
0x00007ffd506a0000 - 0x00007ffd506cd000 	C:\WINDOWS\SYSTEM32\winmmbase.dll
0x00007ffd54430000 - 0x00007ffd5447a000 	C:\WINDOWS\System32\cfgmgr32.dll
0x00000000728e0000 - 0x00000000728ef000 	C:\Program Files\Java\jdk1.8.0_111\jre\bin\verify.dll
0x00000000728b0000 - 0x00000000728d9000 	C:\Program Files\Java\jdk1.8.0_111\jre\bin\java.dll
0x0000000072890000 - 0x00000000728a6000 	C:\Program Files\Java\jdk1.8.0_111\jre\bin\zip.dll
0x00007ffd55dd0000 - 0x00007ffd564b7000 	C:\WINDOWS\System32\SHELL32.dll
0x00007ffd54ae0000 - 0x00007ffd54b89000 	C:\WINDOWS\System32\shcore.dll
0x00007ffd53bb0000 - 0x00007ffd54330000 	C:\WINDOWS\System32\windows.storage.dll
0x00007ffd53830000 - 0x00007ffd53853000 	C:\WINDOWS\System32\profapi.dll
0x00007ffd53880000 - 0x00007ffd538ca000 	C:\WINDOWS\System32\powrprof.dll
0x00007ffd53820000 - 0x00007ffd53830000 	C:\WINDOWS\System32\UMPDC.dll
0x00007ffd54ce0000 - 0x00007ffd54d32000 	C:\WINDOWS\System32\shlwapi.dll
0x00007ffd538d0000 - 0x00007ffd538e1000 	C:\WINDOWS\System32\kernel.appcore.dll
0x00007ffd54620000 - 0x00007ffd54637000 	C:\WINDOWS\System32\cryptsp.dll
0x00000000726b0000 - 0x0000000072848000 	C:\Program Files\Java\jdk1.8.0_111\jre\bin\awt.dll
0x00007ffd55230000 - 0x00007ffd552f5000 	C:\WINDOWS\System32\OLEAUT32.dll
0x00007ffd507d0000 - 0x00007ffd5085f000 	C:\WINDOWS\SYSTEM32\apphelp.dll
0x00007ffd508c0000 - 0x00007ffd50959000 	C:\WINDOWS\system32\uxtheme.dll
0x00007ffd54ba0000 - 0x00007ffd54cd5000 	C:\WINDOWS\System32\MSCTF.dll
0x00007ffd55c70000 - 0x00007ffd55dc7000 	C:\WINDOWS\System32\ole32.dll
0x00007ffd51260000 - 0x00007ffd5128d000 	C:\WINDOWS\system32\DWMAPI.DLL
0x0000000072660000 - 0x00000000726a7000 	C:\Program Files\Java\jdk1.8.0_111\jre\bin\fontmanager.dll
0x00007ffd33570000 - 0x00007ffd3360e000 	C:\WINDOWS\System32\TextInputFramework.dll
0x00007ffd4c580000 - 0x00007ffd4c8aa000 	C:\WINDOWS\System32\CoreUIComponents.dll
0x00007ffd4fc50000 - 0x00007ffd4fd24000 	C:\WINDOWS\System32\CoreMessaging.dll
0x00007ffd52860000 - 0x00007ffd52891000 	C:\WINDOWS\SYSTEM32\ntmarta.dll
0x00007ffd4f1b0000 - 0x00007ffd4f303000 	C:\WINDOWS\SYSTEM32\wintypes.dll
0x0000000072870000 - 0x000000007288a000 	C:\Program Files\Java\jdk1.8.0_111\jre\bin\net.dll
0x00007ffd53010000 - 0x00007ffd53077000 	C:\WINDOWS\system32\mswsock.dll
0x00007ffd52d60000 - 0x00007ffd52e2b000 	C:\WINDOWS\SYSTEM32\DNSAPI.dll
0x00007ffd550f0000 - 0x00007ffd550f8000 	C:\WINDOWS\System32\NSI.dll
0x00007ffd52d20000 - 0x00007ffd52d5a000 	C:\WINDOWS\SYSTEM32\IPHLPAPI.DLL
0x00007ffd48ae0000 - 0x00007ffd48aea000 	C:\Windows\System32\rasadhlp.dll
0x00007ffd4c500000 - 0x00007ffd4c577000 	C:\WINDOWS\System32\fwpuclnt.dll
0x00007ffd53a30000 - 0x00007ffd53a56000 	C:\WINDOWS\System32\bcrypt.dll
0x0000000074250000 - 0x0000000074321000 	C:\Users\willi_bg\AppData\Local\Temp\javacpp2194219544900\msvcr100.dll
0x00000000741b0000 - 0x0000000074248000 	C:\Users\willi_bg\AppData\Local\Temp\javacpp2194219544900\msvcp100.dll
0x0000000066840000 - 0x00000000676b4000 	C:\Users\willi_bg\AppData\Local\Temp\javacpp2194219544900\opencv_ffmpeg248_64.dll
0x00007ffcf0330000 - 0x00007ffcf05a2000 	C:\Users\willi_bg\AppData\Local\Temp\javacpp2194219544900\opencv_core248.dll
0x00007ffcf0070000 - 0x00007ffcf0322000 	C:\Users\willi_bg\AppData\Local\Temp\javacpp2194219544900\opencv_imgproc248.dll
0x00007ffcefe20000 - 0x00007ffcf006d000 	C:\Users\willi_bg\AppData\Local\Temp\javacpp2194219544900\opencv_highgui248.dll
0x00007ffd4cfe0000 - 0x00007ffd4d000000 	C:\WINDOWS\SYSTEM32\AVIFIL32.dll
0x00007ffd1ea10000 - 0x00007ffd1ea28000 	C:\WINDOWS\SYSTEM32\AVICAP32.dll
0x00007ffd34ba0000 - 0x00007ffd34bc9000 	C:\WINDOWS\SYSTEM32\MSVFW32.dll
0x00007ffd39580000 - 0x00007ffd3959c000 	C:\WINDOWS\SYSTEM32\MSACM32.dll
0x00007ffd1e9f0000 - 0x00007ffd1ea03000 	C:\Users\willi_bg\AppData\Local\Temp\javacpp2194219544900\jniopencv_highgui.dll
0x00007ffd55920000 - 0x00007ffd559c2000 	C:\WINDOWS\System32\clbcatq.dll
0x00007ffd1da50000 - 0x00007ffd1da68000 	C:\Windows\System32\devenum.dll
0x00007ffd55300000 - 0x00007ffd55770000 	C:\WINDOWS\System32\setupapi.dll
0x00007ffd535b0000 - 0x00007ffd535da000 	C:\WINDOWS\SYSTEM32\DEVOBJ.dll
0x00007ffd538f0000 - 0x00007ffd5394c000 	C:\WINDOWS\System32\WINTRUST.dll
0x00007ffd53860000 - 0x00007ffd53872000 	C:\WINDOWS\System32\MSASN1.dll
0x00007ffd53a60000 - 0x00007ffd53ba9000 	C:\WINDOWS\System32\CRYPT32.dll
0x00007ffd50670000 - 0x00007ffd5067b000 	C:\WINDOWS\SYSTEM32\msdmo.dll
0x00007ffd1da10000 - 0x00007ffd1da44000 	C:\Windows\System32\qcap.dll
0x00007ffcfa080000 - 0x00007ffcfa244000 	C:\Windows\System32\quartz.dll
0x00007ffd1d980000 - 0x00007ffd1d9cc000 	C:\Windows\System32\mfksproxy.dll
0x00007ffd381e0000 - 0x00007ffd381fc000 	C:\Windows\System32\ATL.DLL
0x00007ffd4e130000 - 0x00007ffd4e32a000 	C:\Windows\System32\MFPlat.DLL
0x00007ffd4e4d0000 - 0x00007ffd4e4ff000 	C:\Windows\System32\RTWorkQ.DLL
0x00007ffd1d530000 - 0x00007ffd1d58c000 	C:\Windows\System32\MFSENSORGROUP.dll
0x00007ffd1d4e0000 - 0x00007ffd1d52d000 	C:\Windows\System32\ksproxy.ax
0x00007ffd4d910000 - 0x00007ffd4d919000 	C:\Windows\System32\ksuser.dll
0x00007ffd12d30000 - 0x00007ffd12ef7000 	C:\Windows\System32\d3d9.dll
0x00007ffd524e0000 - 0x00007ffd52500000 	C:\WINDOWS\SYSTEM32\dxcore.dll
0x00007ffd4dd90000 - 0x00007ffd4de18000 	C:\WINDOWS\SYSTEM32\policymanager.dll
0x00007ffd4f550000 - 0x00007ffd4f5da000 	C:\Windows\System32\msvcp110_win.dll
0x00007ffd50560000 - 0x00007ffd5056d000 	C:\Windows\System32\vidcap.ax
0x00007ffd1d3f0000 - 0x00007ffd1d416000 	C:\Windows\System32\kswdmcap.ax
0x00007ffcefcb0000 - 0x00007ffcefe12000 	C:\Windows\System32\MFC42.dll
0x00007ffd155c0000 - 0x00007ffd15661000 	C:\Windows\System32\qedit.dll
0x00007ffd55ba0000 - 0x00007ffd55c70000 	C:\WINDOWS\System32\COMDLG32.dll
0x00007ffd39a00000 - 0x00007ffd39ba3000 	C:\WINDOWS\WinSxS\amd64_microsoft.windows.gdiplus_6595b64144ccf1df_1.1.18362.1139_none_cf66e5b93ef2d494\gdiplus.dll
0x00007ffcf5b80000 - 0x00007ffcf5c77000 	C:\Windows\System32\DDRAW.dll
0x00007ffd4f330000 - 0x00007ffd4f338000 	C:\Windows\System32\DCIMAN32.dll
0x00007ffd52500000 - 0x00007ffd525eb000 	C:\Windows\System32\dxgi.dll
0x00007ffd4d300000 - 0x00007ffd4d340000 	C:\Windows\System32\CapabilityAccessManagerClient.dll
0x00007ffd07220000 - 0x00007ffd072ba000 	C:\Users\willi_bg\AppData\Local\Temp\javacpp2194219544900\jniopencv_core.dll
0x00000000725d0000 - 0x00000000725fa000 	C:\Program Files\Java\jdk1.8.0_111\jre\bin\dcpr.dll
0x0000000072850000 - 0x0000000072861000 	C:\Program Files\Java\jdk1.8.0_111\jre\bin\nio.dll
0x0000000072610000 - 0x0000000072652000 	C:\Program Files\Java\jdk1.8.0_111\jre\bin\t2k.dll
0x00007ffd44d50000 - 0x00007ffd44ff7000 	C:\WINDOWS\System32\iertutil.dll
0x00007ffd51e40000 - 0x00007ffd52034000 	C:\WINDOWS\SYSTEM32\dbghelp.dll

VM Arguments:
jvm_args: -Dfile.encoding=UTF-8 -Djava.library.path=C:\opencv310\build\java\x64 
java_command: screens.StartProgram
java_class_path (initial): D:\JavaCV\javacv-bin\javacpp.jar;D:\JavaCV\javacv-bin\javacv-windows-x86_64.jar;D:\JavaCV\javacv-bin\javacv.jar;D:\JavaCV\javacv-cppjars\ffmpeg-2.1.1-windows-x86_64.jar;D:\JavaCV\javacv-cppjars\opencv-2.4.8-windows-x86_64.jar;C:\Users\willi\Downloads\mysql-connector-java-8.0.18\mysql-connector-java-8.0.18.jar;D:\Programing\TirarFoto\build\classes
Launcher Type: SUN_STANDARD

Environment Variables:
PATH=C:\Program Files (x86)\Common Files\Intel\Shared Libraries\redist\intel64\compiler;C:\Program Files\ImageMagick-7.0.10-Q16;C:\Python38\Scripts\;C:\Python38\;C:\Program Files (x86)\Common Files\Oracle\Java\javapath;C:\ProgramData\Oracle\Java\javapath;C:\WINDOWS\system32;C:\WINDOWS;C:\WINDOWS\System32\Wbem;C:\WINDOWS\System32\WindowsPowerShell\v1.0\;C:\WINDOWS\System32\OpenSSH\;C:\Program Files (x86)\Microsoft SQL Server\150\DTS\Binn\;C:\Program Files\Microsoft SQL Server\Client SDK\ODBC\130\Tools\Binn\;C:\Program Files (x86)\Microsoft SQL Server\140\Tools\Binn\;C:\Program Files\Microsoft SQL Server\140\Tools\Binn\;C:\Program Files\Microsoft SQL Server\140\DTS\Binn\;C:\Program Files\dotnet\;C:\Program Files\Microsoft SQL Server\130\Tools\Binn\;C:\Program Files\Microsoft SQL Server\Client SDK\ODBC\170\Tools\Binn\;C:\Program Files\nodejs\;C:\ProgramData\chocolatey\bin;C:\Program Files (x86)\MySQL;C:\Program Files\MySQL;D:\JavaCV\opencv\build\x64\vc14\bin;C:\Users\willi_bg\AppData\Local\Microsoft\WindowsApps;C:\Users\willi_bg\AppData\Local\Programs\Git\cmd
USERNAME=willi_bg
OS=Windows_NT
PROCESSOR_IDENTIFIER=Intel64 Family 6 Model 58 Stepping 9, GenuineIntel



---------------  S Y S T E M  ---------------

OS: Windows 10.0 , 64 bit Build 18362 (10.0.18362.1110)

CPU:total 8 (4 cores per cpu, 2 threads per core) family 6 model 58 stepping 9, cmov, cx8, fxsr, mmx, sse, sse2, sse3, ssse3, sse4.1, sse4.2, popcnt, avx, aes, clmul, erms, ht, tsc, tscinvbit, tscinv

Memory: 4k page, physical 16661892k(10534820k free), swap 22166916k(15096788k free)

vm_info: Java HotSpot(TM) 64-Bit Server VM (25.111-b14) for windows-amd64 JRE (1.8.0_111-b14), built on Sep 22 2016 19:24:05 by "java_re" with MS VC++ 10.0 (VS2010)

time: Fri Oct 23 08:09:04 2020
elapsed time: 8 seconds (0d 0h 0m 8s)

