#
# A fatal error has been detected by the Java Runtime Environment:
#
#  EXCEPTION_ACCESS_VIOLATION (0xc0000005) at pc=0x00007ffd569672a6, pid=15988, tid=0x0000000000002138
#
# JRE version: Java(TM) SE Runtime Environment (8.0_111-b14) (build 1.8.0_111-b14)
# Java VM: Java HotSpot(TM) 64-Bit Server VM (25.111-b14 mixed mode windows-amd64 compressed oops)
# Problematic frame:
# C  [ntdll.dll+0x72a6]
#
# Failed to write core dump. Minidumps are not enabled by default on client versions of Windows
#
# If you would like to submit a bug report, please visit:
#   http://bugreport.java.com/bugreport/crash.jsp
# The crash happened outside the Java Virtual Machine in native code.
# See problematic frame for where to report the bug.
#

---------------  T H R E A D  ---------------

Current thread (0x000000001f4c5000):  JavaThread "Thread-2" [_thread_in_native, id=8504, stack(0x0000000021390000,0x0000000021490000)]

siginfo: ExceptionCode=0xc0000005, writing address 0x0000000000000024

Registers:
RAX=0x0000000000000000, RBX=0x000000001f701c58, RCX=0x000000001f701c58, RDX=0x00000000fffffffa
RSP=0x000000002148f170, RBP=0x00007ffcf004e600, RSI=0x0000000000000000, RDI=0x0000000000000000
R8 =0x0000000000000000, R9 =0x000000001f701c00, R10=0x0000000000000000, R11=0x0000000000000246
R12=0x0000000000000000, R13=0x00000000008ad000, R14=0x0000000000000001, R15=0x0000000000000000
RIP=0x00007ffd569672a6, EFLAGS=0x0000000000010213

Top of Stack: (sp=0x000000002148f170)
0x000000002148f170:   ffffffffffffffff 000000001f701c58
0x000000002148f180:   000000001bf99408 0000000000000000
0x000000002148f190:   000000002148f1a8 000000002148f1f0
0x000000002148f1a0:   000000002148f248 0000000002e97f9c
0x000000002148f1b0:   000000002148f100 00000000fffffffa
0x000000002148f1c0:   00000000008ad000 000000001bf9b280
0x000000002148f1d0:   0000000000000000 000000001bf99ff0
0x000000002148f1e0:   000000002148f248 000000002148f1e8
0x000000002148f1f0:   000000001bf9e788 000000002148f238
0x000000002148f200:   00002c7bf308f459 0000000000000000
0x000000002148f210:   000000001f4c5000 0000000000000001
0x000000002148f220:   0000000000000001 0000000000000001
0x000000002148f230:   0000000000000000 000000001f701c58
0x000000002148f240:   00007ffcf004e600 00007ffd5697b576
0x000000002148f250:   000000002148f290 000000001bf9b348
0x000000002148f260:   00000000fffffffa ffffffffff676980 

Instructions: (pc=0x00007ffd569672a6)
0x00007ffd56967286:   48 39 73 18 0f 84 d1 00 00 00 48 8b 03 48 83 f8
0x00007ffd56967296:   ff 0f 84 d1 00 00 00 44 8b fe 48 83 f8 ff 74 03
0x00007ffd569672a6:   ff 40 24 4c 8b 73 18 4c 8d 2d 44 82 15 00 bd 22
0x00007ffd569672b6:   17 00 00 e8 82 89 03 00 85 c0 0f 85 de 0b 0a 00 


Register to memory mapping:

RAX=0x0000000000000000 is an unknown value
RBX=0x000000001f701c58 is an unknown value
RCX=0x000000001f701c58 is an unknown value
RDX=0x00000000fffffffa is an unknown value
RSP=0x000000002148f170 is pointing into the stack for thread: 0x000000001f4c5000
RBP=0x00007ffcf004e600 is an unknown value
RSI=0x0000000000000000 is an unknown value
RDI=0x0000000000000000 is an unknown value
R8 =0x0000000000000000 is an unknown value
R9 =0x000000001f701c00 is an unknown value
R10=0x0000000000000000 is an unknown value
R11=0x0000000000000246 is an unknown value
R12=0x0000000000000000 is an unknown value
R13=0x00000000008ad000 is an unknown value
R14=0x0000000000000001 is an unknown value
R15=0x0000000000000000 is an unknown value


Stack: [0x0000000021390000,0x0000000021490000],  sp=0x000000002148f170,  free space=1020k
Native frames: (J=compiled Java code, j=interpreted, Vv=VM code, C=native code)
C  [ntdll.dll+0x72a6]
C  [ntdll.dll+0x1b576]
C  [ntdll.dll+0x1b3c0]
C  [opencv_highgui248.dll+0x15963]
C  [opencv_highgui248.dll+0x16946]
C  [opencv_highgui248.dll+0x10b2]
C  [jniopencv_highgui.dll+0x75d9]
C  0x0000000002af7f74

Java frames: (J=compiled Java code, j=interpreted, Vv=VM code)
j  com.googlecode.javacv.cpp.opencv_highgui.cvQueryFrame(Lcom/googlecode/javacv/cpp/opencv_highgui$CvCapture;)Lcom/googlecode/javacv/cpp/opencv_core$IplImage;+0
j  screens.StartProgram$2.run()V+127
v  ~StubRoutines::call_stub

---------------  P R O C E S S  ---------------

Java Threads: ( => current thread )
  0x000000001f86d000 JavaThread "AWT-EventQueue-0" [_thread_blocked, id=5308, stack(0x0000000023ab0000,0x0000000023bb0000)]
  0x000000001f86c000 JavaThread "AWT-Shutdown" [_thread_blocked, id=3620, stack(0x0000000023680000,0x0000000023780000)]
  0x000000001f517800 JavaThread "mysql-cj-abandoned-connection-cleanup" daemon [_thread_blocked, id=14192, stack(0x0000000021590000,0x0000000021690000)]
=>0x000000001f4c5000 JavaThread "Thread-2" [_thread_in_native, id=8504, stack(0x0000000021390000,0x0000000021490000)]
  0x00000000010fd800 JavaThread "DestroyJavaVM" [_thread_blocked, id=12448, stack(0x00000000028e0000,0x00000000029e0000)]
  0x000000001f3d7000 JavaThread "AWT-Windows" daemon [_thread_in_native, id=16040, stack(0x000000001fd50000,0x000000001fe50000)]
  0x000000001f3d4800 JavaThread "Java2D Disposer" daemon [_thread_blocked, id=8412, stack(0x000000001fb50000,0x000000001fc50000)]
  0x000000001e4ad000 JavaThread "Service Thread" daemon [_thread_blocked, id=5260, stack(0x000000001eff0000,0x000000001f0f0000)]
  0x000000001e41e000 JavaThread "C1 CompilerThread3" daemon [_thread_blocked, id=14088, stack(0x000000001eef0000,0x000000001eff0000)]
  0x000000001e410000 JavaThread "C2 CompilerThread2" daemon [_thread_blocked, id=11412, stack(0x000000001edf0000,0x000000001eef0000)]
  0x000000001e40d800 JavaThread "C2 CompilerThread1" daemon [_thread_blocked, id=14016, stack(0x000000001ecf0000,0x000000001edf0000)]
  0x000000001e408800 JavaThread "C2 CompilerThread0" daemon [_thread_blocked, id=944, stack(0x000000001ebf0000,0x000000001ecf0000)]
  0x000000001e407000 JavaThread "Attach Listener" daemon [_thread_blocked, id=9740, stack(0x000000001eaf0000,0x000000001ebf0000)]
  0x000000001e406000 JavaThread "Signal Dispatcher" daemon [_thread_blocked, id=4068, stack(0x000000001e9f0000,0x000000001eaf0000)]
  0x0000000002add800 JavaThread "Finalizer" daemon [_thread_blocked, id=7768, stack(0x000000001e7e0000,0x000000001e8e0000)]
  0x0000000002ad4000 JavaThread "Reference Handler" daemon [_thread_blocked, id=3060, stack(0x000000001e2e0000,0x000000001e3e0000)]

Other Threads:
  0x000000001c4f9800 VMThread [stack: 0x000000001e1e0000,0x000000001e2e0000] [id=2416]
  0x000000001e4d0800 WatcherThread [stack: 0x000000001f250000,0x000000001f350000] [id=15980]

VM state:not at safepoint (normal execution)

VM Mutex/Monitor currently owned by a thread: None

Heap:
 PSYoungGen      total 76288K, used 14317K [0x000000076b400000, 0x0000000770900000, 0x00000007c0000000)
  eden space 65536K, 5% used [0x000000076b400000,0x000000076b77f5f8,0x000000076f400000)
  from space 10752K, 99% used [0x000000076fe80000,0x00000007708fc1b0,0x0000000770900000)
  to   space 10752K, 0% used [0x000000076f400000,0x000000076f400000,0x000000076fe80000)
 ParOldGen       total 175104K, used 5575K [0x00000006c1c00000, 0x00000006cc700000, 0x000000076b400000)
  object space 175104K, 3% used [0x00000006c1c00000,0x00000006c2171e80,0x00000006cc700000)
 Metaspace       used 17035K, capacity 17334K, committed 17664K, reserved 1064960K
  class space    used 2105K, capacity 2185K, committed 2304K, reserved 1048576K

Card table byte_map: [0x0000000011ea0000,0x00000000126a0000] byte_map_base: 0x000000000e892000

Marking Bits: (ParMarkBitMap*) 0x000000007322a6c0
 Begin Bits: [0x00000000133f0000, 0x0000000017380000)
 End Bits:   [0x0000000017380000, 0x000000001b310000)

Polling page: 0x0000000000be0000

CodeCache: size=245760Kb used=4151Kb max_used=4151Kb free=241608Kb
 bounds [0x0000000002ae0000, 0x0000000002ef0000, 0x0000000011ae0000]
 total_blobs=1785 nmethods=1197 adapters=501
 compilation: enabled

Compilation events (10 events):
Event: 5.287 Thread 0x000000001e41e000 1191       3       java.awt.event.MouseEvent::getModifiersEx (29 bytes)
Event: 5.288 Thread 0x000000001e41e000 nmethod 1191 0x0000000002eedfd0 code [0x0000000002eee140, 0x0000000002eee3a8]
Event: 5.303 Thread 0x000000001e41e000 1192       3       java.util.concurrent.locks.LockSupport::setBlocker (12 bytes)
Event: 5.303 Thread 0x000000001e41e000 nmethod 1192 0x0000000002eee450 code [0x0000000002eee5a0, 0x0000000002eee6f0]
Event: 5.327 Thread 0x000000001e41e000 1193       3       java.util.concurrent.locks.AbstractQueuedSynchronizer::isOnSyncQueue (33 bytes)
Event: 5.327 Thread 0x000000001e41e000 nmethod 1193 0x0000000002eee750 code [0x0000000002eee8c0, 0x0000000002eeec70]
Event: 5.367 Thread 0x000000001e41e000 1194       1       java.awt.event.MouseEvent::getClickCount (5 bytes)
Event: 5.368 Thread 0x000000001e41e000 nmethod 1194 0x0000000002eeedd0 code [0x0000000002eeef20, 0x0000000002eef030]
Event: 5.434 Thread 0x000000001e41e000 1195       1       sun.awt.image.BufImgVolatileSurfaceManager::isAccelerationEnabled (2 bytes)
Event: 5.434 Thread 0x000000001e41e000 nmethod 1195 0x0000000002eef090 code [0x0000000002eef1e0, 0x0000000002eef2f0]

GC Heap History (4 events):
Event: 3.320 GC heap before
{Heap before GC invocations=1 (full 0):
 PSYoungGen      total 76288K, used 65500K [0x000000076b400000, 0x0000000770900000, 0x00000007c0000000)
  eden space 65536K, 99% used [0x000000076b400000,0x000000076f3f73d8,0x000000076f400000)
  from space 10752K, 0% used [0x000000076fe80000,0x000000076fe80000,0x0000000770900000)
  to   space 10752K, 0% used [0x000000076f400000,0x000000076f400000,0x000000076fe80000)
 ParOldGen       total 175104K, used 0K [0x00000006c1c00000, 0x00000006cc700000, 0x000000076b400000)
  object space 175104K, 0% used [0x00000006c1c00000,0x00000006c1c00000,0x00000006cc700000)
 Metaspace       used 16179K, capacity 16440K, committed 16768K, reserved 1064960K
  class space    used 1990K, capacity 2080K, committed 2176K, reserved 1048576K
Event: 3.326 GC heap after
Heap after GC invocations=1 (full 0):
 PSYoungGen      total 76288K, used 10732K [0x000000076b400000, 0x0000000770900000, 0x00000007c0000000)
  eden space 65536K, 0% used [0x000000076b400000,0x000000076b400000,0x000000076f400000)
  from space 10752K, 99% used [0x000000076f400000,0x000000076fe7b0b0,0x000000076fe80000)
  to   space 10752K, 0% used [0x000000076fe80000,0x000000076fe80000,0x0000000770900000)
 ParOldGen       total 175104K, used 2770K [0x00000006c1c00000, 0x00000006cc700000, 0x000000076b400000)
  object space 175104K, 1% used [0x00000006c1c00000,0x00000006c1eb49b0,0x00000006cc700000)
 Metaspace       used 16179K, capacity 16440K, committed 16768K, reserved 1064960K
  class space    used 1990K, capacity 2080K, committed 2176K, reserved 1048576K
}
Event: 5.496 GC heap before
{Heap before GC invocations=2 (full 0):
 PSYoungGen      total 76288K, used 75413K [0x000000076b400000, 0x0000000770900000, 0x00000007c0000000)
  eden space 65536K, 98% used [0x000000076b400000,0x000000076f32a3c0,0x000000076f400000)
  from space 10752K, 99% used [0x000000076f400000,0x000000076fe7b0b0,0x000000076fe80000)
  to   space 10752K, 0% used [0x000000076fe80000,0x000000076fe80000,0x0000000770900000)
 ParOldGen       total 175104K, used 2770K [0x00000006c1c00000, 0x00000006cc700000, 0x000000076b400000)
  object space 175104K, 1% used [0x00000006c1c00000,0x00000006c1eb49b0,0x00000006cc700000)
 Metaspace       used 17034K, capacity 17334K, committed 17664K, reserved 1064960K
  class space    used 2105K, capacity 2185K, committed 2304K, reserved 1048576K
Event: 5.500 GC heap after
Heap after GC invocations=2 (full 0):
 PSYoungGen      total 76288K, used 10736K [0x000000076b400000, 0x0000000770900000, 0x00000007c0000000)
  eden space 65536K, 0% used [0x000000076b400000,0x000000076b400000,0x000000076f400000)
  from space 10752K, 99% used [0x000000076fe80000,0x00000007708fc1b0,0x0000000770900000)
  to   space 10752K, 0% used [0x000000076f400000,0x000000076f400000,0x000000076fe80000)
 ParOldGen       total 175104K, used 5575K [0x00000006c1c00000, 0x00000006cc700000, 0x000000076b400000)
  object space 175104K, 3% used [0x00000006c1c00000,0x00000006c2171e80,0x00000006cc700000)
 Metaspace       used 17034K, capacity 17334K, committed 17664K, reserved 1064960K
  class space    used 2105K, capacity 2185K, committed 2304K, reserved 1048576K
}

Deoptimization events (10 events):
Event: 0.708 Thread 0x000000001f4c5000 Uncommon trap: reason=class_check action=maybe_recompile pc=0x0000000002d5dd70 method=java.util.HashMap.putVal(ILjava/lang/Object;Ljava/lang/Object;ZZ)Ljava/lang/Object; @ 253
Event: 0.708 Thread 0x000000001f4c5000 Uncommon trap: reason=class_check action=maybe_recompile pc=0x0000000002d5dd70 method=java.util.HashMap.putVal(ILjava/lang/Object;Ljava/lang/Object;ZZ)Ljava/lang/Object; @ 253
Event: 0.711 Thread 0x000000001f4c5000 Uncommon trap: reason=class_check action=maybe_recompile pc=0x0000000002d5dd70 method=java.util.HashMap.putVal(ILjava/lang/Object;Ljava/lang/Object;ZZ)Ljava/lang/Object; @ 253
Event: 0.711 Thread 0x000000001f4c5000 Uncommon trap: reason=class_check action=maybe_recompile pc=0x0000000002d60a84 method=java.util.HashMap.putVal(ILjava/lang/Object;Ljava/lang/Object;ZZ)Ljava/lang/Object; @ 253
Event: 2.056 Thread 0x000000001f4c5000 Uncommon trap: reason=unstable_if action=reinterpret pc=0x0000000002e3cb14 method=com.googlecode.javacv.cpp.opencv_core$IplImage.flipCopyWithGamma(Ljava/nio/ByteBuffer;ILjava/nio/ByteBuffer;IZDZI)V @ 50
Event: 3.810 Thread 0x000000001f86d000 Uncommon trap: reason=unstable_if action=reinterpret pc=0x0000000002da0b08 method=java.util.HashMap.putVal(ILjava/lang/Object;Ljava/lang/Object;ZZ)Ljava/lang/Object; @ 109
Event: 3.811 Thread 0x000000001f86d000 Uncommon trap: reason=unstable_if action=reinterpret pc=0x0000000002e1ef94 method=java.awt.MultipleGradientPaintContext.indexIntoGradientsArrays(F)I @ 93
Event: 4.975 Thread 0x000000001f86d000 Uncommon trap: reason=class_check action=maybe_recompile pc=0x0000000002c6f450 method=java.lang.String.equals(Ljava/lang/Object;)Z @ 8
Event: 4.975 Thread 0x000000001f86d000 Uncommon trap: reason=class_check action=maybe_recompile pc=0x0000000002c6f450 method=java.lang.String.equals(Ljava/lang/Object;)Z @ 8
Event: 4.975 Thread 0x000000001f86d000 Uncommon trap: reason=class_check action=maybe_recompile pc=0x0000000002c6f450 method=java.lang.String.equals(Ljava/lang/Object;)Z @ 8

Internal exceptions (10 events):
Event: 0.251 Thread 0x00000000010fd800 Exception <a 'java/lang/ClassNotFoundException': ToggleButton> (0x000000076b96c938) thrown at [C:\re\workspace\8-2-build-windows-amd64-cygwin\jdk8u111\7883\hotspot\src\share\vm\classfile\systemDictionary.cpp, line 210]
Event: 0.251 Thread 0x00000000010fd800 Exception <a 'java/lang/ClassNotFoundException': javax/swing/JToolBarSeparator> (0x000000076b96cd98) thrown at [C:\re\workspace\8-2-build-windows-amd64-cygwin\jdk8u111\7883\hotspot\src\share\vm\classfile\systemDictionary.cpp, line 210]
Event: 0.251 Thread 0x00000000010fd800 Exception <a 'java/lang/ClassNotFoundException': ToolBarSeparator> (0x000000076b96d230) thrown at [C:\re\workspace\8-2-build-windows-amd64-cygwin\jdk8u111\7883\hotspot\src\share\vm\classfile\systemDictionary.cpp, line 210]
Event: 0.251 Thread 0x00000000010fd800 Exception <a 'java/lang/ClassNotFoundException': ToolTip> (0x000000076b96d970) thrown at [C:\re\workspace\8-2-build-windows-amd64-cygwin\jdk8u111\7883\hotspot\src\share\vm\classfile\systemDictionary.cpp, line 210]
Event: 0.252 Thread 0x00000000010fd800 Exception <a 'java/lang/ClassNotFoundException': Tree> (0x000000076b96e590) thrown at [C:\re\workspace\8-2-build-windows-amd64-cygwin\jdk8u111\7883\hotspot\src\share\vm\classfile\systemDictionary.cpp, line 210]
Event: 0.252 Thread 0x00000000010fd800 Exception <a 'java/lang/ClassNotFoundException': Tree> (0x000000076b96ecd0) thrown at [C:\re\workspace\8-2-build-windows-amd64-cygwin\jdk8u111\7883\hotspot\src\share\vm\classfile\systemDictionary.cpp, line 210]
Event: 0.252 Thread 0x00000000010fd800 Exception <a 'java/lang/ClassNotFoundException': javax/swing/JTreeCell> (0x000000076b96f050) thrown at [C:\re\workspace\8-2-build-windows-amd64-cygwin\jdk8u111\7883\hotspot\src\share\vm\classfile\systemDictionary.cpp, line 210]
Event: 0.252 Thread 0x00000000010fd800 Exception <a 'java/lang/ClassNotFoundException': TreeCell> (0x000000076b96f4d8) thrown at [C:\re\workspace\8-2-build-windows-amd64-cygwin\jdk8u111\7883\hotspot\src\share\vm\classfile\systemDictionary.cpp, line 210]
Event: 0.253 Thread 0x00000000010fd800 Exception <a 'java/lang/ClassNotFoundException': RootPane> (0x000000076b96ff38) thrown at [C:\re\workspace\8-2-build-windows-amd64-cygwin\jdk8u111\7883\hotspot\src\share\vm\classfile\systemDictionary.cpp, line 210]
Event: 0.697 Thread 0x000000001f4c5000 Implicit null exception at 0x0000000002d4b6e5 to 0x0000000002d4be41

Events (10 events):
Event: 4.975 Thread 0x000000001f86d000 Uncommon trap: trap_request=0xffffffde fr.pc=0x0000000002c6f450
Event: 4.975 Thread 0x000000001f86d000 DEOPT PACKING pc=0x0000000002c6f450 sp=0x0000000023ba8e40
Event: 4.975 Thread 0x000000001f86d000 DEOPT UNPACKING pc=0x0000000002b2582a sp=0x0000000023ba8dd0 mode 2
Event: 4.976 loading class java/awt/KeyboardFocusManager$2
Event: 4.976 loading class java/awt/KeyboardFocusManager$2 done
Event: 4.977 loading class sun/awt/SunToolkit$1
Event: 4.977 loading class sun/awt/SunToolkit$1 done
Event: 5.428 Thread 0x000000001f4b8800 Thread exited: 0x000000001f4b8800
Event: 5.496 Executing VM operation: ParallelGCFailedAllocation
Event: 5.501 Executing VM operation: ParallelGCFailedAllocation done


Dynamic libraries:
0x00007ff671970000 - 0x00007ff6719a7000 	C:\Program Files\Java\jdk1.8.0_111\bin\java.exe
0x00007ffd56960000 - 0x00007ffd56b50000 	C:\WINDOWS\SYSTEM32\ntdll.dll
0x00007ffd54fc0000 - 0x00007ffd55072000 	C:\WINDOWS\System32\KERNEL32.DLL
0x00007ffd54640000 - 0x00007ffd548e5000 	C:\WINDOWS\System32\KERNELBASE.dll
0x00007ffd54e70000 - 0x00007ffd54f13000 	C:\WINDOWS\System32\ADVAPI32.dll
0x00007ffd564c0000 - 0x00007ffd5655e000 	C:\WINDOWS\System32\msvcrt.dll
0x00007ffd54f20000 - 0x00007ffd54fb7000 	C:\WINDOWS\System32\sechost.dll
0x00007ffd55100000 - 0x00007ffd55220000 	C:\WINDOWS\System32\RPCRT4.dll
0x00007ffd559d0000 - 0x00007ffd55b64000 	C:\WINDOWS\System32\USER32.dll
0x00007ffd53950000 - 0x00007ffd53971000 	C:\WINDOWS\System32\win32u.dll
0x00007ffd55b70000 - 0x00007ffd55b96000 	C:\WINDOWS\System32\GDI32.dll
0x00007ffd54480000 - 0x00007ffd54616000 	C:\WINDOWS\System32\gdi32full.dll
0x00007ffd548f0000 - 0x00007ffd5498e000 	C:\WINDOWS\System32\msvcp_win.dll
0x00007ffd54330000 - 0x00007ffd5442a000 	C:\WINDOWS\System32\ucrtbase.dll
0x00007ffd3fdc0000 - 0x00007ffd40044000 	C:\WINDOWS\WinSxS\amd64_microsoft.windows.common-controls_6595b64144ccf1df_6.0.18362.1139_none_9e7bf2d3e4605ac6\COMCTL32.dll
0x00007ffd56560000 - 0x00007ffd56895000 	C:\WINDOWS\System32\combase.dll
0x00007ffd54990000 - 0x00007ffd54a10000 	C:\WINDOWS\System32\bcryptPrimitives.dll
0x00007ffd54e40000 - 0x00007ffd54e6e000 	C:\WINDOWS\System32\IMM32.DLL
0x0000000072930000 - 0x0000000072a02000 	C:\Program Files\Java\jdk1.8.0_111\jre\bin\msvcr100.dll
0x0000000072a10000 - 0x00000000732aa000 	C:\Program Files\Java\jdk1.8.0_111\jre\bin\server\jvm.dll
0x00007ffd55220000 - 0x00007ffd55228000 	C:\WINDOWS\System32\PSAPI.DLL
0x00007ffd42780000 - 0x00007ffd42789000 	C:\WINDOWS\SYSTEM32\WSOCK32.dll
0x00007ffd506d0000 - 0x00007ffd506f4000 	C:\WINDOWS\SYSTEM32\WINMM.dll
0x00007ffd4bcd0000 - 0x00007ffd4bcda000 	C:\WINDOWS\SYSTEM32\VERSION.dll
0x00007ffd55080000 - 0x00007ffd550ef000 	C:\WINDOWS\System32\WS2_32.dll
0x00007ffd506a0000 - 0x00007ffd506cd000 	C:\WINDOWS\SYSTEM32\winmmbase.dll
0x00007ffd54430000 - 0x00007ffd5447a000 	C:\WINDOWS\System32\cfgmgr32.dll
0x00000000728e0000 - 0x00000000728ef000 	C:\Program Files\Java\jdk1.8.0_111\jre\bin\verify.dll
0x00000000728b0000 - 0x00000000728d9000 	C:\Program Files\Java\jdk1.8.0_111\jre\bin\java.dll
0x0000000072890000 - 0x00000000728a6000 	C:\Program Files\Java\jdk1.8.0_111\jre\bin\zip.dll
0x00007ffd55dd0000 - 0x00007ffd564b7000 	C:\WINDOWS\System32\SHELL32.dll
0x00007ffd54ae0000 - 0x00007ffd54b89000 	C:\WINDOWS\System32\shcore.dll
0x00007ffd53bb0000 - 0x00007ffd54330000 	C:\WINDOWS\System32\windows.storage.dll
0x00007ffd53830000 - 0x00007ffd53853000 	C:\WINDOWS\System32\profapi.dll
0x00007ffd53880000 - 0x00007ffd538ca000 	C:\WINDOWS\System32\powrprof.dll
0x00007ffd53820000 - 0x00007ffd53830000 	C:\WINDOWS\System32\UMPDC.dll
0x00007ffd54ce0000 - 0x00007ffd54d32000 	C:\WINDOWS\System32\shlwapi.dll
0x00007ffd538d0000 - 0x00007ffd538e1000 	C:\WINDOWS\System32\kernel.appcore.dll
0x00007ffd54620000 - 0x00007ffd54637000 	C:\WINDOWS\System32\cryptsp.dll
0x00000000726b0000 - 0x0000000072848000 	C:\Program Files\Java\jdk1.8.0_111\jre\bin\awt.dll
0x00007ffd55230000 - 0x00007ffd552f5000 	C:\WINDOWS\System32\OLEAUT32.dll
0x00007ffd507d0000 - 0x00007ffd5085f000 	C:\WINDOWS\SYSTEM32\apphelp.dll
0x00007ffd508c0000 - 0x00007ffd50959000 	C:\WINDOWS\system32\uxtheme.dll
0x00007ffd54ba0000 - 0x00007ffd54cd5000 	C:\WINDOWS\System32\MSCTF.dll
0x00007ffd55c70000 - 0x00007ffd55dc7000 	C:\WINDOWS\System32\ole32.dll
0x00007ffd51260000 - 0x00007ffd5128d000 	C:\WINDOWS\system32\DWMAPI.DLL
0x0000000072660000 - 0x00000000726a7000 	C:\Program Files\Java\jdk1.8.0_111\jre\bin\fontmanager.dll
0x00007ffd33570000 - 0x00007ffd3360e000 	C:\WINDOWS\System32\TextInputFramework.dll
0x00007ffd4c580000 - 0x00007ffd4c8aa000 	C:\WINDOWS\System32\CoreUIComponents.dll
0x00007ffd4fc50000 - 0x00007ffd4fd24000 	C:\WINDOWS\System32\CoreMessaging.dll
0x00007ffd52860000 - 0x00007ffd52891000 	C:\WINDOWS\SYSTEM32\ntmarta.dll
0x00007ffd4f1b0000 - 0x00007ffd4f303000 	C:\WINDOWS\SYSTEM32\wintypes.dll
0x0000000072870000 - 0x000000007288a000 	C:\Program Files\Java\jdk1.8.0_111\jre\bin\net.dll
0x00007ffd53010000 - 0x00007ffd53077000 	C:\WINDOWS\system32\mswsock.dll
0x00007ffd52d60000 - 0x00007ffd52e2b000 	C:\WINDOWS\SYSTEM32\DNSAPI.dll
0x00007ffd550f0000 - 0x00007ffd550f8000 	C:\WINDOWS\System32\NSI.dll
0x00007ffd52d20000 - 0x00007ffd52d5a000 	C:\WINDOWS\SYSTEM32\IPHLPAPI.DLL
0x00007ffd48ae0000 - 0x00007ffd48aea000 	C:\Windows\System32\rasadhlp.dll
0x00007ffd4c500000 - 0x00007ffd4c577000 	C:\WINDOWS\System32\fwpuclnt.dll
0x00007ffd53a30000 - 0x00007ffd53a56000 	C:\WINDOWS\System32\bcrypt.dll
0x0000000074250000 - 0x0000000074321000 	C:\Users\willi_bg\AppData\Local\Temp\javacpp2251528492100\msvcr100.dll
0x00000000741b0000 - 0x0000000074248000 	C:\Users\willi_bg\AppData\Local\Temp\javacpp2251528492100\msvcp100.dll
0x0000000066840000 - 0x00000000676b4000 	C:\Users\willi_bg\AppData\Local\Temp\javacpp2251528492100\opencv_ffmpeg248_64.dll
0x00007ffcf0330000 - 0x00007ffcf05a2000 	C:\Users\willi_bg\AppData\Local\Temp\javacpp2251528492100\opencv_core248.dll
0x00007ffcf0070000 - 0x00007ffcf0322000 	C:\Users\willi_bg\AppData\Local\Temp\javacpp2251528492100\opencv_imgproc248.dll
0x00007ffcefe20000 - 0x00007ffcf006d000 	C:\Users\willi_bg\AppData\Local\Temp\javacpp2251528492100\opencv_highgui248.dll
0x00007ffd505d0000 - 0x00007ffd505e8000 	C:\WINDOWS\SYSTEM32\AVICAP32.dll
0x00007ffd505f0000 - 0x00007ffd50610000 	C:\WINDOWS\SYSTEM32\AVIFIL32.dll
0x00007ffd4cfd0000 - 0x00007ffd4cff9000 	C:\WINDOWS\SYSTEM32\MSVFW32.dll
0x00007ffd39580000 - 0x00007ffd3959c000 	C:\WINDOWS\SYSTEM32\MSACM32.dll
0x00007ffd34bb0000 - 0x00007ffd34bc3000 	C:\Users\willi_bg\AppData\Local\Temp\javacpp2251528492100\jniopencv_highgui.dll
0x00007ffd55920000 - 0x00007ffd559c2000 	C:\WINDOWS\System32\clbcatq.dll
0x00007ffd1fd50000 - 0x00007ffd1fd68000 	C:\Windows\System32\devenum.dll
0x00007ffd55300000 - 0x00007ffd55770000 	C:\WINDOWS\System32\setupapi.dll
0x00007ffd535b0000 - 0x00007ffd535da000 	C:\WINDOWS\SYSTEM32\DEVOBJ.dll
0x00007ffd538f0000 - 0x00007ffd5394c000 	C:\WINDOWS\System32\WINTRUST.dll
0x00007ffd53860000 - 0x00007ffd53872000 	C:\WINDOWS\System32\MSASN1.dll
0x00007ffd53a60000 - 0x00007ffd53ba9000 	C:\WINDOWS\System32\CRYPT32.dll
0x00007ffd50670000 - 0x00007ffd5067b000 	C:\WINDOWS\SYSTEM32\msdmo.dll
0x00007ffd1e9f0000 - 0x00007ffd1ea24000 	C:\Windows\System32\qcap.dll
0x00007ffcfa080000 - 0x00007ffcfa244000 	C:\Windows\System32\quartz.dll
0x00007ffd1da20000 - 0x00007ffd1da6c000 	C:\Windows\System32\mfksproxy.dll
0x00007ffd381e0000 - 0x00007ffd381fc000 	C:\Windows\System32\ATL.DLL
0x00007ffd4e130000 - 0x00007ffd4e32a000 	C:\Windows\System32\MFPlat.DLL
0x00007ffd4e4d0000 - 0x00007ffd4e4ff000 	C:\Windows\System32\RTWorkQ.DLL
0x00007ffd1d970000 - 0x00007ffd1d9cc000 	C:\Windows\System32\MFSENSORGROUP.dll
0x00007ffd1d540000 - 0x00007ffd1d58d000 	C:\Windows\System32\ksproxy.ax
0x00007ffd4d910000 - 0x00007ffd4d919000 	C:\Windows\System32\ksuser.dll
0x00007ffd12d30000 - 0x00007ffd12ef7000 	C:\Windows\System32\d3d9.dll
0x00007ffd524e0000 - 0x00007ffd52500000 	C:\WINDOWS\SYSTEM32\dxcore.dll
0x00007ffd4dd90000 - 0x00007ffd4de18000 	C:\WINDOWS\SYSTEM32\policymanager.dll
0x00007ffd4f550000 - 0x00007ffd4f5da000 	C:\Windows\System32\msvcp110_win.dll
0x00007ffd505c0000 - 0x00007ffd505cd000 	C:\Windows\System32\vidcap.ax
0x00007ffd1fd20000 - 0x00007ffd1fd46000 	C:\Windows\System32\kswdmcap.ax
0x00007ffcefcb0000 - 0x00007ffcefe12000 	C:\Windows\System32\MFC42.dll
0x00007ffd155c0000 - 0x00007ffd15661000 	C:\Windows\System32\qedit.dll
0x00007ffd55ba0000 - 0x00007ffd55c70000 	C:\WINDOWS\System32\COMDLG32.dll
0x00007ffd39a00000 - 0x00007ffd39ba3000 	C:\WINDOWS\WinSxS\amd64_microsoft.windows.gdiplus_6595b64144ccf1df_1.1.18362.1139_none_cf66e5b93ef2d494\gdiplus.dll
0x00007ffcf5b80000 - 0x00007ffcf5c77000 	C:\Windows\System32\DDRAW.dll
0x00007ffd50560000 - 0x00007ffd50568000 	C:\Windows\System32\DCIMAN32.dll
0x00007ffd52500000 - 0x00007ffd525eb000 	C:\Windows\System32\dxgi.dll
0x00007ffd4d300000 - 0x00007ffd4d340000 	C:\Windows\System32\CapabilityAccessManagerClient.dll
0x00007ffd07220000 - 0x00007ffd072ba000 	C:\Users\willi_bg\AppData\Local\Temp\javacpp2251528492100\jniopencv_core.dll
0x00000000725d0000 - 0x00000000725fa000 	C:\Program Files\Java\jdk1.8.0_111\jre\bin\dcpr.dll
0x0000000072850000 - 0x0000000072861000 	C:\Program Files\Java\jdk1.8.0_111\jre\bin\nio.dll
0x0000000072610000 - 0x0000000072652000 	C:\Program Files\Java\jdk1.8.0_111\jre\bin\t2k.dll
0x00007ffd44d50000 - 0x00007ffd44ff7000 	C:\WINDOWS\System32\iertutil.dll
0x00007ffd51e40000 - 0x00007ffd52034000 	C:\WINDOWS\SYSTEM32\dbghelp.dll

VM Arguments:
jvm_args: -Dfile.encoding=UTF-8 -Djava.library.path=C:\opencv310\build\java\x64 
java_command: screens.StartProgram
java_class_path (initial): D:\JavaCV\javacv-bin\javacpp.jar;D:\JavaCV\javacv-bin\javacv-windows-x86_64.jar;D:\JavaCV\javacv-bin\javacv.jar;D:\JavaCV\javacv-cppjars\ffmpeg-2.1.1-windows-x86_64.jar;D:\JavaCV\javacv-cppjars\opencv-2.4.8-windows-x86_64.jar;C:\Users\willi\Downloads\mysql-connector-java-8.0.18\mysql-connector-java-8.0.18.jar;D:\Programing\TirarFoto\build\classes
Launcher Type: SUN_STANDARD

Environment Variables:
PATH=C:\Program Files (x86)\Common Files\Intel\Shared Libraries\redist\intel64\compiler;C:\Program Files\ImageMagick-7.0.10-Q16;C:\Python38\Scripts\;C:\Python38\;C:\Program Files (x86)\Common Files\Oracle\Java\javapath;C:\ProgramData\Oracle\Java\javapath;C:\WINDOWS\system32;C:\WINDOWS;C:\WINDOWS\System32\Wbem;C:\WINDOWS\System32\WindowsPowerShell\v1.0\;C:\WINDOWS\System32\OpenSSH\;C:\Program Files (x86)\Microsoft SQL Server\150\DTS\Binn\;C:\Program Files\Microsoft SQL Server\Client SDK\ODBC\130\Tools\Binn\;C:\Program Files (x86)\Microsoft SQL Server\140\Tools\Binn\;C:\Program Files\Microsoft SQL Server\140\Tools\Binn\;C:\Program Files\Microsoft SQL Server\140\DTS\Binn\;C:\Program Files\dotnet\;C:\Program Files\Microsoft SQL Server\130\Tools\Binn\;C:\Program Files\Microsoft SQL Server\Client SDK\ODBC\170\Tools\Binn\;C:\Program Files\nodejs\;C:\ProgramData\chocolatey\bin;C:\Program Files (x86)\MySQL;C:\Program Files\MySQL;D:\JavaCV\opencv\build\x64\vc14\bin;C:\Users\willi_bg\AppData\Local\Microsoft\WindowsApps;C:\Users\willi_bg\AppData\Local\Programs\Git\cmd
USERNAME=willi_bg
OS=Windows_NT
PROCESSOR_IDENTIFIER=Intel64 Family 6 Model 58 Stepping 9, GenuineIntel



---------------  S Y S T E M  ---------------

OS: Windows 10.0 , 64 bit Build 18362 (10.0.18362.1110)

CPU:total 8 (4 cores per cpu, 2 threads per core) family 6 model 58 stepping 9, cmov, cx8, fxsr, mmx, sse, sse2, sse3, ssse3, sse4.1, sse4.2, popcnt, avx, aes, clmul, erms, ht, tsc, tscinvbit, tscinv

Memory: 4k page, physical 16661892k(10505192k free), swap 22166916k(15040476k free)

vm_info: Java HotSpot(TM) 64-Bit Server VM (25.111-b14) for windows-amd64 JRE (1.8.0_111-b14), built on Sep 22 2016 19:24:05 by "java_re" with MS VC++ 10.0 (VS2010)

time: Fri Oct 23 08:09:59 2020
elapsed time: 5 seconds (0d 0h 0m 5s)

